<?xml version="1.0" encoding="UTF-8"?>
<coverage generated="1740694174307" clover="3.2.0">
  <project timestamp="1740694174307" name="All files">
    <metrics statements="421" coveredstatements="337" conditionals="163" coveredconditionals="118" methods="46" coveredmethods="42" elements="630" coveredelements="497" complexity="0" loc="421" ncloc="421" packages="1" files="3" classes="3"/>
    <file name="app.js" path="C:\Users\teppi\OneDrive\Bureau\New folder (4)\ConnectKid\BACKEND\app.js">
      <metrics statements="273" coveredstatements="204" conditionals="142" coveredconditionals="106" methods="20" coveredmethods="18"/>
      <line num="8" count="1" type="stmt"/>
      <line num="10" count="1" type="stmt"/>
      <line num="11" count="1" type="stmt"/>
      <line num="13" count="1" type="stmt"/>
      <line num="15" count="1" type="stmt"/>
      <line num="16" count="1" type="stmt"/>
      <line num="18" count="1" type="stmt"/>
      <line num="19" count="10" type="stmt"/>
      <line num="20" count="10" type="stmt"/>
      <line num="21" count="10" type="stmt"/>
      <line num="22" count="10" type="cond" truecount="4" falsecount="0"/>
      <line num="23" count="1" type="stmt"/>
      <line num="25" count="9" type="stmt"/>
      <line num="26" count="9" type="stmt"/>
      <line num="27" count="9" type="stmt"/>
      <line num="28" count="9" type="cond" truecount="2" falsecount="0"/>
      <line num="29" count="1" type="stmt"/>
      <line num="31" count="8" type="stmt"/>
      <line num="33" count="8" type="stmt"/>
      <line num="34" count="8" type="stmt"/>
      <line num="35" count="8" type="stmt"/>
      <line num="42" count="0" type="stmt"/>
      <line num="43" count="0" type="stmt"/>
      <line num="47" count="1" type="stmt"/>
      <line num="48" count="4" type="stmt"/>
      <line num="49" count="4" type="cond" truecount="2" falsecount="0"/>
      <line num="50" count="3" type="stmt"/>
      <line num="51" count="3" type="cond" truecount="2" falsecount="0"/>
      <line num="52" count="1" type="stmt"/>
      <line num="54" count="2" type="stmt"/>
      <line num="55" count="2" type="stmt"/>
      <line num="56" count="1" type="cond" truecount="1" falsecount="1"/>
      <line num="57" count="0" type="stmt"/>
      <line num="59" count="1" type="stmt"/>
      <line num="63" count="1" type="stmt"/>
      <line num="64" count="1" type="stmt"/>
      <line num="69" count="1" type="stmt"/>
      <line num="70" count="7" type="stmt"/>
      <line num="71" count="7" type="cond" truecount="5" falsecount="0"/>
      <line num="72" count="1" type="stmt"/>
      <line num="75" count="6" type="stmt"/>
      <line num="76" count="6" type="stmt"/>
      <line num="77" count="6" type="cond" truecount="2" falsecount="0"/>
      <line num="78" count="1" type="stmt"/>
      <line num="80" count="5" type="stmt"/>
      <line num="81" count="5" type="stmt"/>
      <line num="82" count="5" type="stmt"/>
      <line num="83" count="5" type="stmt"/>
      <line num="91" count="0" type="stmt"/>
      <line num="92" count="0" type="stmt"/>
      <line num="96" count="1" type="stmt"/>
      <line num="97" count="2" type="stmt"/>
      <line num="99" count="2" type="stmt"/>
      <line num="100" count="2" type="cond" truecount="2" falsecount="0"/>
      <line num="101" count="1" type="stmt"/>
      <line num="103" count="1" type="stmt"/>
      <line num="104" count="1" type="stmt"/>
      <line num="105" count="1" type="cond" truecount="1" falsecount="1"/>
      <line num="106" count="0" type="stmt"/>
      <line num="108" count="1" type="stmt"/>
      <line num="109" count="1" type="cond" truecount="1" falsecount="1"/>
      <line num="110" count="0" type="stmt"/>
      <line num="112" count="1" type="stmt"/>
      <line num="113" count="1" type="cond" truecount="1" falsecount="1"/>
      <line num="114" count="0" type="stmt"/>
      <line num="116" count="1" type="stmt"/>
      <line num="117" count="1" type="cond" truecount="1" falsecount="1"/>
      <line num="118" count="0" type="stmt"/>
      <line num="120" count="1" type="stmt"/>
      <line num="127" count="0" type="stmt"/>
      <line num="128" count="0" type="stmt"/>
      <line num="132" count="1" type="stmt"/>
      <line num="133" count="4" type="stmt"/>
      <line num="134" count="4" type="stmt"/>
      <line num="135" count="4" type="cond" truecount="2" falsecount="0"/>
      <line num="136" count="3" type="stmt"/>
      <line num="137" count="3" type="cond" truecount="1" falsecount="1"/>
      <line num="138" count="0" type="stmt"/>
      <line num="140" count="3" type="stmt"/>
      <line num="141" count="3" type="cond" truecount="1" falsecount="1"/>
      <line num="142" count="0" type="stmt"/>
      <line num="149" count="3" type="stmt"/>
      <line num="150" count="3" type="stmt"/>
      <line num="151" count="3" type="cond" truecount="1" falsecount="1"/>
      <line num="152" count="0" type="stmt"/>
      <line num="154" count="3" type="stmt"/>
      <line num="155" count="3" type="stmt"/>
      <line num="156" count="3" type="cond" truecount="2" falsecount="2"/>
      <line num="157" count="0" type="stmt"/>
      <line num="159" count="3" type="stmt"/>
      <line num="161" count="3" type="stmt"/>
      <line num="170" count="0" type="cond" truecount="0" falsecount="2"/>
      <line num="171" count="0" type="stmt"/>
      <line num="173" count="0" type="stmt"/>
      <line num="174" count="0" type="stmt"/>
      <line num="178" count="1" type="stmt"/>
      <line num="179" count="0" type="stmt"/>
      <line num="180" count="0" type="cond" truecount="0" falsecount="2"/>
      <line num="181" count="0" type="stmt"/>
      <line num="182" count="0" type="cond" truecount="0" falsecount="2"/>
      <line num="183" count="0" type="stmt"/>
      <line num="185" count="0" type="stmt"/>
      <line num="186" count="0" type="stmt"/>
      <line num="187" count="0" type="cond" truecount="0" falsecount="2"/>
      <line num="188" count="0" type="stmt"/>
      <line num="190" count="0" type="stmt"/>
      <line num="194" count="0" type="stmt"/>
      <line num="195" count="0" type="stmt"/>
      <line num="200" count="1" type="stmt"/>
      <line num="201" count="6" type="stmt"/>
      <line num="202" count="6" type="cond" truecount="2" falsecount="0"/>
      <line num="203" count="5" type="stmt"/>
      <line num="204" count="5" type="stmt"/>
      <line num="205" count="5" type="stmt"/>
      <line num="206" count="5" type="cond" truecount="3" falsecount="1"/>
      <line num="207" count="0" type="stmt"/>
      <line num="211" count="5" type="stmt"/>
      <line num="212" count="5" type="cond" truecount="2" falsecount="0"/>
      <line num="213" count="1" type="stmt"/>
      <line num="216" count="4" type="cond" truecount="2" falsecount="0"/>
      <line num="217" count="2" type="stmt"/>
      <line num="219" count="2" type="stmt"/>
      <line num="221" count="2" type="cond" truecount="6" falsecount="0"/>
      <line num="222" count="1" type="stmt"/>
      <line num="226" count="1" type="stmt"/>
      <line num="227" count="1" type="cond" truecount="1" falsecount="1"/>
      <line num="228" count="0" type="stmt"/>
      <line num="232" count="1" type="stmt"/>
      <line num="236" count="0" type="stmt"/>
      <line num="237" count="0" type="stmt"/>
      <line num="241" count="1" type="stmt"/>
      <line num="242" count="8" type="stmt"/>
      <line num="243" count="8" type="stmt"/>
      <line num="244" count="8" type="cond" truecount="2" falsecount="0"/>
      <line num="246" count="7" type="stmt"/>
      <line num="249" count="7" type="stmt"/>
      <line num="250" count="7" type="cond" truecount="2" falsecount="0"/>
      <line num="251" count="1" type="stmt"/>
      <line num="254" count="6" type="cond" truecount="2" falsecount="0"/>
      <line num="255" count="1" type="stmt"/>
      <line num="258" count="5" type="stmt"/>
      <line num="259" count="5" type="cond" truecount="1" falsecount="1"/>
      <line num="260" count="0" type="stmt"/>
      <line num="264" count="5" type="stmt"/>
      <line num="268" count="0" type="cond" truecount="0" falsecount="2"/>
      <line num="269" count="0" type="stmt"/>
      <line num="271" count="0" type="stmt"/>
      <line num="272" count="0" type="stmt"/>
      <line num="276" count="1" type="stmt"/>
      <line num="277" count="3" type="stmt"/>
      <line num="278" count="3" type="stmt"/>
      <line num="279" count="3" type="cond" truecount="2" falsecount="0"/>
      <line num="280" count="2" type="stmt"/>
      <line num="281" count="2" type="cond" truecount="2" falsecount="0"/>
      <line num="282" count="1" type="stmt"/>
      <line num="284" count="1" type="stmt"/>
      <line num="288" count="0" type="stmt"/>
      <line num="289" count="0" type="stmt"/>
      <line num="292" count="1" type="stmt"/>
      <line num="293" count="3" type="stmt"/>
      <line num="294" count="3" type="stmt"/>
      <line num="296" count="3" type="stmt"/>
      <line num="297" count="3" type="cond" truecount="2" falsecount="0"/>
      <line num="298" count="2" type="stmt"/>
      <line num="299" count="2" type="cond" truecount="2" falsecount="0"/>
      <line num="300" count="1" type="stmt"/>
      <line num="303" count="1" type="stmt"/>
      <line num="304" count="1" type="stmt"/>
      <line num="310" count="0" type="stmt"/>
      <line num="311" count="0" type="stmt"/>
      <line num="315" count="1" type="stmt"/>
      <line num="316" count="2" type="stmt"/>
      <line num="317" count="2" type="stmt"/>
      <line num="318" count="2" type="stmt"/>
      <line num="319" count="2" type="cond" truecount="2" falsecount="0"/>
      <line num="320" count="1" type="stmt"/>
      <line num="321" count="1" type="cond" truecount="1" falsecount="1"/>
      <line num="322" count="0" type="stmt"/>
      <line num="324" count="1" type="stmt"/>
      <line num="325" count="1" type="stmt"/>
      <line num="333" count="0" type="stmt"/>
      <line num="334" count="0" type="stmt"/>
      <line num="337" count="1" type="stmt"/>
      <line num="338" count="3" type="stmt"/>
      <line num="339" count="3" type="stmt"/>
      <line num="340" count="3" type="stmt"/>
      <line num="341" count="3" type="cond" truecount="2" falsecount="0"/>
      <line num="342" count="2" type="stmt"/>
      <line num="343" count="2" type="cond" truecount="2" falsecount="0"/>
      <line num="344" count="1" type="stmt"/>
      <line num="346" count="1" type="stmt"/>
      <line num="347" count="1" type="cond" truecount="1" falsecount="1"/>
      <line num="348" count="0" type="stmt"/>
      <line num="349" count="0" type="stmt"/>
      <line num="351" count="1" type="cond" truecount="1" falsecount="1"/>
      <line num="352" count="1" type="stmt"/>
      <line num="353" count="1" type="stmt"/>
      <line num="354" count="1" type="stmt"/>
      <line num="356" count="0" type="stmt"/>
      <line num="357" count="0" type="stmt"/>
      <line num="361" count="1" type="stmt"/>
      <line num="362" count="3" type="stmt"/>
      <line num="363" count="3" type="stmt"/>
      <line num="364" count="3" type="stmt"/>
      <line num="365" count="3" type="cond" truecount="2" falsecount="0"/>
      <line num="366" count="2" type="stmt"/>
      <line num="367" count="2" type="cond" truecount="2" falsecount="0"/>
      <line num="368" count="1" type="stmt"/>
      <line num="370" count="1" type="cond" truecount="1" falsecount="1"/>
      <line num="371" count="1" type="stmt"/>
      <line num="372" count="1" type="stmt"/>
      <line num="373" count="1" type="stmt"/>
      <line num="375" count="0" type="stmt"/>
      <line num="376" count="0" type="stmt"/>
      <line num="379" count="1" type="stmt"/>
      <line num="380" count="3" type="stmt"/>
      <line num="381" count="3" type="stmt"/>
      <line num="382" count="3" type="stmt"/>
      <line num="383" count="3" type="cond" truecount="2" falsecount="0"/>
      <line num="384" count="2" type="stmt"/>
      <line num="385" count="2" type="cond" truecount="2" falsecount="0"/>
      <line num="386" count="1" type="stmt"/>
      <line num="388" count="1" type="stmt"/>
      <line num="389" count="1" type="stmt"/>
      <line num="393" count="0" type="stmt"/>
      <line num="394" count="0" type="stmt"/>
      <line num="397" count="1" type="stmt"/>
      <line num="398" count="1" type="stmt"/>
      <line num="399" count="1" type="stmt"/>
      <line num="400" count="1" type="cond" truecount="3" falsecount="1"/>
      <line num="401" count="0" type="stmt"/>
      <line num="403" count="1" type="stmt"/>
      <line num="404" count="1" type="cond" truecount="1" falsecount="1"/>
      <line num="405" count="0" type="stmt"/>
      <line num="407" count="1" type="stmt"/>
      <line num="409" count="0" type="stmt"/>
      <line num="410" count="0" type="stmt"/>
      <line num="413" count="1" type="stmt"/>
      <line num="414" count="3" type="stmt"/>
      <line num="415" count="3" type="stmt"/>
      <line num="416" count="3" type="cond" truecount="2" falsecount="0"/>
      <line num="417" count="2" type="stmt"/>
      <line num="418" count="2" type="cond" truecount="1" falsecount="1"/>
      <line num="419" count="0" type="stmt"/>
      <line num="421" count="2" type="stmt"/>
      <line num="422" count="2" type="cond" truecount="2" falsecount="0"/>
      <line num="423" count="1" type="stmt"/>
      <line num="426" count="1" type="stmt"/>
      <line num="427" count="1" type="cond" truecount="1" falsecount="1"/>
      <line num="428" count="0" type="stmt"/>
      <line num="431" count="1" type="stmt"/>
      <line num="432" count="1" type="cond" truecount="1" falsecount="1"/>
      <line num="433" count="0" type="stmt"/>
      <line num="436" count="1" type="stmt"/>
      <line num="438" count="0" type="stmt"/>
      <line num="439" count="0" type="stmt"/>
      <line num="444" count="1" type="stmt"/>
      <line num="445" count="2" type="stmt"/>
      <line num="446" count="2" type="stmt"/>
      <line num="447" count="2" type="cond" truecount="7" falsecount="0"/>
      <line num="448" count="1" type="stmt"/>
      <line num="450" count="1" type="stmt"/>
      <line num="451" count="1" type="stmt"/>
      <line num="452" count="1" type="cond" truecount="1" falsecount="1"/>
      <line num="453" count="0" type="stmt"/>
      <line num="455" count="1" type="stmt"/>
      <line num="457" count="0" type="stmt"/>
      <line num="458" count="0" type="stmt"/>
      <line num="462" count="1" type="stmt"/>
      <line num="463" count="0" type="stmt"/>
      <line num="464" count="0" type="stmt"/>
      <line num="468" count="1" type="stmt"/>
      <line num="469" count="1" type="stmt"/>
    </file>
    <file name="database.js" path="C:\Users\teppi\OneDrive\Bureau\New folder (4)\ConnectKid\BACKEND\database.js">
      <metrics statements="130" coveredstatements="117" conditionals="17" coveredconditionals="9" methods="24" coveredmethods="22"/>
      <line num="28" count="1" type="stmt"/>
      <line num="29" count="1" type="stmt"/>
      <line num="30" count="1" type="stmt"/>
      <line num="31" count="1" type="stmt"/>
      <line num="32" count="1" type="stmt"/>
      <line num="44" count="3" type="stmt"/>
      <line num="45" count="3" type="stmt"/>
      <line num="46" count="3" type="stmt"/>
      <line num="47" count="3" type="stmt"/>
      <line num="48" count="3" type="stmt"/>
      <line num="49" count="3" type="stmt"/>
      <line num="50" count="3" type="stmt"/>
      <line num="51" count="3" type="stmt"/>
      <line num="52" count="3" type="stmt"/>
      <line num="53" count="3" type="stmt"/>
      <line num="54" count="3" type="stmt"/>
      <line num="55" count="3" type="stmt"/>
      <line num="57" count="0" type="stmt"/>
      <line num="90" count="9" type="stmt"/>
      <line num="91" count="9" type="stmt"/>
      <line num="92" count="9" type="stmt"/>
      <line num="93" count="9" type="cond" truecount="2" falsecount="0"/>
      <line num="94" count="8" type="stmt"/>
      <line num="95" count="8" type="stmt"/>
      <line num="96" count="8" type="stmt"/>
      <line num="97" count="8" type="stmt"/>
      <line num="98" count="8" type="stmt"/>
      <line num="99" count="8" type="cond" truecount="1" falsecount="1"/>
      <line num="100" count="8" type="stmt"/>
      <line num="101" count="8" type="stmt"/>
      <line num="104" count="1" type="stmt"/>
      <line num="105" count="1" type="stmt"/>
      <line num="109" count="6" type="stmt"/>
      <line num="110" count="6" type="stmt"/>
      <line num="111" count="6" type="stmt"/>
      <line num="112" count="6" type="stmt"/>
      <line num="115" count="5" type="stmt"/>
      <line num="116" count="5" type="stmt"/>
      <line num="117" count="5" type="stmt"/>
      <line num="118" count="30" type="stmt"/>
      <line num="120" count="5" type="stmt"/>
      <line num="123" count="1" type="stmt"/>
      <line num="124" count="1" type="stmt"/>
      <line num="125" count="1" type="stmt"/>
      <line num="126" count="1" type="stmt"/>
      <line num="130" count="1" type="stmt"/>
      <line num="131" count="1" type="stmt"/>
      <line num="132" count="1" type="stmt"/>
      <line num="133" count="1" type="cond" truecount="1" falsecount="1"/>
      <line num="134" count="1" type="stmt"/>
      <line num="136" count="1" type="cond" truecount="1" falsecount="1"/>
      <line num="137" count="1" type="stmt"/>
      <line num="139" count="1" type="stmt"/>
      <line num="140" count="1" type="stmt"/>
      <line num="143" count="5" type="stmt"/>
      <line num="144" count="5" type="stmt"/>
      <line num="145" count="5" type="cond" truecount="1" falsecount="1"/>
      <line num="147" count="5" type="stmt"/>
      <line num="148" count="5" type="stmt"/>
      <line num="149" count="5" type="cond" truecount="1" falsecount="1"/>
      <line num="150" count="5" type="stmt"/>
      <line num="153" count="5" type="stmt"/>
      <line num="165" count="5" type="stmt"/>
      <line num="166" count="5" type="stmt"/>
      <line num="167" count="5" type="stmt"/>
      <line num="168" count="5" type="stmt"/>
      <line num="172" count="14" type="stmt"/>
      <line num="173" count="14" type="stmt"/>
      <line num="174" count="14" type="stmt"/>
      <line num="176" count="14" type="cond" truecount="1" falsecount="1"/>
      <line num="177" count="0" type="stmt"/>
      <line num="178" count="0" type="stmt"/>
      <line num="181" count="14" type="stmt"/>
      <line num="182" count="14" type="stmt"/>
      <line num="188" count="1" type="stmt"/>
      <line num="190" count="1" type="stmt"/>
      <line num="191" count="1" type="stmt"/>
      <line num="198" count="1" type="stmt"/>
      <line num="199" count="1" type="stmt"/>
      <line num="204" count="1" type="stmt"/>
      <line num="205" count="1" type="stmt"/>
      <line num="206" count="1" type="stmt"/>
      <line num="207" count="1" type="stmt"/>
      <line num="208" count="1" type="stmt"/>
      <line num="209" count="1" type="stmt"/>
      <line num="211" count="1" type="stmt"/>
      <line num="212" count="1" type="stmt"/>
      <line num="216" count="5" type="stmt"/>
      <line num="219" count="5" type="stmt"/>
      <line num="235" count="1" type="stmt"/>
      <line num="238" count="1" type="stmt"/>
      <line num="243" count="1" type="cond" truecount="1" falsecount="1"/>
      <line num="244" count="1" type="stmt"/>
      <line num="246" count="0" type="stmt"/>
      <line num="252" count="0" type="stmt"/>
      <line num="253" count="0" type="stmt"/>
      <line num="259" count="1" type="stmt"/>
      <line num="267" count="1" type="stmt"/>
      <line num="270" count="1" type="stmt"/>
      <line num="284" count="1" type="stmt"/>
      <line num="291" count="2" type="stmt"/>
      <line num="299" count="1" type="stmt"/>
      <line num="307" count="1" type="stmt"/>
      <line num="329" count="1" type="stmt"/>
      <line num="330" count="1" type="stmt"/>
      <line num="331" count="1" type="stmt"/>
      <line num="332" count="1" type="stmt"/>
      <line num="333" count="1" type="stmt"/>
      <line num="335" count="1" type="stmt"/>
      <line num="337" count="1" type="stmt"/>
      <line num="338" count="1" type="stmt"/>
      <line num="339" count="1" type="stmt"/>
      <line num="343" count="0" type="stmt"/>
      <line num="344" count="0" type="stmt"/>
      <line num="348" count="1" type="stmt"/>
      <line num="349" count="1" type="stmt"/>
      <line num="356" count="1" type="stmt"/>
      <line num="360" count="1" type="stmt"/>
      <line num="361" count="1" type="stmt"/>
      <line num="362" count="1" type="stmt"/>
      <line num="365" count="0" type="stmt"/>
      <line num="366" count="0" type="stmt"/>
      <line num="367" count="0" type="stmt"/>
      <line num="368" count="0" type="stmt"/>
      <line num="371" count="1" type="stmt"/>
      <line num="372" count="1" type="stmt"/>
      <line num="373" count="1" type="stmt"/>
      <line num="375" count="1" type="stmt"/>
      <line num="376" count="1" type="stmt"/>
      <line num="377" count="0" type="stmt"/>
    </file>
    <file name="password.js" path="C:\Users\teppi\OneDrive\Bureau\New folder (4)\ConnectKid\BACKEND\password.js">
      <metrics statements="18" coveredstatements="16" conditionals="4" coveredconditionals="3" methods="2" coveredmethods="2"/>
      <line num="35" count="2" type="stmt"/>
      <line num="36" count="2" type="stmt"/>
      <line num="37" count="2" type="stmt"/>
      <line num="40" count="2" type="cond" truecount="3" falsecount="1"/>
      <line num="41" count="0" type="stmt"/>
      <line num="45" count="6" type="stmt"/>
      <line num="46" count="6" type="stmt"/>
      <line num="47" count="6" type="stmt"/>
      <line num="48" count="6" type="stmt"/>
      <line num="49" count="6" type="stmt"/>
      <line num="50" count="6" type="stmt"/>
      <line num="55" count="0" type="stmt"/>
      <line num="60" count="10" type="stmt"/>
      <line num="61" count="10" type="stmt"/>
      <line num="62" count="9" type="stmt"/>
      <line num="63" count="9" type="stmt"/>
      <line num="64" count="9" type="stmt"/>
      <line num="66" count="1" type="stmt"/>
    </file>
  </project>
</coverage>
