<?xml version="1.0" encoding="UTF-8"?>
<coverage generated="1741314947116" clover="3.2.0">
  <project timestamp="1741314947117" name="All files">
    <metrics statements="529" coveredstatements="427" conditionals="209" coveredconditionals="149" methods="58" coveredmethods="54" elements="796" coveredelements="630" complexity="0" loc="529" ncloc="529" packages="1" files="3" classes="3"/>
    <file name="app.js" path="C:\Users\teppi\OneDrive\Bureau\New folder (4)\ConnectKid\BACKEND\app.js">
      <metrics statements="361" coveredstatements="274" conditionals="182" coveredconditionals="133" methods="28" coveredmethods="25"/>
      <line num="9" count="1" type="stmt"/>
      <line num="11" count="1" type="stmt"/>
      <line num="12" count="1" type="stmt"/>
      <line num="14" count="1" type="stmt"/>
      <line num="15" count="1" type="stmt"/>
      <line num="16" count="1" type="stmt"/>
      <line num="17" count="2" type="stmt"/>
      <line num="18" count="2" type="cond" truecount="1" falsecount="1"/>
      <line num="19" count="0" type="stmt"/>
      <line num="20" count="0" type="stmt"/>
      <line num="23" count="2" type="stmt"/>
      <line num="24" count="2" type="stmt"/>
      <line num="26" count="1" type="stmt"/>
      <line num="27" count="1" type="stmt"/>
      <line num="29" count="1" type="stmt"/>
      <line num="30" count="1" type="stmt"/>
      <line num="31" count="1" type="stmt"/>
      <line num="32" count="1" type="stmt"/>
      <line num="33" count="1" type="stmt"/>
      <line num="34" count="1" type="stmt"/>
      <line num="38" count="1" type="stmt"/>
      <line num="39" count="3" type="stmt"/>
      <line num="40" count="0" type="cond" truecount="0" falsecount="4"/>
      <line num="41" count="0" type="stmt"/>
      <line num="47" count="1" type="stmt"/>
      <line num="49" count="1" type="stmt"/>
      <line num="50" count="1" type="stmt"/>
      <line num="52" count="1" type="stmt"/>
      <line num="53" count="15" type="stmt"/>
      <line num="54" count="15" type="stmt"/>
      <line num="55" count="15" type="stmt"/>
      <line num="56" count="15" type="cond" truecount="4" falsecount="0"/>
      <line num="57" count="1" type="stmt"/>
      <line num="59" count="14" type="stmt"/>
      <line num="60" count="14" type="stmt"/>
      <line num="61" count="14" type="stmt"/>
      <line num="62" count="14" type="cond" truecount="2" falsecount="0"/>
      <line num="63" count="1" type="stmt"/>
      <line num="65" count="13" type="stmt"/>
      <line num="67" count="13" type="stmt"/>
      <line num="68" count="13" type="stmt"/>
      <line num="69" count="13" type="stmt"/>
      <line num="76" count="0" type="stmt"/>
      <line num="77" count="0" type="stmt"/>
      <line num="81" count="1" type="stmt"/>
      <line num="82" count="5" type="stmt"/>
      <line num="83" count="5" type="cond" truecount="2" falsecount="0"/>
      <line num="84" count="4" type="stmt"/>
      <line num="85" count="4" type="cond" truecount="2" falsecount="0"/>
      <line num="86" count="1" type="stmt"/>
      <line num="88" count="3" type="stmt"/>
      <line num="89" count="3" type="stmt"/>
      <line num="90" count="2" type="cond" truecount="1" falsecount="1"/>
      <line num="91" count="0" type="stmt"/>
      <line num="93" count="2" type="stmt"/>
      <line num="97" count="1" type="stmt"/>
      <line num="98" count="1" type="stmt"/>
      <line num="102" count="1" type="stmt"/>
      <line num="103" count="9" type="stmt"/>
      <line num="104" count="9" type="cond" truecount="5" falsecount="0"/>
      <line num="105" count="1" type="stmt"/>
      <line num="108" count="8" type="stmt"/>
      <line num="109" count="8" type="stmt"/>
      <line num="110" count="8" type="cond" truecount="2" falsecount="0"/>
      <line num="111" count="1" type="stmt"/>
      <line num="113" count="7" type="stmt"/>
      <line num="114" count="7" type="stmt"/>
      <line num="115" count="7" type="stmt"/>
      <line num="116" count="7" type="stmt"/>
      <line num="124" count="0" type="stmt"/>
      <line num="125" count="0" type="stmt"/>
      <line num="129" count="1" type="stmt"/>
      <line num="130" count="2" type="stmt"/>
      <line num="132" count="2" type="stmt"/>
      <line num="133" count="2" type="cond" truecount="2" falsecount="0"/>
      <line num="134" count="1" type="stmt"/>
      <line num="136" count="1" type="stmt"/>
      <line num="137" count="1" type="stmt"/>
      <line num="138" count="1" type="cond" truecount="1" falsecount="1"/>
      <line num="139" count="0" type="stmt"/>
      <line num="141" count="1" type="stmt"/>
      <line num="142" count="1" type="cond" truecount="1" falsecount="1"/>
      <line num="143" count="0" type="stmt"/>
      <line num="145" count="1" type="stmt"/>
      <line num="146" count="1" type="cond" truecount="1" falsecount="1"/>
      <line num="147" count="0" type="stmt"/>
      <line num="149" count="1" type="cond" truecount="1" falsecount="1"/>
      <line num="150" count="0" type="stmt"/>
      <line num="152" count="1" type="stmt"/>
      <line num="153" count="1" type="cond" truecount="1" falsecount="1"/>
      <line num="154" count="0" type="stmt"/>
      <line num="156" count="1" type="stmt"/>
      <line num="163" count="0" type="stmt"/>
      <line num="164" count="0" type="stmt"/>
      <line num="168" count="1" type="stmt"/>
      <line num="169" count="7" type="stmt"/>
      <line num="170" count="7" type="stmt"/>
      <line num="171" count="7" type="cond" truecount="2" falsecount="0"/>
      <line num="172" count="5" type="stmt"/>
      <line num="173" count="5" type="cond" truecount="1" falsecount="1"/>
      <line num="174" count="0" type="stmt"/>
      <line num="176" count="5" type="stmt"/>
      <line num="177" count="5" type="cond" truecount="1" falsecount="1"/>
      <line num="178" count="0" type="stmt"/>
      <line num="185" count="5" type="stmt"/>
      <line num="186" count="5" type="stmt"/>
      <line num="187" count="5" type="cond" truecount="1" falsecount="1"/>
      <line num="188" count="0" type="stmt"/>
      <line num="190" count="5" type="stmt"/>
      <line num="191" count="5" type="stmt"/>
      <line num="192" count="5" type="cond" truecount="2" falsecount="2"/>
      <line num="193" count="0" type="stmt"/>
      <line num="195" count="5" type="stmt"/>
      <line num="197" count="5" type="stmt"/>
      <line num="207" count="0" type="cond" truecount="0" falsecount="2"/>
      <line num="208" count="0" type="stmt"/>
      <line num="210" count="0" type="stmt"/>
      <line num="211" count="0" type="stmt"/>
      <line num="215" count="1" type="stmt"/>
      <line num="216" count="0" type="stmt"/>
      <line num="217" count="0" type="cond" truecount="0" falsecount="2"/>
      <line num="218" count="0" type="stmt"/>
      <line num="219" count="0" type="cond" truecount="0" falsecount="2"/>
      <line num="220" count="0" type="stmt"/>
      <line num="222" count="0" type="stmt"/>
      <line num="223" count="0" type="stmt"/>
      <line num="224" count="0" type="cond" truecount="0" falsecount="2"/>
      <line num="225" count="0" type="stmt"/>
      <line num="227" count="0" type="stmt"/>
      <line num="231" count="0" type="stmt"/>
      <line num="232" count="0" type="stmt"/>
      <line num="235" count="1" type="stmt"/>
      <line num="236" count="4" type="stmt"/>
      <line num="237" count="4" type="stmt"/>
      <line num="238" count="4" type="cond" truecount="1" falsecount="1"/>
      <line num="239" count="0" type="stmt"/>
      <line num="241" count="4" type="stmt"/>
      <line num="242" count="4" type="cond" truecount="2" falsecount="0"/>
      <line num="243" count="3" type="stmt"/>
      <line num="244" count="3" type="cond" truecount="2" falsecount="0"/>
      <line num="245" count="1" type="stmt"/>
      <line num="247" count="2" type="stmt"/>
      <line num="248" count="2" type="cond" truecount="2" falsecount="0"/>
      <line num="249" count="1" type="stmt"/>
      <line num="251" count="1" type="stmt"/>
      <line num="255" count="0" type="stmt"/>
      <line num="256" count="0" type="stmt"/>
      <line num="261" count="1" type="stmt"/>
      <line num="262" count="6" type="stmt"/>
      <line num="263" count="6" type="cond" truecount="2" falsecount="0"/>
      <line num="264" count="5" type="stmt"/>
      <line num="265" count="5" type="stmt"/>
      <line num="266" count="5" type="stmt"/>
      <line num="267" count="5" type="cond" truecount="3" falsecount="1"/>
      <line num="268" count="0" type="stmt"/>
      <line num="272" count="5" type="stmt"/>
      <line num="273" count="5" type="cond" truecount="2" falsecount="0"/>
      <line num="274" count="1" type="stmt"/>
      <line num="277" count="4" type="cond" truecount="2" falsecount="0"/>
      <line num="278" count="2" type="stmt"/>
      <line num="280" count="2" type="stmt"/>
      <line num="282" count="2" type="cond" truecount="6" falsecount="0"/>
      <line num="283" count="1" type="stmt"/>
      <line num="287" count="1" type="stmt"/>
      <line num="288" count="1" type="cond" truecount="1" falsecount="1"/>
      <line num="289" count="0" type="stmt"/>
      <line num="293" count="1" type="stmt"/>
      <line num="297" count="0" type="stmt"/>
      <line num="298" count="0" type="stmt"/>
      <line num="302" count="1" type="stmt"/>
      <line num="303" count="10" type="stmt"/>
      <line num="304" count="10" type="stmt"/>
      <line num="305" count="10" type="cond" truecount="2" falsecount="0"/>
      <line num="307" count="9" type="stmt"/>
      <line num="310" count="9" type="stmt"/>
      <line num="311" count="9" type="cond" truecount="2" falsecount="0"/>
      <line num="312" count="1" type="stmt"/>
      <line num="315" count="8" type="cond" truecount="2" falsecount="0"/>
      <line num="316" count="1" type="stmt"/>
      <line num="319" count="7" type="stmt"/>
      <line num="320" count="7" type="cond" truecount="1" falsecount="1"/>
      <line num="321" count="0" type="stmt"/>
      <line num="325" count="7" type="stmt"/>
      <line num="329" count="0" type="cond" truecount="0" falsecount="2"/>
      <line num="330" count="0" type="stmt"/>
      <line num="332" count="0" type="stmt"/>
      <line num="333" count="0" type="stmt"/>
      <line num="337" count="1" type="stmt"/>
      <line num="338" count="3" type="stmt"/>
      <line num="339" count="3" type="stmt"/>
      <line num="340" count="3" type="cond" truecount="2" falsecount="0"/>
      <line num="341" count="2" type="stmt"/>
      <line num="342" count="2" type="cond" truecount="2" falsecount="0"/>
      <line num="343" count="1" type="stmt"/>
      <line num="345" count="1" type="stmt"/>
      <line num="349" count="0" type="stmt"/>
      <line num="350" count="0" type="stmt"/>
      <line num="353" count="1" type="stmt"/>
      <line num="354" count="3" type="stmt"/>
      <line num="355" count="3" type="stmt"/>
      <line num="356" count="3" type="stmt"/>
      <line num="357" count="3" type="stmt"/>
      <line num="358" count="3" type="cond" truecount="2" falsecount="0"/>
      <line num="359" count="2" type="stmt"/>
      <line num="360" count="2" type="cond" truecount="2" falsecount="0"/>
      <line num="361" count="1" type="stmt"/>
      <line num="363" count="1" type="stmt"/>
      <line num="364" count="1" type="stmt"/>
      <line num="370" count="0" type="stmt"/>
      <line num="371" count="0" type="stmt"/>
      <line num="375" count="1" type="stmt"/>
      <line num="376" count="2" type="stmt"/>
      <line num="377" count="2" type="stmt"/>
      <line num="378" count="2" type="stmt"/>
      <line num="379" count="2" type="cond" truecount="2" falsecount="0"/>
      <line num="380" count="1" type="stmt"/>
      <line num="381" count="1" type="cond" truecount="1" falsecount="1"/>
      <line num="382" count="0" type="stmt"/>
      <line num="384" count="1" type="stmt"/>
      <line num="385" count="1" type="stmt"/>
      <line num="393" count="0" type="stmt"/>
      <line num="394" count="0" type="stmt"/>
      <line num="397" count="1" type="stmt"/>
      <line num="398" count="3" type="stmt"/>
      <line num="399" count="3" type="stmt"/>
      <line num="400" count="3" type="stmt"/>
      <line num="401" count="3" type="cond" truecount="2" falsecount="0"/>
      <line num="402" count="2" type="stmt"/>
      <line num="403" count="2" type="cond" truecount="2" falsecount="0"/>
      <line num="404" count="1" type="stmt"/>
      <line num="406" count="1" type="stmt"/>
      <line num="407" count="1" type="cond" truecount="1" falsecount="1"/>
      <line num="408" count="0" type="stmt"/>
      <line num="409" count="0" type="stmt"/>
      <line num="411" count="1" type="cond" truecount="1" falsecount="1"/>
      <line num="412" count="1" type="stmt"/>
      <line num="413" count="1" type="stmt"/>
      <line num="414" count="1" type="stmt"/>
      <line num="416" count="1" type="stmt"/>
      <line num="418" count="0" type="stmt"/>
      <line num="419" count="0" type="stmt"/>
      <line num="423" count="1" type="stmt"/>
      <line num="424" count="3" type="stmt"/>
      <line num="425" count="3" type="stmt"/>
      <line num="426" count="3" type="stmt"/>
      <line num="427" count="3" type="cond" truecount="2" falsecount="0"/>
      <line num="428" count="2" type="stmt"/>
      <line num="429" count="2" type="cond" truecount="2" falsecount="0"/>
      <line num="430" count="1" type="stmt"/>
      <line num="432" count="1" type="cond" truecount="1" falsecount="1"/>
      <line num="433" count="1" type="stmt"/>
      <line num="434" count="1" type="stmt"/>
      <line num="435" count="1" type="stmt"/>
      <line num="437" count="0" type="stmt"/>
      <line num="438" count="0" type="stmt"/>
      <line num="441" count="1" type="stmt"/>
      <line num="442" count="3" type="stmt"/>
      <line num="443" count="3" type="stmt"/>
      <line num="444" count="3" type="stmt"/>
      <line num="445" count="3" type="cond" truecount="2" falsecount="0"/>
      <line num="446" count="2" type="stmt"/>
      <line num="447" count="2" type="cond" truecount="2" falsecount="0"/>
      <line num="448" count="1" type="stmt"/>
      <line num="450" count="1" type="stmt"/>
      <line num="451" count="1" type="stmt"/>
      <line num="455" count="0" type="stmt"/>
      <line num="456" count="0" type="stmt"/>
      <line num="460" count="1" type="stmt"/>
      <line num="461" count="3" type="stmt"/>
      <line num="462" count="3" type="stmt"/>
      <line num="463" count="3" type="cond" truecount="3" falsecount="1"/>
      <line num="464" count="0" type="stmt"/>
      <line num="466" count="3" type="stmt"/>
      <line num="467" count="3" type="cond" truecount="1" falsecount="1"/>
      <line num="468" count="0" type="stmt"/>
      <line num="470" count="3" type="stmt"/>
      <line num="472" count="0" type="stmt"/>
      <line num="473" count="0" type="stmt"/>
      <line num="476" count="1" type="stmt"/>
      <line num="477" count="2" type="stmt"/>
      <line num="478" count="2" type="stmt"/>
      <line num="479" count="2" type="cond" truecount="2" falsecount="0"/>
      <line num="480" count="1" type="stmt"/>
      <line num="481" count="1" type="cond" truecount="1" falsecount="1"/>
      <line num="482" count="0" type="stmt"/>
      <line num="484" count="1" type="stmt"/>
      <line num="485" count="1" type="cond" truecount="1" falsecount="1"/>
      <line num="486" count="0" type="stmt"/>
      <line num="488" count="1" type="stmt"/>
      <line num="489" count="1" type="cond" truecount="1" falsecount="1"/>
      <line num="490" count="0" type="stmt"/>
      <line num="492" count="1" type="stmt"/>
      <line num="494" count="0" type="stmt"/>
      <line num="495" count="0" type="stmt"/>
      <line num="499" count="1" type="stmt"/>
      <line num="500" count="5" type="stmt"/>
      <line num="501" count="5" type="stmt"/>
      <line num="502" count="5" type="cond" truecount="2" falsecount="0"/>
      <line num="503" count="4" type="stmt"/>
      <line num="504" count="4" type="cond" truecount="1" falsecount="1"/>
      <line num="505" count="0" type="stmt"/>
      <line num="507" count="4" type="stmt"/>
      <line num="508" count="4" type="cond" truecount="2" falsecount="0"/>
      <line num="509" count="1" type="stmt"/>
      <line num="512" count="3" type="stmt"/>
      <line num="513" count="3" type="cond" truecount="1" falsecount="1"/>
      <line num="514" count="0" type="stmt"/>
      <line num="517" count="3" type="stmt"/>
      <line num="518" count="3" type="cond" truecount="1" falsecount="1"/>
      <line num="519" count="0" type="stmt"/>
      <line num="522" count="3" type="stmt"/>
      <line num="524" count="0" type="stmt"/>
      <line num="525" count="0" type="stmt"/>
      <line num="528" count="1" type="stmt"/>
      <line num="529" count="4" type="stmt"/>
      <line num="530" count="4" type="stmt"/>
      <line num="531" count="4" type="cond" truecount="2" falsecount="0"/>
      <line num="532" count="3" type="stmt"/>
      <line num="533" count="3" type="cond" truecount="2" falsecount="0"/>
      <line num="534" count="1" type="stmt"/>
      <line num="536" count="2" type="stmt"/>
      <line num="537" count="1" type="cond" truecount="1" falsecount="1"/>
      <line num="538" count="0" type="stmt"/>
      <line num="540" count="1" type="stmt"/>
      <line num="542" count="1" type="stmt"/>
      <line num="543" count="1" type="stmt"/>
      <line num="546" count="1" type="stmt"/>
      <line num="547" count="3" type="stmt"/>
      <line num="548" count="3" type="stmt"/>
      <line num="549" count="3" type="cond" truecount="7" falsecount="0"/>
      <line num="550" count="1" type="stmt"/>
      <line num="552" count="2" type="stmt"/>
      <line num="553" count="2" type="stmt"/>
      <line num="554" count="2" type="cond" truecount="1" falsecount="1"/>
      <line num="555" count="0" type="stmt"/>
      <line num="557" count="2" type="stmt"/>
      <line num="559" count="0" type="stmt"/>
      <line num="560" count="0" type="stmt"/>
      <line num="563" count="1" type="stmt"/>
      <line num="564" count="2" type="stmt"/>
      <line num="565" count="2" type="stmt"/>
      <line num="566" count="2" type="cond" truecount="4" falsecount="0"/>
      <line num="567" count="1" type="stmt"/>
      <line num="569" count="1" type="stmt"/>
      <line num="570" count="1" type="cond" truecount="1" falsecount="1"/>
      <line num="571" count="0" type="stmt"/>
      <line num="573" count="1" type="stmt"/>
      <line num="574" count="1" type="cond" truecount="1" falsecount="1"/>
      <line num="575" count="0" type="stmt"/>
      <line num="577" count="1" type="stmt"/>
      <line num="578" count="1" type="stmt"/>
      <line num="579" count="1" type="stmt"/>
      <line num="581" count="2" type="stmt"/>
      <line num="583" count="1" type="stmt"/>
      <line num="585" count="0" type="stmt"/>
      <line num="586" count="0" type="stmt"/>
      <line num="590" count="1" type="stmt"/>
      <line num="591" count="0" type="stmt"/>
      <line num="592" count="0" type="stmt"/>
      <line num="596" count="1" type="stmt"/>
      <line num="597" count="1" type="stmt"/>
    </file>
    <file name="database.js" path="C:\Users\teppi\OneDrive\Bureau\New folder (4)\ConnectKid\BACKEND\database.js">
      <metrics statements="150" coveredstatements="137" conditionals="23" coveredconditionals="13" methods="28" coveredmethods="27"/>
      <line num="28" count="1" type="stmt"/>
      <line num="29" count="1" type="stmt"/>
      <line num="30" count="1" type="stmt"/>
      <line num="31" count="1" type="stmt"/>
      <line num="32" count="1" type="stmt"/>
      <line num="44" count="3" type="stmt"/>
      <line num="45" count="3" type="stmt"/>
      <line num="46" count="3" type="stmt"/>
      <line num="47" count="3" type="stmt"/>
      <line num="48" count="3" type="stmt"/>
      <line num="49" count="3" type="stmt"/>
      <line num="50" count="3" type="stmt"/>
      <line num="51" count="3" type="stmt"/>
      <line num="52" count="3" type="stmt"/>
      <line num="53" count="3" type="stmt"/>
      <line num="54" count="3" type="stmt"/>
      <line num="55" count="3" type="stmt"/>
      <line num="57" count="0" type="stmt"/>
      <line num="90" count="14" type="stmt"/>
      <line num="91" count="14" type="stmt"/>
      <line num="92" count="14" type="stmt"/>
      <line num="93" count="14" type="cond" truecount="2" falsecount="0"/>
      <line num="94" count="13" type="stmt"/>
      <line num="95" count="13" type="stmt"/>
      <line num="96" count="13" type="stmt"/>
      <line num="97" count="13" type="stmt"/>
      <line num="98" count="13" type="stmt"/>
      <line num="99" count="13" type="cond" truecount="1" falsecount="1"/>
      <line num="100" count="13" type="stmt"/>
      <line num="101" count="13" type="stmt"/>
      <line num="104" count="1" type="stmt"/>
      <line num="105" count="1" type="stmt"/>
      <line num="109" count="8" type="stmt"/>
      <line num="110" count="8" type="stmt"/>
      <line num="111" count="8" type="stmt"/>
      <line num="112" count="8" type="stmt"/>
      <line num="115" count="7" type="stmt"/>
      <line num="116" count="7" type="stmt"/>
      <line num="117" count="7" type="stmt"/>
      <line num="118" count="42" type="stmt"/>
      <line num="120" count="7" type="stmt"/>
      <line num="123" count="2" type="stmt"/>
      <line num="124" count="2" type="stmt"/>
      <line num="125" count="2" type="stmt"/>
      <line num="129" count="1" type="stmt"/>
      <line num="130" count="1" type="stmt"/>
      <line num="131" count="1" type="stmt"/>
      <line num="132" count="1" type="cond" truecount="1" falsecount="1"/>
      <line num="133" count="1" type="stmt"/>
      <line num="135" count="1" type="cond" truecount="1" falsecount="1"/>
      <line num="136" count="1" type="stmt"/>
      <line num="138" count="1" type="stmt"/>
      <line num="139" count="1" type="stmt"/>
      <line num="142" count="7" type="stmt"/>
      <line num="143" count="7" type="stmt"/>
      <line num="144" count="7" type="cond" truecount="1" falsecount="1"/>
      <line num="146" count="7" type="stmt"/>
      <line num="147" count="7" type="stmt"/>
      <line num="148" count="7" type="cond" truecount="1" falsecount="1"/>
      <line num="149" count="7" type="stmt"/>
      <line num="152" count="7" type="stmt"/>
      <line num="164" count="7" type="stmt"/>
      <line num="165" count="7" type="stmt"/>
      <line num="166" count="7" type="stmt"/>
      <line num="167" count="7" type="stmt"/>
      <line num="171" count="27" type="stmt"/>
      <line num="172" count="27" type="stmt"/>
      <line num="173" count="27" type="stmt"/>
      <line num="175" count="27" type="cond" truecount="2" falsecount="0"/>
      <line num="176" count="2" type="stmt"/>
      <line num="177" count="2" type="stmt"/>
      <line num="180" count="25" type="stmt"/>
      <line num="183" count="4" type="stmt"/>
      <line num="184" count="4" type="stmt"/>
      <line num="186" count="4" type="stmt"/>
      <line num="187" count="4" type="cond" truecount="1" falsecount="1"/>
      <line num="188" count="0" type="stmt"/>
      <line num="189" count="0" type="stmt"/>
      <line num="193" count="4" type="stmt"/>
      <line num="194" count="4" type="stmt"/>
      <line num="200" count="1" type="stmt"/>
      <line num="202" count="1" type="stmt"/>
      <line num="203" count="1" type="stmt"/>
      <line num="210" count="1" type="stmt"/>
      <line num="211" count="1" type="stmt"/>
      <line num="216" count="2" type="stmt"/>
      <line num="217" count="2" type="stmt"/>
      <line num="218" count="2" type="stmt"/>
      <line num="219" count="2" type="stmt"/>
      <line num="220" count="4" type="stmt"/>
      <line num="222" count="4" type="stmt"/>
      <line num="224" count="2" type="stmt"/>
      <line num="225" count="2" type="stmt"/>
      <line num="229" count="7" type="stmt"/>
      <line num="232" count="7" type="stmt"/>
      <line num="248" count="1" type="stmt"/>
      <line num="251" count="1" type="stmt"/>
      <line num="256" count="1" type="cond" truecount="1" falsecount="1"/>
      <line num="257" count="1" type="stmt"/>
      <line num="259" count="0" type="stmt"/>
      <line num="265" count="0" type="stmt"/>
      <line num="266" count="0" type="stmt"/>
      <line num="272" count="1" type="stmt"/>
      <line num="280" count="1" type="stmt"/>
      <line num="283" count="1" type="stmt"/>
      <line num="297" count="1" type="stmt"/>
      <line num="304" count="2" type="stmt"/>
      <line num="312" count="1" type="stmt"/>
      <line num="320" count="1" type="stmt"/>
      <line num="342" count="1" type="stmt"/>
      <line num="343" count="1" type="stmt"/>
      <line num="344" count="1" type="stmt"/>
      <line num="345" count="1" type="stmt"/>
      <line num="346" count="1" type="stmt"/>
      <line num="348" count="1" type="stmt"/>
      <line num="350" count="1" type="stmt"/>
      <line num="351" count="2" type="stmt"/>
      <line num="352" count="2" type="stmt"/>
      <line num="356" count="0" type="stmt"/>
      <line num="357" count="0" type="stmt"/>
      <line num="361" count="3" type="stmt"/>
      <line num="362" count="3" type="stmt"/>
      <line num="369" count="3" type="stmt"/>
      <line num="373" count="1" type="stmt"/>
      <line num="374" count="1" type="stmt"/>
      <line num="375" count="1" type="stmt"/>
      <line num="376" count="1" type="stmt"/>
      <line num="380" count="3" type="stmt"/>
      <line num="381" count="3" type="stmt"/>
      <line num="382" count="3" type="stmt"/>
      <line num="386" count="2" type="stmt"/>
      <line num="387" count="2" type="stmt"/>
      <line num="390" count="2" type="stmt"/>
      <line num="391" count="2" type="stmt"/>
      <line num="392" count="2" type="stmt"/>
      <line num="393" count="2" type="stmt"/>
      <line num="394" count="0" type="stmt"/>
      <line num="395" count="0" type="stmt"/>
      <line num="396" count="0" type="cond" truecount="0" falsecount="2"/>
      <line num="397" count="0" type="stmt"/>
      <line num="407" count="1" type="stmt"/>
      <line num="410" count="1" type="stmt"/>
      <line num="411" count="1" type="stmt"/>
      <line num="412" count="1" type="stmt"/>
      <line num="413" count="1" type="stmt"/>
      <line num="416" count="2" type="cond" truecount="2" falsecount="0"/>
      <line num="417" count="2" type="stmt"/>
      <line num="422" count="1" type="stmt"/>
      <line num="423" count="1" type="stmt"/>
      <line num="424" count="0" type="stmt"/>
    </file>
    <file name="password.js" path="C:\Users\teppi\OneDrive\Bureau\New folder (4)\ConnectKid\BACKEND\password.js">
      <metrics statements="18" coveredstatements="16" conditionals="4" coveredconditionals="3" methods="2" coveredmethods="2"/>
      <line num="35" count="2" type="stmt"/>
      <line num="36" count="2" type="stmt"/>
      <line num="37" count="2" type="stmt"/>
      <line num="40" count="2" type="cond" truecount="3" falsecount="1"/>
      <line num="41" count="0" type="stmt"/>
      <line num="45" count="8" type="stmt"/>
      <line num="46" count="8" type="stmt"/>
      <line num="47" count="8" type="stmt"/>
      <line num="48" count="8" type="stmt"/>
      <line num="49" count="8" type="stmt"/>
      <line num="50" count="8" type="stmt"/>
      <line num="55" count="0" type="stmt"/>
      <line num="60" count="15" type="stmt"/>
      <line num="61" count="15" type="stmt"/>
      <line num="62" count="14" type="stmt"/>
      <line num="63" count="14" type="stmt"/>
      <line num="64" count="14" type="stmt"/>
      <line num="66" count="1" type="stmt"/>
    </file>
  </project>
</coverage>
