{"C:\\Users\\teppi\\OneDrive\\Bureau\\New folder (4)\\ConnectKid\\BACKEND\\app.js": {"path":"C:\\Users\\teppi\\OneDrive\\Bureau\\New folder (4)\\ConnectKid\\BACKEND\\app.js","statementMap":{"0":{"start":{"line":8,"column":19},"end":{"line":8,"column":36}},"1":{"start":{"line":10,"column":12},"end":{"line":10,"column":21}},"2":{"start":{"line":11,"column":0},"end":{"line":11,"column":6}},"3":{"start":{"line":13,"column":0},"end":{"line":13,"column":16}},"4":{"start":{"line":15,"column":0},"end":{"line":15,"column":42}},"5":{"start":{"line":16,"column":0},"end":{"line":16,"column":63}},"6":{"start":{"line":18,"column":0},"end":{"line":45,"column":3}},"7":{"start":{"line":19,"column":42},"end":{"line":19,"column":50}},"8":{"start":{"line":20,"column":4},"end":{"line":20,"column":38}},"9":{"start":{"line":21,"column":4},"end":{"line":21,"column":33}},"10":{"start":{"line":22,"column":4},"end":{"line":24,"column":5}},"11":{"start":{"line":23,"column":8},"end":{"line":23,"column":95}},"12":{"start":{"line":25,"column":4},"end":{"line":44,"column":5}},"13":{"start":{"line":26,"column":8},"end":{"line":26,"column":100}},"14":{"start":{"line":27,"column":21},"end":{"line":27,"column":89}},"15":{"start":{"line":28,"column":8},"end":{"line":30,"column":9}},"16":{"start":{"line":29,"column":12},"end":{"line":29,"column":90}},"17":{"start":{"line":31,"column":23},"end":{"line":31,"column":31}},"18":{"start":{"line":33,"column":22},"end":{"line":33,"column":75}},"19":{"start":{"line":34,"column":8},"end":{"line":34,"column":26}},"20":{"start":{"line":35,"column":8},"end":{"line":40,"column":11}},"21":{"start":{"line":42,"column":8},"end":{"line":42,"column":56}},"22":{"start":{"line":43,"column":8},"end":{"line":43,"column":65}},"23":{"start":{"line":47,"column":0},"end":{"line":66,"column":5}},"24":{"start":{"line":48,"column":18},"end":{"line":48,"column":61}},"25":{"start":{"line":49,"column":4},"end":{"line":49,"column":57}},"26":{"start":{"line":49,"column":16},"end":{"line":49,"column":57}},"27":{"start":{"line":50,"column":20},"end":{"line":50,"column":49}},"28":{"start":{"line":51,"column":4},"end":{"line":53,"column":5}},"29":{"start":{"line":52,"column":8},"end":{"line":52,"column":78}},"30":{"start":{"line":54,"column":4},"end":{"line":65,"column":5}},"31":{"start":{"line":55,"column":25},"end":{"line":55,"column":62}},"32":{"start":{"line":56,"column":8},"end":{"line":58,"column":9}},"33":{"start":{"line":57,"column":12},"end":{"line":57,"column":112}},"34":{"start":{"line":59,"column":8},"end":{"line":61,"column":11}},"35":{"start":{"line":63,"column":8},"end":{"line":63,"column":58}},"36":{"start":{"line":64,"column":8},"end":{"line":64,"column":66}},"37":{"start":{"line":69,"column":0},"end":{"line":94,"column":3}},"38":{"start":{"line":70,"column":59},"end":{"line":70,"column":67}},"39":{"start":{"line":71,"column":4},"end":{"line":73,"column":5}},"40":{"start":{"line":72,"column":8},"end":{"line":72,"column":94}},"41":{"start":{"line":75,"column":4},"end":{"line":93,"column":5}},"42":{"start":{"line":76,"column":29},"end":{"line":76,"column":76}},"43":{"start":{"line":77,"column":8},"end":{"line":79,"column":9}},"44":{"start":{"line":78,"column":12},"end":{"line":78,"column":88}},"45":{"start":{"line":80,"column":24},"end":{"line":80,"column":85}},"46":{"start":{"line":81,"column":22},"end":{"line":81,"column":87}},"47":{"start":{"line":82,"column":8},"end":{"line":82,"column":26}},"48":{"start":{"line":83,"column":8},"end":{"line":89,"column":11}},"49":{"start":{"line":91,"column":8},"end":{"line":91,"column":54}},"50":{"start":{"line":92,"column":8},"end":{"line":92,"column":66}},"51":{"start":{"line":96,"column":0},"end":{"line":130,"column":3}},"52":{"start":{"line":97,"column":4},"end":{"line":129,"column":5}},"53":{"start":{"line":99,"column":22},"end":{"line":99,"column":65}},"54":{"start":{"line":100,"column":8},"end":{"line":100,"column":61}},"55":{"start":{"line":100,"column":20},"end":{"line":100,"column":61}},"56":{"start":{"line":101,"column":24},"end":{"line":101,"column":53}},"57":{"start":{"line":103,"column":8},"end":{"line":103,"column":48}},"58":{"start":{"line":104,"column":21},"end":{"line":104,"column":54}},"59":{"start":{"line":105,"column":8},"end":{"line":107,"column":9}},"60":{"start":{"line":106,"column":12},"end":{"line":106,"column":101}},"61":{"start":{"line":108,"column":27},"end":{"line":108,"column":35}},"62":{"start":{"line":109,"column":8},"end":{"line":111,"column":9}},"63":{"start":{"line":110,"column":12},"end":{"line":110,"column":75}},"64":{"start":{"line":112,"column":21},"end":{"line":112,"column":51}},"65":{"start":{"line":113,"column":8},"end":{"line":115,"column":9}},"66":{"start":{"line":114,"column":12},"end":{"line":114,"column":93}},"67":{"start":{"line":116,"column":28},"end":{"line":116,"column":68}},"68":{"start":{"line":117,"column":8},"end":{"line":124,"column":5}},"69":{"start":{"line":118,"column":12},"end":{"line":118,"column":93}},"70":{"start":{"line":120,"column":8},"end":{"line":122,"column":10}},"71":{"start":{"line":127,"column":8},"end":{"line":127,"column":62}},"72":{"start":{"line":128,"column":8},"end":{"line":128,"column":66}},"73":{"start":{"line":132,"column":0},"end":{"line":176,"column":3}},"74":{"start":{"line":133,"column":4},"end":{"line":175,"column":5}},"75":{"start":{"line":134,"column":22},"end":{"line":134,"column":65}},"76":{"start":{"line":135,"column":8},"end":{"line":135,"column":61}},"77":{"start":{"line":135,"column":20},"end":{"line":135,"column":61}},"78":{"start":{"line":136,"column":23},"end":{"line":136,"column":36}},"79":{"start":{"line":137,"column":8},"end":{"line":139,"column":9}},"80":{"start":{"line":138,"column":12},"end":{"line":138,"column":81}},"81":{"start":{"line":140,"column":24},"end":{"line":140,"column":53}},"82":{"start":{"line":141,"column":8},"end":{"line":143,"column":9}},"83":{"start":{"line":142,"column":12},"end":{"line":142,"column":74}},"84":{"start":{"line":149,"column":21},"end":{"line":149,"column":46}},"85":{"start":{"line":150,"column":8},"end":{"line":150,"column":28}},"86":{"start":{"line":151,"column":8},"end":{"line":153,"column":9}},"87":{"start":{"line":152,"column":12},"end":{"line":152,"column":90}},"88":{"start":{"line":154,"column":8},"end":{"line":154,"column":40}},"89":{"start":{"line":155,"column":20},"end":{"line":155,"column":21}},"90":{"start":{"line":156,"column":8},"end":{"line":158,"column":9}},"91":{"start":{"line":157,"column":12},"end":{"line":157,"column":61}},"92":{"start":{"line":159,"column":8},"end":{"line":159,"column":26}},"93":{"start":{"line":161,"column":8},"end":{"line":168,"column":11}},"94":{"start":{"line":170,"column":8},"end":{"line":172,"column":9}},"95":{"start":{"line":171,"column":12},"end":{"line":171,"column":57}},"96":{"start":{"line":173,"column":8},"end":{"line":173,"column":62}},"97":{"start":{"line":174,"column":8},"end":{"line":174,"column":66}},"98":{"start":{"line":178,"column":0},"end":{"line":197,"column":3}},"99":{"start":{"line":179,"column":18},"end":{"line":179,"column":61}},"100":{"start":{"line":180,"column":4},"end":{"line":180,"column":57}},"101":{"start":{"line":180,"column":16},"end":{"line":180,"column":57}},"102":{"start":{"line":181,"column":20},"end":{"line":181,"column":49}},"103":{"start":{"line":182,"column":4},"end":{"line":184,"column":5}},"104":{"start":{"line":183,"column":8},"end":{"line":183,"column":78}},"105":{"start":{"line":185,"column":4},"end":{"line":196,"column":5}},"106":{"start":{"line":186,"column":25},"end":{"line":186,"column":62}},"107":{"start":{"line":187,"column":8},"end":{"line":189,"column":9}},"108":{"start":{"line":188,"column":12},"end":{"line":188,"column":112}},"109":{"start":{"line":190,"column":8},"end":{"line":192,"column":11}},"110":{"start":{"line":194,"column":8},"end":{"line":194,"column":58}},"111":{"start":{"line":195,"column":8},"end":{"line":195,"column":66}},"112":{"start":{"line":200,"column":0},"end":{"line":239,"column":3}},"113":{"start":{"line":201,"column":18},"end":{"line":201,"column":61}},"114":{"start":{"line":202,"column":4},"end":{"line":202,"column":57}},"115":{"start":{"line":202,"column":16},"end":{"line":202,"column":57}},"116":{"start":{"line":203,"column":19},"end":{"line":203,"column":32}},"117":{"start":{"line":204,"column":22},"end":{"line":204,"column":30}},"118":{"start":{"line":205,"column":4},"end":{"line":205,"column":25}},"119":{"start":{"line":206,"column":4},"end":{"line":209,"column":5}},"120":{"start":{"line":207,"column":8},"end":{"line":207,"column":75}},"121":{"start":{"line":211,"column":20},"end":{"line":211,"column":49}},"122":{"start":{"line":212,"column":4},"end":{"line":214,"column":5}},"123":{"start":{"line":213,"column":8},"end":{"line":213,"column":70}},"124":{"start":{"line":216,"column":4},"end":{"line":218,"column":5}},"125":{"start":{"line":217,"column":8},"end":{"line":217,"column":98}},"126":{"start":{"line":219,"column":4},"end":{"line":238,"column":5}},"127":{"start":{"line":221,"column":8},"end":{"line":223,"column":9}},"128":{"start":{"line":222,"column":12},"end":{"line":222,"column":86}},"129":{"start":{"line":226,"column":21},"end":{"line":226,"column":54}},"130":{"start":{"line":227,"column":8},"end":{"line":229,"column":9}},"131":{"start":{"line":228,"column":12},"end":{"line":228,"column":79}},"132":{"start":{"line":232,"column":8},"end":{"line":234,"column":11}},"133":{"start":{"line":236,"column":8},"end":{"line":236,"column":62}},"134":{"start":{"line":237,"column":8},"end":{"line":237,"column":66}},"135":{"start":{"line":241,"column":0},"end":{"line":274,"column":3}},"136":{"start":{"line":242,"column":4},"end":{"line":273,"column":5}},"137":{"start":{"line":243,"column":22},"end":{"line":243,"column":65}},"138":{"start":{"line":244,"column":8},"end":{"line":244,"column":61}},"139":{"start":{"line":244,"column":20},"end":{"line":244,"column":61}},"140":{"start":{"line":246,"column":23},"end":{"line":246,"column":36}},"141":{"start":{"line":249,"column":24},"end":{"line":249,"column":53}},"142":{"start":{"line":250,"column":8},"end":{"line":252,"column":9}},"143":{"start":{"line":251,"column":12},"end":{"line":251,"column":82}},"144":{"start":{"line":254,"column":8},"end":{"line":256,"column":9}},"145":{"start":{"line":255,"column":12},"end":{"line":255,"column":105}},"146":{"start":{"line":258,"column":21},"end":{"line":258,"column":49}},"147":{"start":{"line":259,"column":8},"end":{"line":261,"column":9}},"148":{"start":{"line":260,"column":12},"end":{"line":260,"column":89}},"149":{"start":{"line":264,"column":8},"end":{"line":266,"column":11}},"150":{"start":{"line":268,"column":8},"end":{"line":270,"column":9}},"151":{"start":{"line":269,"column":12},"end":{"line":269,"column":57}},"152":{"start":{"line":271,"column":8},"end":{"line":271,"column":54}},"153":{"start":{"line":272,"column":8},"end":{"line":272,"column":66}},"154":{"start":{"line":276,"column":0},"end":{"line":291,"column":3}},"155":{"start":{"line":277,"column":4},"end":{"line":290,"column":5}},"156":{"start":{"line":278,"column":22},"end":{"line":278,"column":65}},"157":{"start":{"line":279,"column":8},"end":{"line":279,"column":61}},"158":{"start":{"line":279,"column":20},"end":{"line":279,"column":61}},"159":{"start":{"line":280,"column":24},"end":{"line":280,"column":53}},"160":{"start":{"line":281,"column":8},"end":{"line":283,"column":9}},"161":{"start":{"line":282,"column":12},"end":{"line":282,"column":74}},"162":{"start":{"line":284,"column":8},"end":{"line":286,"column":11}},"163":{"start":{"line":288,"column":8},"end":{"line":288,"column":60}},"164":{"start":{"line":289,"column":8},"end":{"line":289,"column":66}},"165":{"start":{"line":292,"column":0},"end":{"line":314,"column":2}},"166":{"start":{"line":293,"column":4},"end":{"line":313,"column":5}},"167":{"start":{"line":294,"column":45},"end":{"line":294,"column":53}},"168":{"start":{"line":296,"column":22},"end":{"line":296,"column":65}},"169":{"start":{"line":297,"column":8},"end":{"line":297,"column":60}},"170":{"start":{"line":297,"column":19},"end":{"line":297,"column":60}},"171":{"start":{"line":298,"column":24},"end":{"line":298,"column":53}},"172":{"start":{"line":299,"column":8},"end":{"line":301,"column":9}},"173":{"start":{"line":300,"column":12},"end":{"line":300,"column":74}},"174":{"start":{"line":303,"column":29},"end":{"line":303,"column":81}},"175":{"start":{"line":304,"column":8},"end":{"line":307,"column":11}},"176":{"start":{"line":310,"column":8},"end":{"line":310,"column":73}},"177":{"start":{"line":311,"column":8},"end":{"line":311,"column":66}},"178":{"start":{"line":315,"column":0},"end":{"line":336,"column":2}},"179":{"start":{"line":316,"column":4},"end":{"line":335,"column":5}},"180":{"start":{"line":317,"column":23},"end":{"line":317,"column":36}},"181":{"start":{"line":318,"column":22},"end":{"line":318,"column":65}},"182":{"start":{"line":319,"column":8},"end":{"line":319,"column":60}},"183":{"start":{"line":319,"column":19},"end":{"line":319,"column":60}},"184":{"start":{"line":320,"column":24},"end":{"line":320,"column":53}},"185":{"start":{"line":321,"column":8},"end":{"line":323,"column":9}},"186":{"start":{"line":322,"column":11},"end":{"line":322,"column":73}},"187":{"start":{"line":324,"column":28},"end":{"line":324,"column":62}},"188":{"start":{"line":325,"column":8},"end":{"line":331,"column":13}},"189":{"start":{"line":325,"column":55},"end":{"line":331,"column":9}},"190":{"start":{"line":333,"column":8},"end":{"line":333,"column":73}},"191":{"start":{"line":334,"column":8},"end":{"line":334,"column":66}},"192":{"start":{"line":337,"column":0},"end":{"line":360,"column":2}},"193":{"start":{"line":338,"column":4},"end":{"line":359,"column":5}},"194":{"start":{"line":339,"column":52},"end":{"line":339,"column":60}},"195":{"start":{"line":340,"column":22},"end":{"line":340,"column":65}},"196":{"start":{"line":341,"column":8},"end":{"line":341,"column":60}},"197":{"start":{"line":341,"column":19},"end":{"line":341,"column":60}},"198":{"start":{"line":342,"column":24},"end":{"line":342,"column":53}},"199":{"start":{"line":343,"column":8},"end":{"line":345,"column":9}},"200":{"start":{"line":344,"column":12},"end":{"line":344,"column":74}},"201":{"start":{"line":346,"column":8},"end":{"line":346,"column":43}},"202":{"start":{"line":347,"column":8},"end":{"line":350,"column":9}},"203":{"start":{"line":348,"column":12},"end":{"line":348,"column":59}},"204":{"start":{"line":349,"column":12},"end":{"line":349,"column":19}},"205":{"start":{"line":351,"column":25},"end":{"line":351,"column":105}},"206":{"start":{"line":352,"column":8},"end":{"line":352,"column":35}},"207":{"start":{"line":353,"column":25},"end":{"line":353,"column":81}},"208":{"start":{"line":354,"column":8},"end":{"line":354,"column":37}},"209":{"start":{"line":356,"column":8},"end":{"line":356,"column":67}},"210":{"start":{"line":357,"column":8},"end":{"line":357,"column":66}},"211":{"start":{"line":361,"column":0},"end":{"line":378,"column":2}},"212":{"start":{"line":362,"column":4},"end":{"line":377,"column":5}},"213":{"start":{"line":363,"column":28},"end":{"line":363,"column":41}},"214":{"start":{"line":364,"column":18},"end":{"line":364,"column":61}},"215":{"start":{"line":365,"column":4},"end":{"line":365,"column":56}},"216":{"start":{"line":365,"column":15},"end":{"line":365,"column":56}},"217":{"start":{"line":366,"column":20},"end":{"line":366,"column":49}},"218":{"start":{"line":367,"column":4},"end":{"line":369,"column":5}},"219":{"start":{"line":368,"column":8},"end":{"line":368,"column":70}},"220":{"start":{"line":370,"column":21},"end":{"line":370,"column":101}},"221":{"start":{"line":371,"column":4},"end":{"line":371,"column":65}},"222":{"start":{"line":372,"column":21},"end":{"line":372,"column":64}},"223":{"start":{"line":373,"column":4},"end":{"line":373,"column":35}},"224":{"start":{"line":375,"column":8},"end":{"line":375,"column":67}},"225":{"start":{"line":376,"column":8},"end":{"line":376,"column":66}},"226":{"start":{"line":379,"column":0},"end":{"line":396,"column":2}},"227":{"start":{"line":380,"column":4},"end":{"line":395,"column":9}},"228":{"start":{"line":381,"column":43},"end":{"line":381,"column":51}},"229":{"start":{"line":382,"column":22},"end":{"line":382,"column":65}},"230":{"start":{"line":383,"column":8},"end":{"line":383,"column":60}},"231":{"start":{"line":383,"column":19},"end":{"line":383,"column":60}},"232":{"start":{"line":384,"column":24},"end":{"line":384,"column":53}},"233":{"start":{"line":385,"column":8},"end":{"line":387,"column":9}},"234":{"start":{"line":386,"column":12},"end":{"line":386,"column":74}},"235":{"start":{"line":388,"column":25},"end":{"line":388,"column":67}},"236":{"start":{"line":389,"column":8},"end":{"line":391,"column":11}},"237":{"start":{"line":393,"column":12},"end":{"line":393,"column":71}},"238":{"start":{"line":394,"column":12},"end":{"line":394,"column":70}},"239":{"start":{"line":397,"column":0},"end":{"line":412,"column":3}},"240":{"start":{"line":398,"column":4},"end":{"line":411,"column":5}},"241":{"start":{"line":399,"column":39},"end":{"line":399,"column":47}},"242":{"start":{"line":400,"column":8},"end":{"line":402,"column":9}},"243":{"start":{"line":401,"column":12},"end":{"line":401,"column":90}},"244":{"start":{"line":403,"column":23},"end":{"line":403,"column":58}},"245":{"start":{"line":404,"column":8},"end":{"line":406,"column":9}},"246":{"start":{"line":405,"column":12},"end":{"line":405,"column":77}},"247":{"start":{"line":407,"column":8},"end":{"line":407,"column":73}},"248":{"start":{"line":409,"column":8},"end":{"line":409,"column":55}},"249":{"start":{"line":410,"column":8},"end":{"line":410,"column":66}},"250":{"start":{"line":413,"column":0},"end":{"line":441,"column":3}},"251":{"start":{"line":414,"column":4},"end":{"line":440,"column":5}},"252":{"start":{"line":415,"column":22},"end":{"line":415,"column":73}},"253":{"start":{"line":416,"column":8},"end":{"line":416,"column":61}},"254":{"start":{"line":416,"column":20},"end":{"line":416,"column":61}},"255":{"start":{"line":417,"column":24},"end":{"line":417,"column":53}},"256":{"start":{"line":418,"column":8},"end":{"line":420,"column":9}},"257":{"start":{"line":419,"column":12},"end":{"line":419,"column":74}},"258":{"start":{"line":421,"column":30},"end":{"line":421,"column":38}},"259":{"start":{"line":422,"column":8},"end":{"line":424,"column":9}},"260":{"start":{"line":423,"column":12},"end":{"line":423,"column":77}},"261":{"start":{"line":426,"column":27},"end":{"line":426,"column":60}},"262":{"start":{"line":427,"column":8},"end":{"line":429,"column":9}},"263":{"start":{"line":428,"column":12},"end":{"line":428,"column":95}},"264":{"start":{"line":431,"column":23},"end":{"line":431,"column":71}},"265":{"start":{"line":432,"column":8},"end":{"line":434,"column":9}},"266":{"start":{"line":433,"column":12},"end":{"line":433,"column":79}},"267":{"start":{"line":436,"column":8},"end":{"line":436,"column":74}},"268":{"start":{"line":438,"column":8},"end":{"line":438,"column":56}},"269":{"start":{"line":439,"column":8},"end":{"line":439,"column":66}},"270":{"start":{"line":444,"column":0},"end":{"line":460,"column":3}},"271":{"start":{"line":445,"column":4},"end":{"line":459,"column":5}},"272":{"start":{"line":446,"column":59},"end":{"line":446,"column":67}},"273":{"start":{"line":447,"column":8},"end":{"line":449,"column":9}},"274":{"start":{"line":448,"column":12},"end":{"line":448,"column":122}},"275":{"start":{"line":450,"column":23},"end":{"line":450,"column":30}},"276":{"start":{"line":451,"column":23},"end":{"line":451,"column":69}},"277":{"start":{"line":452,"column":8},"end":{"line":454,"column":9}},"278":{"start":{"line":453,"column":12},"end":{"line":453,"column":79}},"279":{"start":{"line":455,"column":8},"end":{"line":455,"column":74}},"280":{"start":{"line":457,"column":8},"end":{"line":457,"column":56}},"281":{"start":{"line":458,"column":8},"end":{"line":458,"column":66}},"282":{"start":{"line":462,"column":0},"end":{"line":465,"column":2}},"283":{"start":{"line":463,"column":4},"end":{"line":463,"column":28}},"284":{"start":{"line":464,"column":4},"end":{"line":464,"column":45}},"285":{"start":{"line":468,"column":0},"end":{"line":470,"column":2}},"286":{"start":{"line":469,"column":4},"end":{"line":469,"column":49}}},"fnMap":{"0":{"name":"(anonymous_0)","decl":{"start":{"line":18,"column":26},"end":{"line":18,"column":27}},"loc":{"start":{"line":18,"column":46},"end":{"line":45,"column":1}},"line":18},"1":{"name":"(anonymous_1)","decl":{"start":{"line":47,"column":21},"end":{"line":47,"column":22}},"loc":{"start":{"line":47,"column":41},"end":{"line":66,"column":3}},"line":47},"2":{"name":"(anonymous_2)","decl":{"start":{"line":69,"column":19},"end":{"line":69,"column":20}},"loc":{"start":{"line":69,"column":39},"end":{"line":94,"column":1}},"line":69},"3":{"name":"(anonymous_3)","decl":{"start":{"line":96,"column":24},"end":{"line":96,"column":25}},"loc":{"start":{"line":96,"column":44},"end":{"line":130,"column":1}},"line":96},"4":{"name":"(anonymous_4)","decl":{"start":{"line":132,"column":22},"end":{"line":132,"column":23}},"loc":{"start":{"line":132,"column":42},"end":{"line":176,"column":1}},"line":132},"5":{"name":"(anonymous_5)","decl":{"start":{"line":178,"column":21},"end":{"line":178,"column":22}},"loc":{"start":{"line":178,"column":41},"end":{"line":197,"column":1}},"line":178},"6":{"name":"(anonymous_6)","decl":{"start":{"line":200,"column":22},"end":{"line":200,"column":23}},"loc":{"start":{"line":200,"column":42},"end":{"line":239,"column":1}},"line":200},"7":{"name":"(anonymous_7)","decl":{"start":{"line":241,"column":25},"end":{"line":241,"column":26}},"loc":{"start":{"line":241,"column":45},"end":{"line":274,"column":1}},"line":241},"8":{"name":"(anonymous_8)","decl":{"start":{"line":276,"column":32},"end":{"line":276,"column":33}},"loc":{"start":{"line":276,"column":52},"end":{"line":291,"column":1}},"line":276},"9":{"name":"(anonymous_9)","decl":{"start":{"line":292,"column":30},"end":{"line":292,"column":31}},"loc":{"start":{"line":292,"column":50},"end":{"line":314,"column":1}},"line":292},"10":{"name":"(anonymous_10)","decl":{"start":{"line":315,"column":29},"end":{"line":315,"column":30}},"loc":{"start":{"line":315,"column":48},"end":{"line":336,"column":1}},"line":315},"11":{"name":"(anonymous_11)","decl":{"start":{"line":325,"column":46},"end":{"line":325,"column":47}},"loc":{"start":{"line":325,"column":55},"end":{"line":331,"column":9}},"line":325},"12":{"name":"(anonymous_12)","decl":{"start":{"line":337,"column":26},"end":{"line":337,"column":27}},"loc":{"start":{"line":337,"column":45},"end":{"line":360,"column":1}},"line":337},"13":{"name":"(anonymous_13)","decl":{"start":{"line":361,"column":25},"end":{"line":361,"column":26}},"loc":{"start":{"line":361,"column":45},"end":{"line":378,"column":1}},"line":361},"14":{"name":"(anonymous_14)","decl":{"start":{"line":379,"column":26},"end":{"line":379,"column":27}},"loc":{"start":{"line":379,"column":40},"end":{"line":396,"column":1}},"line":379},"15":{"name":"(anonymous_15)","decl":{"start":{"line":397,"column":24},"end":{"line":397,"column":25}},"loc":{"start":{"line":397,"column":44},"end":{"line":412,"column":1}},"line":397},"16":{"name":"(anonymous_16)","decl":{"start":{"line":413,"column":22},"end":{"line":413,"column":23}},"loc":{"start":{"line":413,"column":42},"end":{"line":441,"column":1}},"line":413},"17":{"name":"(anonymous_17)","decl":{"start":{"line":444,"column":22},"end":{"line":444,"column":23}},"loc":{"start":{"line":444,"column":42},"end":{"line":460,"column":1}},"line":444},"18":{"name":"(anonymous_18)","decl":{"start":{"line":462,"column":8},"end":{"line":462,"column":9}},"loc":{"start":{"line":462,"column":33},"end":{"line":465,"column":1}},"line":462},"19":{"name":"(anonymous_19)","decl":{"start":{"line":468,"column":17},"end":{"line":468,"column":18}},"loc":{"start":{"line":468,"column":23},"end":{"line":470,"column":1}},"line":468}},"branchMap":{"0":{"loc":{"start":{"line":22,"column":4},"end":{"line":24,"column":5}},"type":"if","locations":[{"start":{"line":22,"column":4},"end":{"line":24,"column":5}},{"start":{},"end":{}}],"line":22},"1":{"loc":{"start":{"line":22,"column":8},"end":{"line":22,"column":37}},"type":"binary-expr","locations":[{"start":{"line":22,"column":8},"end":{"line":22,"column":24}},{"start":{"line":22,"column":28},"end":{"line":22,"column":37}}],"line":22},"2":{"loc":{"start":{"line":28,"column":8},"end":{"line":30,"column":9}},"type":"if","locations":[{"start":{"line":28,"column":8},"end":{"line":30,"column":9}},{"start":{},"end":{}}],"line":28},"3":{"loc":{"start":{"line":49,"column":4},"end":{"line":49,"column":57}},"type":"if","locations":[{"start":{"line":49,"column":4},"end":{"line":49,"column":57}},{"start":{},"end":{}}],"line":49},"4":{"loc":{"start":{"line":51,"column":4},"end":{"line":53,"column":5}},"type":"if","locations":[{"start":{"line":51,"column":4},"end":{"line":53,"column":5}},{"start":{},"end":{}}],"line":51},"5":{"loc":{"start":{"line":56,"column":8},"end":{"line":58,"column":9}},"type":"if","locations":[{"start":{"line":56,"column":8},"end":{"line":58,"column":9}},{"start":{},"end":{}}],"line":56},"6":{"loc":{"start":{"line":71,"column":4},"end":{"line":73,"column":5}},"type":"if","locations":[{"start":{"line":71,"column":4},"end":{"line":73,"column":5}},{"start":{},"end":{}}],"line":71},"7":{"loc":{"start":{"line":71,"column":8},"end":{"line":71,"column":40}},"type":"binary-expr","locations":[{"start":{"line":71,"column":8},"end":{"line":71,"column":17}},{"start":{"line":71,"column":21},"end":{"line":71,"column":30}},{"start":{"line":71,"column":34},"end":{"line":71,"column":40}}],"line":71},"8":{"loc":{"start":{"line":77,"column":8},"end":{"line":79,"column":9}},"type":"if","locations":[{"start":{"line":77,"column":8},"end":{"line":79,"column":9}},{"start":{},"end":{}}],"line":77},"9":{"loc":{"start":{"line":100,"column":8},"end":{"line":100,"column":61}},"type":"if","locations":[{"start":{"line":100,"column":8},"end":{"line":100,"column":61}},{"start":{},"end":{}}],"line":100},"10":{"loc":{"start":{"line":105,"column":8},"end":{"line":107,"column":9}},"type":"if","locations":[{"start":{"line":105,"column":8},"end":{"line":107,"column":9}},{"start":{},"end":{}}],"line":105},"11":{"loc":{"start":{"line":109,"column":8},"end":{"line":111,"column":9}},"type":"if","locations":[{"start":{"line":109,"column":8},"end":{"line":111,"column":9}},{"start":{},"end":{}}],"line":109},"12":{"loc":{"start":{"line":113,"column":8},"end":{"line":115,"column":9}},"type":"if","locations":[{"start":{"line":113,"column":8},"end":{"line":115,"column":9}},{"start":{},"end":{}}],"line":113},"13":{"loc":{"start":{"line":117,"column":8},"end":{"line":124,"column":5}},"type":"if","locations":[{"start":{"line":117,"column":8},"end":{"line":124,"column":5}},{"start":{"line":119,"column":13},"end":{"line":124,"column":5}}],"line":117},"14":{"loc":{"start":{"line":135,"column":8},"end":{"line":135,"column":61}},"type":"if","locations":[{"start":{"line":135,"column":8},"end":{"line":135,"column":61}},{"start":{},"end":{}}],"line":135},"15":{"loc":{"start":{"line":137,"column":8},"end":{"line":139,"column":9}},"type":"if","locations":[{"start":{"line":137,"column":8},"end":{"line":139,"column":9}},{"start":{},"end":{}}],"line":137},"16":{"loc":{"start":{"line":141,"column":8},"end":{"line":143,"column":9}},"type":"if","locations":[{"start":{"line":141,"column":8},"end":{"line":143,"column":9}},{"start":{},"end":{}}],"line":141},"17":{"loc":{"start":{"line":151,"column":8},"end":{"line":153,"column":9}},"type":"if","locations":[{"start":{"line":151,"column":8},"end":{"line":153,"column":9}},{"start":{},"end":{}}],"line":151},"18":{"loc":{"start":{"line":156,"column":8},"end":{"line":158,"column":9}},"type":"if","locations":[{"start":{"line":156,"column":8},"end":{"line":158,"column":9}},{"start":{},"end":{}}],"line":156},"19":{"loc":{"start":{"line":156,"column":12},"end":{"line":156,"column":51}},"type":"binary-expr","locations":[{"start":{"line":156,"column":12},"end":{"line":156,"column":23}},{"start":{"line":156,"column":27},"end":{"line":156,"column":51}}],"line":156},"20":{"loc":{"start":{"line":163,"column":22},"end":{"line":163,"column":41}},"type":"binary-expr","locations":[{"start":{"line":163,"column":22},"end":{"line":163,"column":35}},{"start":{"line":163,"column":39},"end":{"line":163,"column":41}}],"line":163},"21":{"loc":{"start":{"line":164,"column":19},"end":{"line":164,"column":35}},"type":"binary-expr","locations":[{"start":{"line":164,"column":19},"end":{"line":164,"column":29}},{"start":{"line":164,"column":33},"end":{"line":164,"column":35}}],"line":164},"22":{"loc":{"start":{"line":165,"column":21},"end":{"line":165,"column":39}},"type":"binary-expr","locations":[{"start":{"line":165,"column":21},"end":{"line":165,"column":33}},{"start":{"line":165,"column":37},"end":{"line":165,"column":39}}],"line":165},"23":{"loc":{"start":{"line":166,"column":22},"end":{"line":166,"column":41}},"type":"binary-expr","locations":[{"start":{"line":166,"column":22},"end":{"line":166,"column":35}},{"start":{"line":166,"column":39},"end":{"line":166,"column":41}}],"line":166},"24":{"loc":{"start":{"line":167,"column":20},"end":{"line":167,"column":37}},"type":"binary-expr","locations":[{"start":{"line":167,"column":20},"end":{"line":167,"column":31}},{"start":{"line":167,"column":35},"end":{"line":167,"column":37}}],"line":167},"25":{"loc":{"start":{"line":170,"column":8},"end":{"line":172,"column":9}},"type":"if","locations":[{"start":{"line":170,"column":8},"end":{"line":172,"column":9}},{"start":{},"end":{}}],"line":170},"26":{"loc":{"start":{"line":180,"column":4},"end":{"line":180,"column":57}},"type":"if","locations":[{"start":{"line":180,"column":4},"end":{"line":180,"column":57}},{"start":{},"end":{}}],"line":180},"27":{"loc":{"start":{"line":182,"column":4},"end":{"line":184,"column":5}},"type":"if","locations":[{"start":{"line":182,"column":4},"end":{"line":184,"column":5}},{"start":{},"end":{}}],"line":182},"28":{"loc":{"start":{"line":187,"column":8},"end":{"line":189,"column":9}},"type":"if","locations":[{"start":{"line":187,"column":8},"end":{"line":189,"column":9}},{"start":{},"end":{}}],"line":187},"29":{"loc":{"start":{"line":202,"column":4},"end":{"line":202,"column":57}},"type":"if","locations":[{"start":{"line":202,"column":4},"end":{"line":202,"column":57}},{"start":{},"end":{}}],"line":202},"30":{"loc":{"start":{"line":206,"column":4},"end":{"line":209,"column":5}},"type":"if","locations":[{"start":{"line":206,"column":4},"end":{"line":209,"column":5}},{"start":{},"end":{}}],"line":206},"31":{"loc":{"start":{"line":206,"column":7},"end":{"line":206,"column":42}},"type":"binary-expr","locations":[{"start":{"line":206,"column":7},"end":{"line":206,"column":16}},{"start":{"line":206,"column":20},"end":{"line":206,"column":42}}],"line":206},"32":{"loc":{"start":{"line":212,"column":4},"end":{"line":214,"column":5}},"type":"if","locations":[{"start":{"line":212,"column":4},"end":{"line":214,"column":5}},{"start":{},"end":{}}],"line":212},"33":{"loc":{"start":{"line":216,"column":4},"end":{"line":218,"column":5}},"type":"if","locations":[{"start":{"line":216,"column":4},"end":{"line":218,"column":5}},{"start":{},"end":{}}],"line":216},"34":{"loc":{"start":{"line":221,"column":8},"end":{"line":223,"column":9}},"type":"if","locations":[{"start":{"line":221,"column":8},"end":{"line":223,"column":9}},{"start":{},"end":{}}],"line":221},"35":{"loc":{"start":{"line":221,"column":12},"end":{"line":221,"column":93}},"type":"binary-expr","locations":[{"start":{"line":221,"column":12},"end":{"line":221,"column":25}},{"start":{"line":221,"column":29},"end":{"line":221,"column":48}},{"start":{"line":221,"column":52},"end":{"line":221,"column":68}},{"start":{"line":221,"column":72},"end":{"line":221,"column":93}}],"line":221},"36":{"loc":{"start":{"line":227,"column":8},"end":{"line":229,"column":9}},"type":"if","locations":[{"start":{"line":227,"column":8},"end":{"line":229,"column":9}},{"start":{},"end":{}}],"line":227},"37":{"loc":{"start":{"line":244,"column":8},"end":{"line":244,"column":61}},"type":"if","locations":[{"start":{"line":244,"column":8},"end":{"line":244,"column":61}},{"start":{},"end":{}}],"line":244},"38":{"loc":{"start":{"line":250,"column":8},"end":{"line":252,"column":9}},"type":"if","locations":[{"start":{"line":250,"column":8},"end":{"line":252,"column":9}},{"start":{},"end":{}}],"line":250},"39":{"loc":{"start":{"line":254,"column":8},"end":{"line":256,"column":9}},"type":"if","locations":[{"start":{"line":254,"column":8},"end":{"line":256,"column":9}},{"start":{},"end":{}}],"line":254},"40":{"loc":{"start":{"line":259,"column":8},"end":{"line":261,"column":9}},"type":"if","locations":[{"start":{"line":259,"column":8},"end":{"line":261,"column":9}},{"start":{},"end":{}}],"line":259},"41":{"loc":{"start":{"line":268,"column":8},"end":{"line":270,"column":9}},"type":"if","locations":[{"start":{"line":268,"column":8},"end":{"line":270,"column":9}},{"start":{},"end":{}}],"line":268},"42":{"loc":{"start":{"line":279,"column":8},"end":{"line":279,"column":61}},"type":"if","locations":[{"start":{"line":279,"column":8},"end":{"line":279,"column":61}},{"start":{},"end":{}}],"line":279},"43":{"loc":{"start":{"line":281,"column":8},"end":{"line":283,"column":9}},"type":"if","locations":[{"start":{"line":281,"column":8},"end":{"line":283,"column":9}},{"start":{},"end":{}}],"line":281},"44":{"loc":{"start":{"line":297,"column":8},"end":{"line":297,"column":60}},"type":"if","locations":[{"start":{"line":297,"column":8},"end":{"line":297,"column":60}},{"start":{},"end":{}}],"line":297},"45":{"loc":{"start":{"line":299,"column":8},"end":{"line":301,"column":9}},"type":"if","locations":[{"start":{"line":299,"column":8},"end":{"line":301,"column":9}},{"start":{},"end":{}}],"line":299},"46":{"loc":{"start":{"line":319,"column":8},"end":{"line":319,"column":60}},"type":"if","locations":[{"start":{"line":319,"column":8},"end":{"line":319,"column":60}},{"start":{},"end":{}}],"line":319},"47":{"loc":{"start":{"line":321,"column":8},"end":{"line":323,"column":9}},"type":"if","locations":[{"start":{"line":321,"column":8},"end":{"line":323,"column":9}},{"start":{},"end":{}}],"line":321},"48":{"loc":{"start":{"line":341,"column":8},"end":{"line":341,"column":60}},"type":"if","locations":[{"start":{"line":341,"column":8},"end":{"line":341,"column":60}},{"start":{},"end":{}}],"line":341},"49":{"loc":{"start":{"line":343,"column":8},"end":{"line":345,"column":9}},"type":"if","locations":[{"start":{"line":343,"column":8},"end":{"line":345,"column":9}},{"start":{},"end":{}}],"line":343},"50":{"loc":{"start":{"line":347,"column":8},"end":{"line":350,"column":9}},"type":"if","locations":[{"start":{"line":347,"column":8},"end":{"line":350,"column":9}},{"start":{},"end":{}}],"line":347},"51":{"loc":{"start":{"line":351,"column":25},"end":{"line":351,"column":105}},"type":"cond-expr","locations":[{"start":{"line":351,"column":60},"end":{"line":351,"column":88}},{"start":{"line":351,"column":91},"end":{"line":351,"column":105}}],"line":351},"52":{"loc":{"start":{"line":365,"column":4},"end":{"line":365,"column":56}},"type":"if","locations":[{"start":{"line":365,"column":4},"end":{"line":365,"column":56}},{"start":{},"end":{}}],"line":365},"53":{"loc":{"start":{"line":367,"column":4},"end":{"line":369,"column":5}},"type":"if","locations":[{"start":{"line":367,"column":4},"end":{"line":369,"column":5}},{"start":{},"end":{}}],"line":367},"54":{"loc":{"start":{"line":370,"column":21},"end":{"line":370,"column":101}},"type":"cond-expr","locations":[{"start":{"line":370,"column":56},"end":{"line":370,"column":84}},{"start":{"line":370,"column":87},"end":{"line":370,"column":101}}],"line":370},"55":{"loc":{"start":{"line":383,"column":8},"end":{"line":383,"column":60}},"type":"if","locations":[{"start":{"line":383,"column":8},"end":{"line":383,"column":60}},{"start":{},"end":{}}],"line":383},"56":{"loc":{"start":{"line":385,"column":8},"end":{"line":387,"column":9}},"type":"if","locations":[{"start":{"line":385,"column":8},"end":{"line":387,"column":9}},{"start":{},"end":{}}],"line":385},"57":{"loc":{"start":{"line":400,"column":8},"end":{"line":402,"column":9}},"type":"if","locations":[{"start":{"line":400,"column":8},"end":{"line":402,"column":9}},{"start":{},"end":{}}],"line":400},"58":{"loc":{"start":{"line":400,"column":12},"end":{"line":400,"column":34}},"type":"binary-expr","locations":[{"start":{"line":400,"column":12},"end":{"line":400,"column":20}},{"start":{"line":400,"column":24},"end":{"line":400,"column":34}}],"line":400},"59":{"loc":{"start":{"line":404,"column":8},"end":{"line":406,"column":9}},"type":"if","locations":[{"start":{"line":404,"column":8},"end":{"line":406,"column":9}},{"start":{},"end":{}}],"line":404},"60":{"loc":{"start":{"line":416,"column":8},"end":{"line":416,"column":61}},"type":"if","locations":[{"start":{"line":416,"column":8},"end":{"line":416,"column":61}},{"start":{},"end":{}}],"line":416},"61":{"loc":{"start":{"line":418,"column":8},"end":{"line":420,"column":9}},"type":"if","locations":[{"start":{"line":418,"column":8},"end":{"line":420,"column":9}},{"start":{},"end":{}}],"line":418},"62":{"loc":{"start":{"line":422,"column":8},"end":{"line":424,"column":9}},"type":"if","locations":[{"start":{"line":422,"column":8},"end":{"line":424,"column":9}},{"start":{},"end":{}}],"line":422},"63":{"loc":{"start":{"line":427,"column":8},"end":{"line":429,"column":9}},"type":"if","locations":[{"start":{"line":427,"column":8},"end":{"line":429,"column":9}},{"start":{},"end":{}}],"line":427},"64":{"loc":{"start":{"line":432,"column":8},"end":{"line":434,"column":9}},"type":"if","locations":[{"start":{"line":432,"column":8},"end":{"line":434,"column":9}},{"start":{},"end":{}}],"line":432},"65":{"loc":{"start":{"line":447,"column":8},"end":{"line":449,"column":9}},"type":"if","locations":[{"start":{"line":447,"column":8},"end":{"line":449,"column":9}},{"start":{},"end":{}}],"line":447},"66":{"loc":{"start":{"line":447,"column":12},"end":{"line":447,"column":63}},"type":"binary-expr","locations":[{"start":{"line":447,"column":12},"end":{"line":447,"column":20}},{"start":{"line":447,"column":24},"end":{"line":447,"column":28}},{"start":{"line":447,"column":32},"end":{"line":447,"column":36}},{"start":{"line":447,"column":40},"end":{"line":447,"column":49}},{"start":{"line":447,"column":53},"end":{"line":447,"column":63}}],"line":447},"67":{"loc":{"start":{"line":452,"column":8},"end":{"line":454,"column":9}},"type":"if","locations":[{"start":{"line":452,"column":8},"end":{"line":454,"column":9}},{"start":{},"end":{}}],"line":452}},"s":{"0":1,"1":1,"2":1,"3":1,"4":1,"5":1,"6":1,"7":10,"8":10,"9":10,"10":10,"11":1,"12":9,"13":9,"14":9,"15":9,"16":1,"17":8,"18":8,"19":8,"20":8,"21":0,"22":0,"23":1,"24":4,"25":4,"26":1,"27":3,"28":3,"29":1,"30":2,"31":2,"32":1,"33":0,"34":1,"35":1,"36":1,"37":1,"38":7,"39":7,"40":1,"41":6,"42":6,"43":6,"44":1,"45":5,"46":5,"47":5,"48":5,"49":0,"50":0,"51":1,"52":2,"53":2,"54":2,"55":1,"56":1,"57":1,"58":1,"59":1,"60":0,"61":1,"62":1,"63":0,"64":1,"65":1,"66":0,"67":1,"68":1,"69":0,"70":1,"71":0,"72":0,"73":1,"74":4,"75":4,"76":4,"77":1,"78":3,"79":3,"80":0,"81":3,"82":3,"83":0,"84":3,"85":3,"86":3,"87":0,"88":3,"89":3,"90":3,"91":0,"92":3,"93":3,"94":0,"95":0,"96":0,"97":0,"98":1,"99":0,"100":0,"101":0,"102":0,"103":0,"104":0,"105":0,"106":0,"107":0,"108":0,"109":0,"110":0,"111":0,"112":1,"113":6,"114":6,"115":1,"116":5,"117":5,"118":5,"119":5,"120":0,"121":5,"122":5,"123":1,"124":4,"125":2,"126":2,"127":2,"128":1,"129":1,"130":1,"131":0,"132":1,"133":0,"134":0,"135":1,"136":8,"137":8,"138":8,"139":1,"140":7,"141":7,"142":7,"143":1,"144":6,"145":1,"146":5,"147":5,"148":0,"149":5,"150":0,"151":0,"152":0,"153":0,"154":1,"155":3,"156":3,"157":3,"158":1,"159":2,"160":2,"161":1,"162":1,"163":0,"164":0,"165":1,"166":3,"167":3,"168":3,"169":3,"170":1,"171":2,"172":2,"173":1,"174":1,"175":1,"176":0,"177":0,"178":1,"179":2,"180":2,"181":2,"182":2,"183":1,"184":1,"185":1,"186":0,"187":1,"188":1,"189":1,"190":0,"191":0,"192":1,"193":3,"194":3,"195":3,"196":3,"197":1,"198":2,"199":2,"200":1,"201":1,"202":1,"203":0,"204":0,"205":1,"206":1,"207":1,"208":1,"209":0,"210":0,"211":1,"212":3,"213":3,"214":3,"215":3,"216":1,"217":2,"218":2,"219":1,"220":1,"221":1,"222":1,"223":1,"224":0,"225":0,"226":1,"227":3,"228":3,"229":3,"230":3,"231":1,"232":2,"233":2,"234":1,"235":1,"236":1,"237":0,"238":0,"239":1,"240":1,"241":1,"242":1,"243":0,"244":1,"245":1,"246":0,"247":1,"248":0,"249":0,"250":1,"251":3,"252":3,"253":3,"254":1,"255":2,"256":2,"257":0,"258":2,"259":2,"260":1,"261":1,"262":1,"263":0,"264":1,"265":1,"266":0,"267":1,"268":0,"269":0,"270":1,"271":2,"272":2,"273":2,"274":1,"275":1,"276":1,"277":1,"278":0,"279":1,"280":0,"281":0,"282":1,"283":0,"284":0,"285":1,"286":1},"f":{"0":10,"1":4,"2":7,"3":2,"4":4,"5":0,"6":6,"7":8,"8":3,"9":3,"10":2,"11":1,"12":3,"13":3,"14":3,"15":1,"16":3,"17":2,"18":0,"19":1},"b":{"0":[1,9],"1":[10,10],"2":[1,8],"3":[1,3],"4":[1,2],"5":[0,1],"6":[1,6],"7":[7,7,6],"8":[1,5],"9":[1,1],"10":[0,1],"11":[0,1],"12":[0,1],"13":[0,1],"14":[1,3],"15":[0,3],"16":[0,3],"17":[0,3],"18":[0,3],"19":[3,0],"20":[3,0],"21":[3,0],"22":[3,2],"23":[3,3],"24":[3,0],"25":[0,0],"26":[0,0],"27":[0,0],"28":[0,0],"29":[1,5],"30":[0,5],"31":[5,5],"32":[1,4],"33":[2,2],"34":[1,1],"35":[2,2,1,1],"36":[0,1],"37":[1,7],"38":[1,6],"39":[1,5],"40":[0,5],"41":[0,0],"42":[1,2],"43":[1,1],"44":[1,2],"45":[1,1],"46":[1,1],"47":[0,1],"48":[1,2],"49":[1,1],"50":[0,1],"51":[1,0],"52":[1,2],"53":[1,1],"54":[1,0],"55":[1,2],"56":[1,1],"57":[0,1],"58":[1,1],"59":[0,1],"60":[1,2],"61":[0,2],"62":[1,1],"63":[0,1],"64":[0,1],"65":[1,1],"66":[2,2,2,2,2],"67":[0,1]},"_coverageSchema":"1a1c01bbd47fc00a2c39e90264f33305004495a9","hash":"4df1eb6b4226cce3de8d44dc907f59d53aa4f012"}
,"C:\\Users\\teppi\\OneDrive\\Bureau\\New folder (4)\\ConnectKid\\BACKEND\\database.js": {"path":"C:\\Users\\teppi\\OneDrive\\Bureau\\New folder (4)\\ConnectKid\\BACKEND\\database.js","statementMap":{"0":{"start":{"line":28,"column":0},"end":{"line":28,"column":39}},"1":{"start":{"line":29,"column":12},"end":{"line":29,"column":27}},"2":{"start":{"line":30,"column":11},"end":{"line":30,"column":31}},"3":{"start":{"line":31,"column":13},"end":{"line":31,"column":35}},"4":{"start":{"line":32,"column":15},"end":{"line":38,"column":4}},"5":{"start":{"line":44,"column":4},"end":{"line":58,"column":5}},"6":{"start":{"line":45,"column":6},"end":{"line":45,"column":29}},"7":{"start":{"line":46,"column":6},"end":{"line":46,"column":47}},"8":{"start":{"line":47,"column":6},"end":{"line":47,"column":42}},"9":{"start":{"line":48,"column":6},"end":{"line":48,"column":64}},"10":{"start":{"line":49,"column":6},"end":{"line":49,"column":53}},"11":{"start":{"line":50,"column":6},"end":{"line":50,"column":53}},"12":{"start":{"line":51,"column":6},"end":{"line":51,"column":59}},"13":{"start":{"line":52,"column":6},"end":{"line":52,"column":56}},"14":{"start":{"line":53,"column":6},"end":{"line":53,"column":48}},"15":{"start":{"line":54,"column":6},"end":{"line":54,"column":52}},"16":{"start":{"line":55,"column":6},"end":{"line":55,"column":84}},"17":{"start":{"line":57,"column":8},"end":{"line":57,"column":30}},"18":{"start":{"line":90,"column":2},"end":{"line":90,"column":105}},"19":{"start":{"line":91,"column":15},"end":{"line":91,"column":99}},"20":{"start":{"line":92,"column":2},"end":{"line":92,"column":23}},"21":{"start":{"line":93,"column":2},"end":{"line":103,"column":3}},"22":{"start":{"line":94,"column":17},"end":{"line":94,"column":24}},"23":{"start":{"line":95,"column":4},"end":{"line":95,"column":17}},"24":{"start":{"line":96,"column":28},"end":{"line":96,"column":58}},"25":{"start":{"line":97,"column":4},"end":{"line":97,"column":33}},"26":{"start":{"line":98,"column":4},"end":{"line":98,"column":26}},"27":{"start":{"line":99,"column":4},"end":{"line":102,"column":5}},"28":{"start":{"line":100,"column":6},"end":{"line":100,"column":24}},"29":{"start":{"line":101,"column":6},"end":{"line":101,"column":18}},"30":{"start":{"line":104,"column":2},"end":{"line":104,"column":52}},"31":{"start":{"line":105,"column":2},"end":{"line":105,"column":14}},"32":{"start":{"line":109,"column":4},"end":{"line":109,"column":87}},"33":{"start":{"line":110,"column":17},"end":{"line":110,"column":86}},"34":{"start":{"line":111,"column":4},"end":{"line":111,"column":25}},"35":{"start":{"line":112,"column":4},"end":{"line":112,"column":19}},"36":{"start":{"line":115,"column":21},"end":{"line":115,"column":85}},"37":{"start":{"line":116,"column":15},"end":{"line":116,"column":17}},"38":{"start":{"line":117,"column":2},"end":{"line":119,"column":3}},"39":{"start":{"line":117,"column":15},"end":{"line":117,"column":16}},"40":{"start":{"line":118,"column":6},"end":{"line":118,"column":81}},"41":{"start":{"line":120,"column":2},"end":{"line":120,"column":16}},"42":{"start":{"line":123,"column":2},"end":{"line":123,"column":60}},"43":{"start":{"line":124,"column":15},"end":{"line":124,"column":58}},"44":{"start":{"line":125,"column":2},"end":{"line":125,"column":23}},"45":{"start":{"line":126,"column":2},"end":{"line":126,"column":17}},"46":{"start":{"line":130,"column":4},"end":{"line":130,"column":75}},"47":{"start":{"line":131,"column":18},"end":{"line":131,"column":40}},"48":{"start":{"line":132,"column":18},"end":{"line":132,"column":40}},"49":{"start":{"line":133,"column":4},"end":{"line":135,"column":5}},"50":{"start":{"line":134,"column":6},"end":{"line":134,"column":78}},"51":{"start":{"line":136,"column":4},"end":{"line":138,"column":5}},"52":{"start":{"line":137,"column":6},"end":{"line":137,"column":78}},"53":{"start":{"line":139,"column":4},"end":{"line":139,"column":44}},"54":{"start":{"line":140,"column":4},"end":{"line":140,"column":15}},"55":{"start":{"line":143,"column":2},"end":{"line":143,"column":113}},"56":{"start":{"line":144,"column":18},"end":{"line":144,"column":72}},"57":{"start":{"line":145,"column":15},"end":{"line":145,"column":62}},"58":{"start":{"line":147,"column":2},"end":{"line":152,"column":3}},"59":{"start":{"line":148,"column":4},"end":{"line":148,"column":29}},"60":{"start":{"line":149,"column":4},"end":{"line":151,"column":5}},"61":{"start":{"line":150,"column":6},"end":{"line":150,"column":12}},"62":{"start":{"line":153,"column":13},"end":{"line":164,"column":3}},"63":{"start":{"line":165,"column":2},"end":{"line":165,"column":27}},"64":{"start":{"line":166,"column":12},"end":{"line":166,"column":37}},"65":{"start":{"line":167,"column":2},"end":{"line":167,"column":21}},"66":{"start":{"line":168,"column":2},"end":{"line":168,"column":12}},"67":{"start":{"line":172,"column":2},"end":{"line":172,"column":52}},"68":{"start":{"line":173,"column":2},"end":{"line":173,"column":20}},"69":{"start":{"line":174,"column":15},"end":{"line":174,"column":49}},"70":{"start":{"line":176,"column":2},"end":{"line":179,"column":3}},"71":{"start":{"line":177,"column":6},"end":{"line":177,"column":49}},"72":{"start":{"line":178,"column":6},"end":{"line":178,"column":18}},"73":{"start":{"line":181,"column":2},"end":{"line":181,"column":56}},"74":{"start":{"line":182,"column":2},"end":{"line":182,"column":17}},"75":{"start":{"line":188,"column":4},"end":{"line":188,"column":76}},"76":{"start":{"line":190,"column":18},"end":{"line":190,"column":48}},"77":{"start":{"line":191,"column":19},"end":{"line":197,"column":5}},"78":{"start":{"line":198,"column":4},"end":{"line":198,"column":38}},"79":{"start":{"line":199,"column":4},"end":{"line":199,"column":15}},"80":{"start":{"line":204,"column":4},"end":{"line":204,"column":63}},"81":{"start":{"line":205,"column":17},"end":{"line":205,"column":38}},"82":{"start":{"line":206,"column":19},"end":{"line":206,"column":21}},"83":{"start":{"line":207,"column":4},"end":{"line":210,"column":5}},"84":{"start":{"line":207,"column":17},"end":{"line":207,"column":18}},"85":{"start":{"line":208,"column":20},"end":{"line":208,"column":54}},"86":{"start":{"line":209,"column":6},"end":{"line":209,"column":29}},"87":{"start":{"line":211,"column":4},"end":{"line":211,"column":26}},"88":{"start":{"line":212,"column":4},"end":{"line":212,"column":20}},"89":{"start":{"line":216,"column":19},"end":{"line":216,"column":60}},"90":{"start":{"line":219,"column":4},"end":{"line":219,"column":31}},"91":{"start":{"line":235,"column":2},"end":{"line":235,"column":44}},"92":{"start":{"line":238,"column":23},"end":{"line":242,"column":4}},"93":{"start":{"line":243,"column":2},"end":{"line":245,"column":3}},"94":{"start":{"line":244,"column":4},"end":{"line":244,"column":24}},"95":{"start":{"line":246,"column":26},"end":{"line":251,"column":3}},"96":{"start":{"line":252,"column":17},"end":{"line":252,"column":63}},"97":{"start":{"line":253,"column":2},"end":{"line":253,"column":16}},"98":{"start":{"line":259,"column":18},"end":{"line":265,"column":3}},"99":{"start":{"line":267,"column":2},"end":{"line":267,"column":36}},"100":{"start":{"line":270,"column":2},"end":{"line":282,"column":4}},"101":{"start":{"line":284,"column":2},"end":{"line":284,"column":17}},"102":{"start":{"line":291,"column":2},"end":{"line":294,"column":15}},"103":{"start":{"line":299,"column":2},"end":{"line":301,"column":39}},"104":{"start":{"line":307,"column":2},"end":{"line":314,"column":4}},"105":{"start":{"line":329,"column":2},"end":{"line":345,"column":3}},"106":{"start":{"line":330,"column":4},"end":{"line":330,"column":16}},"107":{"start":{"line":331,"column":27},"end":{"line":331,"column":53}},"108":{"start":{"line":332,"column":26},"end":{"line":332,"column":54}},"109":{"start":{"line":333,"column":21},"end":{"line":333,"column":69}},"110":{"start":{"line":335,"column":4},"end":{"line":335,"column":60}},"111":{"start":{"line":337,"column":4},"end":{"line":340,"column":7}},"112":{"start":{"line":338,"column":6},"end":{"line":338,"column":82}},"113":{"start":{"line":339,"column":6},"end":{"line":339,"column":49}},"114":{"start":{"line":343,"column":4},"end":{"line":343,"column":41}},"115":{"start":{"line":344,"column":4},"end":{"line":344,"column":14}},"116":{"start":{"line":348,"column":2},"end":{"line":348,"column":84}},"117":{"start":{"line":349,"column":2},"end":{"line":355,"column":5}},"118":{"start":{"line":356,"column":2},"end":{"line":356,"column":14}},"119":{"start":{"line":360,"column":2},"end":{"line":360,"column":87}},"120":{"start":{"line":361,"column":2},"end":{"line":361,"column":73}},"121":{"start":{"line":362,"column":2},"end":{"line":362,"column":14}},"122":{"start":{"line":365,"column":2},"end":{"line":365,"column":86}},"123":{"start":{"line":366,"column":15},"end":{"line":366,"column":87}},"124":{"start":{"line":367,"column":2},"end":{"line":367,"column":23}},"125":{"start":{"line":368,"column":2},"end":{"line":368,"column":17}},"126":{"start":{"line":371,"column":2},"end":{"line":371,"column":134}},"127":{"start":{"line":372,"column":2},"end":{"line":372,"column":122}},"128":{"start":{"line":373,"column":2},"end":{"line":373,"column":14}},"129":{"start":{"line":375,"column":0},"end":{"line":377,"column":52}},"130":{"start":{"line":376,"column":14},"end":{"line":376,"column":43}},"131":{"start":{"line":377,"column":16},"end":{"line":377,"column":50}}},"fnMap":{"0":{"name":"run","decl":{"start":{"line":43,"column":22},"end":{"line":43,"column":25}},"loc":{"start":{"line":43,"column":28},"end":{"line":59,"column":3}},"line":43},"1":{"name":"getUserByUsernameOrEmailAndPassword","decl":{"start":{"line":89,"column":22},"end":{"line":89,"column":57}},"loc":{"start":{"line":89,"column":85},"end":{"line":106,"column":1}},"line":89},"2":{"name":"getUserByUsernameOrEmail","decl":{"start":{"line":108,"column":22},"end":{"line":108,"column":46}},"loc":{"start":{"line":108,"column":64},"end":{"line":113,"column":1}},"line":108},"3":{"name":"generatePairid","decl":{"start":{"line":114,"column":9},"end":{"line":114,"column":23}},"loc":{"start":{"line":114,"column":26},"end":{"line":121,"column":1}},"line":114},"4":{"name":"findUserByPairId","decl":{"start":{"line":122,"column":22},"end":{"line":122,"column":38}},"loc":{"start":{"line":122,"column":47},"end":{"line":127,"column":1}},"line":122},"5":{"name":"pairUser","decl":{"start":{"line":128,"column":22},"end":{"line":128,"column":30}},"loc":{"start":{"line":128,"column":39},"end":{"line":141,"column":1}},"line":128},"6":{"name":"createUser","decl":{"start":{"line":142,"column":22},"end":{"line":142,"column":32}},"loc":{"start":{"line":142,"column":76},"end":{"line":169,"column":1}},"line":142},"7":{"name":"getUserById","decl":{"start":{"line":171,"column":22},"end":{"line":171,"column":33}},"loc":{"start":{"line":171,"column":38},"end":{"line":183,"column":1}},"line":171},"8":{"name":"updateUserProfile","decl":{"start":{"line":185,"column":22},"end":{"line":185,"column":39}},"loc":{"start":{"line":185,"column":49},"end":{"line":200,"column":1}},"line":185},"9":{"name":"getUserContacts","decl":{"start":{"line":202,"column":22},"end":{"line":202,"column":37}},"loc":{"start":{"line":202,"column":41},"end":{"line":213,"column":1}},"line":202},"10":{"name":"deleteUserById","decl":{"start":{"line":214,"column":22},"end":{"line":214,"column":36}},"loc":{"start":{"line":214,"column":40},"end":{"line":220,"column":1}},"line":214},"11":{"name":"createConversation","decl":{"start":{"line":234,"column":22},"end":{"line":234,"column":40}},"loc":{"start":{"line":234,"column":73},"end":{"line":254,"column":1}},"line":234},"12":{"name":"sendMessage","decl":{"start":{"line":257,"column":22},"end":{"line":257,"column":33}},"loc":{"start":{"line":257,"column":69},"end":{"line":285,"column":1}},"line":257},"13":{"name":"getConversationMessages","decl":{"start":{"line":288,"column":22},"end":{"line":288,"column":45}},"loc":{"start":{"line":288,"column":74},"end":{"line":295,"column":1}},"line":288},"14":{"name":"getUserConversations","decl":{"start":{"line":298,"column":22},"end":{"line":298,"column":42}},"loc":{"start":{"line":298,"column":51},"end":{"line":302,"column":1}},"line":298},"15":{"name":"markMessagesAsRead","decl":{"start":{"line":305,"column":22},"end":{"line":305,"column":40}},"loc":{"start":{"line":305,"column":65},"end":{"line":315,"column":1}},"line":305},"16":{"name":"testGetMessages","decl":{"start":{"line":328,"column":15},"end":{"line":328,"column":30}},"loc":{"start":{"line":328,"column":33},"end":{"line":346,"column":1}},"line":328},"17":{"name":"(anonymous_17)","decl":{"start":{"line":337,"column":21},"end":{"line":337,"column":22}},"loc":{"start":{"line":337,"column":37},"end":{"line":340,"column":5}},"line":337},"18":{"name":"addDevice","decl":{"start":{"line":347,"column":22},"end":{"line":347,"column":31}},"loc":{"start":{"line":347,"column":46},"end":{"line":358,"column":1}},"line":347},"19":{"name":"deleteDevice","decl":{"start":{"line":359,"column":22},"end":{"line":359,"column":34}},"loc":{"start":{"line":359,"column":49},"end":{"line":363,"column":1}},"line":359},"20":{"name":"verifyDevice","decl":{"start":{"line":364,"column":22},"end":{"line":364,"column":34}},"loc":{"start":{"line":364,"column":49},"end":{"line":369,"column":1}},"line":364},"21":{"name":"saveLocation","decl":{"start":{"line":370,"column":22},"end":{"line":370,"column":34}},"loc":{"start":{"line":370,"column":69},"end":{"line":374,"column":1}},"line":370},"22":{"name":"(anonymous_22)","decl":{"start":{"line":376,"column":8},"end":{"line":376,"column":9}},"loc":{"start":{"line":376,"column":14},"end":{"line":376,"column":43}},"line":376},"23":{"name":"(anonymous_23)","decl":{"start":{"line":377,"column":9},"end":{"line":377,"column":10}},"loc":{"start":{"line":377,"column":16},"end":{"line":377,"column":50}},"line":377}},"branchMap":{"0":{"loc":{"start":{"line":93,"column":2},"end":{"line":103,"column":3}},"type":"if","locations":[{"start":{"line":93,"column":2},"end":{"line":103,"column":3}},{"start":{},"end":{}}],"line":93},"1":{"loc":{"start":{"line":99,"column":4},"end":{"line":102,"column":5}},"type":"if","locations":[{"start":{"line":99,"column":4},"end":{"line":102,"column":5}},{"start":{},"end":{}}],"line":99},"2":{"loc":{"start":{"line":133,"column":4},"end":{"line":135,"column":5}},"type":"if","locations":[{"start":{"line":133,"column":4},"end":{"line":135,"column":5}},{"start":{},"end":{}}],"line":133},"3":{"loc":{"start":{"line":136,"column":4},"end":{"line":138,"column":5}},"type":"if","locations":[{"start":{"line":136,"column":4},"end":{"line":138,"column":5}},{"start":{},"end":{}}],"line":136},"4":{"loc":{"start":{"line":145,"column":15},"end":{"line":145,"column":62}},"type":"cond-expr","locations":[{"start":{"line":145,"column":38},"end":{"line":145,"column":58}},{"start":{"line":145,"column":61},"end":{"line":145,"column":62}}],"line":145},"5":{"loc":{"start":{"line":149,"column":4},"end":{"line":151,"column":5}},"type":"if","locations":[{"start":{"line":149,"column":4},"end":{"line":151,"column":5}},{"start":{},"end":{}}],"line":149},"6":{"loc":{"start":{"line":176,"column":2},"end":{"line":179,"column":3}},"type":"if","locations":[{"start":{"line":176,"column":2},"end":{"line":179,"column":3}},{"start":{},"end":{}}],"line":176},"7":{"loc":{"start":{"line":243,"column":2},"end":{"line":245,"column":3}},"type":"if","locations":[{"start":{"line":243,"column":2},"end":{"line":245,"column":3}},{"start":{},"end":{}}],"line":243},"8":{"loc":{"start":{"line":288,"column":62},"end":{"line":288,"column":72}},"type":"default-arg","locations":[{"start":{"line":288,"column":70},"end":{"line":288,"column":72}}],"line":288}},"s":{"0":1,"1":1,"2":1,"3":1,"4":1,"5":3,"6":3,"7":3,"8":3,"9":3,"10":3,"11":3,"12":3,"13":3,"14":3,"15":3,"16":3,"17":0,"18":9,"19":9,"20":9,"21":9,"22":8,"23":8,"24":8,"25":8,"26":8,"27":8,"28":8,"29":8,"30":1,"31":1,"32":6,"33":6,"34":6,"35":6,"36":5,"37":5,"38":5,"39":5,"40":30,"41":5,"42":1,"43":1,"44":1,"45":1,"46":1,"47":1,"48":1,"49":1,"50":1,"51":1,"52":1,"53":1,"54":1,"55":5,"56":5,"57":5,"58":5,"59":5,"60":5,"61":5,"62":5,"63":5,"64":5,"65":5,"66":5,"67":14,"68":14,"69":14,"70":14,"71":0,"72":0,"73":14,"74":14,"75":1,"76":1,"77":1,"78":1,"79":1,"80":1,"81":1,"82":1,"83":1,"84":1,"85":1,"86":1,"87":1,"88":1,"89":5,"90":5,"91":1,"92":1,"93":1,"94":1,"95":0,"96":0,"97":0,"98":1,"99":1,"100":1,"101":1,"102":2,"103":1,"104":1,"105":1,"106":1,"107":1,"108":1,"109":1,"110":1,"111":1,"112":1,"113":1,"114":0,"115":0,"116":1,"117":1,"118":1,"119":1,"120":1,"121":1,"122":0,"123":0,"124":0,"125":0,"126":1,"127":1,"128":1,"129":1,"130":1,"131":0},"f":{"0":3,"1":9,"2":6,"3":5,"4":1,"5":1,"6":5,"7":14,"8":1,"9":1,"10":5,"11":1,"12":1,"13":2,"14":1,"15":1,"16":1,"17":1,"18":1,"19":1,"20":0,"21":1,"22":1,"23":0},"b":{"0":[8,1],"1":[8,0],"2":[1,0],"3":[1,0],"4":[5,0],"5":[5,0],"6":[0,14],"7":[1,0],"8":[0]},"_coverageSchema":"1a1c01bbd47fc00a2c39e90264f33305004495a9","hash":"5a15166d02f3f21a633225fb5c8e733a9968b57e"}
,"C:\\Users\\teppi\\OneDrive\\Bureau\\New folder (4)\\ConnectKid\\BACKEND\\password.js": {"path":"C:\\Users\\teppi\\OneDrive\\Bureau\\New folder (4)\\ConnectKid\\BACKEND\\password.js","statementMap":{"0":{"start":{"line":35,"column":18},"end":{"line":35,"column":31}},"1":{"start":{"line":36,"column":0},"end":{"line":36,"column":39}},"2":{"start":{"line":37,"column":18},"end":{"line":37,"column":39}},"3":{"start":{"line":40,"column":0},"end":{"line":42,"column":1}},"4":{"start":{"line":41,"column":4},"end":{"line":41,"column":69}},"5":{"start":{"line":45,"column":4},"end":{"line":56,"column":5}},"6":{"start":{"line":46,"column":19},"end":{"line":46,"column":41}},"7":{"start":{"line":47,"column":23},"end":{"line":47,"column":70}},"8":{"start":{"line":48,"column":24},"end":{"line":48,"column":62}},"9":{"start":{"line":49,"column":8},"end":{"line":49,"column":41}},"10":{"start":{"line":50,"column":8},"end":{"line":53,"column":10}},"11":{"start":{"line":55,"column":8},"end":{"line":55,"column":63}},"12":{"start":{"line":60,"column":4},"end":{"line":67,"column":5}},"13":{"start":{"line":61,"column":25},"end":{"line":61,"column":99}},"14":{"start":{"line":62,"column":24},"end":{"line":62,"column":68}},"15":{"start":{"line":63,"column":8},"end":{"line":63,"column":44}},"16":{"start":{"line":64,"column":8},"end":{"line":64,"column":25}},"17":{"start":{"line":66,"column":8},"end":{"line":66,"column":63}}},"fnMap":{"0":{"name":"encryptPassword","decl":{"start":{"line":44,"column":9},"end":{"line":44,"column":24}},"loc":{"start":{"line":44,"column":35},"end":{"line":57,"column":1}},"line":44},"1":{"name":"decryptPassword","decl":{"start":{"line":59,"column":9},"end":{"line":59,"column":24}},"loc":{"start":{"line":59,"column":31},"end":{"line":68,"column":1}},"line":59}},"branchMap":{"0":{"loc":{"start":{"line":40,"column":0},"end":{"line":42,"column":1}},"type":"if","locations":[{"start":{"line":40,"column":0},"end":{"line":42,"column":1}},{"start":{},"end":{}}],"line":40},"1":{"loc":{"start":{"line":40,"column":4},"end":{"line":40,"column":41}},"type":"binary-expr","locations":[{"start":{"line":40,"column":4},"end":{"line":40,"column":14}},{"start":{"line":40,"column":18},"end":{"line":40,"column":41}}],"line":40}},"s":{"0":2,"1":2,"2":2,"3":2,"4":0,"5":6,"6":6,"7":6,"8":6,"9":6,"10":6,"11":0,"12":10,"13":10,"14":9,"15":9,"16":9,"17":1},"f":{"0":6,"1":10},"b":{"0":[0,2],"1":[2,2]},"_coverageSchema":"1a1c01bbd47fc00a2c39e90264f33305004495a9","hash":"8c6b11591e673139320d4afa7c45260344866646"}
}
