{"C:\\Users\\teppi\\OneDrive\\Bureau\\New folder (4)\\ConnectKid\\BACKEND\\app.js": {"path":"C:\\Users\\teppi\\OneDrive\\Bureau\\New folder (4)\\ConnectKid\\BACKEND\\app.js","statementMap":{"0":{"start":{"line":9,"column":19},"end":{"line":9,"column":36}},"1":{"start":{"line":11,"column":12},"end":{"line":11,"column":21}},"2":{"start":{"line":12,"column":0},"end":{"line":12,"column":6}},"3":{"start":{"line":14,"column":12},"end":{"line":14,"column":47}},"4":{"start":{"line":15,"column":0},"end":{"line":15,"column":53}},"5":{"start":{"line":16,"column":0},"end":{"line":36,"column":5}},"6":{"start":{"line":17,"column":18},"end":{"line":17,"column":45}},"7":{"start":{"line":18,"column":4},"end":{"line":21,"column":5}},"8":{"start":{"line":19,"column":6},"end":{"line":19,"column":17}},"9":{"start":{"line":20,"column":6},"end":{"line":20,"column":13}},"10":{"start":{"line":23,"column":4},"end":{"line":28,"column":5}},"11":{"start":{"line":24,"column":6},"end":{"line":24,"column":46}},"12":{"start":{"line":26,"column":6},"end":{"line":26,"column":17}},"13":{"start":{"line":27,"column":6},"end":{"line":27,"column":13}},"14":{"start":{"line":29,"column":19},"end":{"line":29,"column":33}},"15":{"start":{"line":30,"column":4},"end":{"line":30,"column":23}},"16":{"start":{"line":31,"column":4},"end":{"line":31,"column":35}},"17":{"start":{"line":32,"column":4},"end":{"line":35,"column":7}},"18":{"start":{"line":33,"column":6},"end":{"line":33,"column":38}},"19":{"start":{"line":34,"column":6},"end":{"line":34,"column":39}},"20":{"start":{"line":38,"column":19},"end":{"line":44,"column":1}},"21":{"start":{"line":39,"column":4},"end":{"line":43,"column":7}},"22":{"start":{"line":40,"column":8},"end":{"line":42,"column":9}},"23":{"start":{"line":41,"column":12},"end":{"line":41,"column":68}},"24":{"start":{"line":47,"column":0},"end":{"line":47,"column":16}},"25":{"start":{"line":49,"column":0},"end":{"line":49,"column":42}},"26":{"start":{"line":50,"column":0},"end":{"line":50,"column":63}},"27":{"start":{"line":52,"column":0},"end":{"line":79,"column":3}},"28":{"start":{"line":53,"column":42},"end":{"line":53,"column":50}},"29":{"start":{"line":54,"column":4},"end":{"line":54,"column":38}},"30":{"start":{"line":55,"column":4},"end":{"line":55,"column":33}},"31":{"start":{"line":56,"column":4},"end":{"line":58,"column":5}},"32":{"start":{"line":57,"column":8},"end":{"line":57,"column":95}},"33":{"start":{"line":59,"column":4},"end":{"line":78,"column":5}},"34":{"start":{"line":60,"column":8},"end":{"line":60,"column":100}},"35":{"start":{"line":61,"column":21},"end":{"line":61,"column":89}},"36":{"start":{"line":62,"column":8},"end":{"line":64,"column":9}},"37":{"start":{"line":63,"column":12},"end":{"line":63,"column":90}},"38":{"start":{"line":65,"column":23},"end":{"line":65,"column":31}},"39":{"start":{"line":67,"column":22},"end":{"line":67,"column":75}},"40":{"start":{"line":68,"column":8},"end":{"line":68,"column":26}},"41":{"start":{"line":69,"column":8},"end":{"line":74,"column":11}},"42":{"start":{"line":76,"column":8},"end":{"line":76,"column":56}},"43":{"start":{"line":77,"column":8},"end":{"line":77,"column":65}},"44":{"start":{"line":81,"column":0},"end":{"line":100,"column":5}},"45":{"start":{"line":82,"column":18},"end":{"line":82,"column":61}},"46":{"start":{"line":83,"column":4},"end":{"line":83,"column":57}},"47":{"start":{"line":83,"column":16},"end":{"line":83,"column":57}},"48":{"start":{"line":84,"column":20},"end":{"line":84,"column":49}},"49":{"start":{"line":85,"column":4},"end":{"line":87,"column":5}},"50":{"start":{"line":86,"column":8},"end":{"line":86,"column":78}},"51":{"start":{"line":88,"column":4},"end":{"line":99,"column":5}},"52":{"start":{"line":89,"column":25},"end":{"line":89,"column":62}},"53":{"start":{"line":90,"column":8},"end":{"line":92,"column":9}},"54":{"start":{"line":91,"column":12},"end":{"line":91,"column":112}},"55":{"start":{"line":93,"column":8},"end":{"line":95,"column":11}},"56":{"start":{"line":97,"column":8},"end":{"line":97,"column":58}},"57":{"start":{"line":98,"column":8},"end":{"line":98,"column":66}},"58":{"start":{"line":102,"column":0},"end":{"line":127,"column":3}},"59":{"start":{"line":103,"column":59},"end":{"line":103,"column":67}},"60":{"start":{"line":104,"column":4},"end":{"line":106,"column":5}},"61":{"start":{"line":105,"column":8},"end":{"line":105,"column":94}},"62":{"start":{"line":108,"column":4},"end":{"line":126,"column":5}},"63":{"start":{"line":109,"column":29},"end":{"line":109,"column":76}},"64":{"start":{"line":110,"column":8},"end":{"line":112,"column":9}},"65":{"start":{"line":111,"column":12},"end":{"line":111,"column":88}},"66":{"start":{"line":113,"column":24},"end":{"line":113,"column":85}},"67":{"start":{"line":114,"column":22},"end":{"line":114,"column":87}},"68":{"start":{"line":115,"column":8},"end":{"line":115,"column":26}},"69":{"start":{"line":116,"column":8},"end":{"line":122,"column":11}},"70":{"start":{"line":124,"column":8},"end":{"line":124,"column":54}},"71":{"start":{"line":125,"column":8},"end":{"line":125,"column":66}},"72":{"start":{"line":129,"column":0},"end":{"line":166,"column":3}},"73":{"start":{"line":130,"column":4},"end":{"line":165,"column":5}},"74":{"start":{"line":132,"column":22},"end":{"line":132,"column":65}},"75":{"start":{"line":133,"column":8},"end":{"line":133,"column":61}},"76":{"start":{"line":133,"column":20},"end":{"line":133,"column":61}},"77":{"start":{"line":134,"column":24},"end":{"line":134,"column":53}},"78":{"start":{"line":136,"column":8},"end":{"line":136,"column":48}},"79":{"start":{"line":137,"column":21},"end":{"line":137,"column":54}},"80":{"start":{"line":138,"column":8},"end":{"line":140,"column":9}},"81":{"start":{"line":139,"column":12},"end":{"line":139,"column":101}},"82":{"start":{"line":141,"column":27},"end":{"line":141,"column":35}},"83":{"start":{"line":142,"column":8},"end":{"line":144,"column":9}},"84":{"start":{"line":143,"column":12},"end":{"line":143,"column":75}},"85":{"start":{"line":145,"column":21},"end":{"line":145,"column":51}},"86":{"start":{"line":146,"column":8},"end":{"line":148,"column":9}},"87":{"start":{"line":147,"column":12},"end":{"line":147,"column":93}},"88":{"start":{"line":149,"column":8},"end":{"line":151,"column":9}},"89":{"start":{"line":150,"column":12},"end":{"line":150,"column":78}},"90":{"start":{"line":152,"column":28},"end":{"line":152,"column":68}},"91":{"start":{"line":153,"column":8},"end":{"line":160,"column":5}},"92":{"start":{"line":154,"column":12},"end":{"line":154,"column":93}},"93":{"start":{"line":156,"column":8},"end":{"line":158,"column":10}},"94":{"start":{"line":163,"column":8},"end":{"line":163,"column":62}},"95":{"start":{"line":164,"column":8},"end":{"line":164,"column":66}},"96":{"start":{"line":168,"column":0},"end":{"line":213,"column":3}},"97":{"start":{"line":169,"column":4},"end":{"line":212,"column":5}},"98":{"start":{"line":170,"column":22},"end":{"line":170,"column":65}},"99":{"start":{"line":171,"column":8},"end":{"line":171,"column":61}},"100":{"start":{"line":171,"column":20},"end":{"line":171,"column":61}},"101":{"start":{"line":172,"column":23},"end":{"line":172,"column":36}},"102":{"start":{"line":173,"column":8},"end":{"line":175,"column":9}},"103":{"start":{"line":174,"column":12},"end":{"line":174,"column":81}},"104":{"start":{"line":176,"column":24},"end":{"line":176,"column":53}},"105":{"start":{"line":177,"column":8},"end":{"line":179,"column":9}},"106":{"start":{"line":178,"column":12},"end":{"line":178,"column":74}},"107":{"start":{"line":185,"column":21},"end":{"line":185,"column":46}},"108":{"start":{"line":186,"column":8},"end":{"line":186,"column":28}},"109":{"start":{"line":187,"column":8},"end":{"line":189,"column":9}},"110":{"start":{"line":188,"column":12},"end":{"line":188,"column":90}},"111":{"start":{"line":190,"column":8},"end":{"line":190,"column":40}},"112":{"start":{"line":191,"column":20},"end":{"line":191,"column":21}},"113":{"start":{"line":192,"column":8},"end":{"line":194,"column":9}},"114":{"start":{"line":193,"column":12},"end":{"line":193,"column":61}},"115":{"start":{"line":195,"column":8},"end":{"line":195,"column":26}},"116":{"start":{"line":197,"column":8},"end":{"line":205,"column":11}},"117":{"start":{"line":207,"column":8},"end":{"line":209,"column":9}},"118":{"start":{"line":208,"column":12},"end":{"line":208,"column":57}},"119":{"start":{"line":210,"column":8},"end":{"line":210,"column":62}},"120":{"start":{"line":211,"column":8},"end":{"line":211,"column":66}},"121":{"start":{"line":215,"column":0},"end":{"line":234,"column":3}},"122":{"start":{"line":216,"column":18},"end":{"line":216,"column":61}},"123":{"start":{"line":217,"column":4},"end":{"line":217,"column":57}},"124":{"start":{"line":217,"column":16},"end":{"line":217,"column":57}},"125":{"start":{"line":218,"column":20},"end":{"line":218,"column":49}},"126":{"start":{"line":219,"column":4},"end":{"line":221,"column":5}},"127":{"start":{"line":220,"column":8},"end":{"line":220,"column":78}},"128":{"start":{"line":222,"column":4},"end":{"line":233,"column":5}},"129":{"start":{"line":223,"column":25},"end":{"line":223,"column":62}},"130":{"start":{"line":224,"column":8},"end":{"line":226,"column":9}},"131":{"start":{"line":225,"column":12},"end":{"line":225,"column":112}},"132":{"start":{"line":227,"column":8},"end":{"line":229,"column":11}},"133":{"start":{"line":231,"column":8},"end":{"line":231,"column":58}},"134":{"start":{"line":232,"column":8},"end":{"line":232,"column":66}},"135":{"start":{"line":235,"column":0},"end":{"line":259,"column":2}},"136":{"start":{"line":236,"column":4},"end":{"line":257,"column":5}},"137":{"start":{"line":237,"column":23},"end":{"line":237,"column":36}},"138":{"start":{"line":238,"column":8},"end":{"line":240,"column":9}},"139":{"start":{"line":239,"column":12},"end":{"line":239,"column":81}},"140":{"start":{"line":241,"column":22},"end":{"line":241,"column":65}},"141":{"start":{"line":242,"column":8},"end":{"line":242,"column":61}},"142":{"start":{"line":242,"column":20},"end":{"line":242,"column":61}},"143":{"start":{"line":243,"column":24},"end":{"line":243,"column":53}},"144":{"start":{"line":244,"column":8},"end":{"line":246,"column":9}},"145":{"start":{"line":245,"column":12},"end":{"line":245,"column":82}},"146":{"start":{"line":247,"column":21},"end":{"line":247,"column":46}},"147":{"start":{"line":248,"column":8},"end":{"line":250,"column":9}},"148":{"start":{"line":249,"column":12},"end":{"line":249,"column":93}},"149":{"start":{"line":251,"column":8},"end":{"line":253,"column":11}},"150":{"start":{"line":255,"column":8},"end":{"line":255,"column":55}},"151":{"start":{"line":256,"column":8},"end":{"line":256,"column":66}},"152":{"start":{"line":261,"column":0},"end":{"line":300,"column":3}},"153":{"start":{"line":262,"column":18},"end":{"line":262,"column":61}},"154":{"start":{"line":263,"column":4},"end":{"line":263,"column":57}},"155":{"start":{"line":263,"column":16},"end":{"line":263,"column":57}},"156":{"start":{"line":264,"column":19},"end":{"line":264,"column":32}},"157":{"start":{"line":265,"column":22},"end":{"line":265,"column":30}},"158":{"start":{"line":266,"column":4},"end":{"line":266,"column":25}},"159":{"start":{"line":267,"column":4},"end":{"line":270,"column":5}},"160":{"start":{"line":268,"column":8},"end":{"line":268,"column":75}},"161":{"start":{"line":272,"column":20},"end":{"line":272,"column":49}},"162":{"start":{"line":273,"column":4},"end":{"line":275,"column":5}},"163":{"start":{"line":274,"column":8},"end":{"line":274,"column":70}},"164":{"start":{"line":277,"column":4},"end":{"line":279,"column":5}},"165":{"start":{"line":278,"column":8},"end":{"line":278,"column":98}},"166":{"start":{"line":280,"column":4},"end":{"line":299,"column":5}},"167":{"start":{"line":282,"column":8},"end":{"line":284,"column":9}},"168":{"start":{"line":283,"column":12},"end":{"line":283,"column":86}},"169":{"start":{"line":287,"column":21},"end":{"line":287,"column":54}},"170":{"start":{"line":288,"column":8},"end":{"line":290,"column":9}},"171":{"start":{"line":289,"column":12},"end":{"line":289,"column":79}},"172":{"start":{"line":293,"column":8},"end":{"line":295,"column":11}},"173":{"start":{"line":297,"column":8},"end":{"line":297,"column":62}},"174":{"start":{"line":298,"column":8},"end":{"line":298,"column":66}},"175":{"start":{"line":302,"column":0},"end":{"line":335,"column":3}},"176":{"start":{"line":303,"column":4},"end":{"line":334,"column":5}},"177":{"start":{"line":304,"column":22},"end":{"line":304,"column":65}},"178":{"start":{"line":305,"column":8},"end":{"line":305,"column":61}},"179":{"start":{"line":305,"column":20},"end":{"line":305,"column":61}},"180":{"start":{"line":307,"column":23},"end":{"line":307,"column":36}},"181":{"start":{"line":310,"column":24},"end":{"line":310,"column":53}},"182":{"start":{"line":311,"column":8},"end":{"line":313,"column":9}},"183":{"start":{"line":312,"column":12},"end":{"line":312,"column":82}},"184":{"start":{"line":315,"column":8},"end":{"line":317,"column":9}},"185":{"start":{"line":316,"column":12},"end":{"line":316,"column":105}},"186":{"start":{"line":319,"column":21},"end":{"line":319,"column":49}},"187":{"start":{"line":320,"column":8},"end":{"line":322,"column":9}},"188":{"start":{"line":321,"column":12},"end":{"line":321,"column":89}},"189":{"start":{"line":325,"column":8},"end":{"line":327,"column":11}},"190":{"start":{"line":329,"column":8},"end":{"line":331,"column":9}},"191":{"start":{"line":330,"column":12},"end":{"line":330,"column":57}},"192":{"start":{"line":332,"column":8},"end":{"line":332,"column":54}},"193":{"start":{"line":333,"column":8},"end":{"line":333,"column":66}},"194":{"start":{"line":337,"column":0},"end":{"line":352,"column":3}},"195":{"start":{"line":338,"column":4},"end":{"line":351,"column":5}},"196":{"start":{"line":339,"column":22},"end":{"line":339,"column":65}},"197":{"start":{"line":340,"column":8},"end":{"line":340,"column":61}},"198":{"start":{"line":340,"column":20},"end":{"line":340,"column":61}},"199":{"start":{"line":341,"column":24},"end":{"line":341,"column":53}},"200":{"start":{"line":342,"column":8},"end":{"line":344,"column":9}},"201":{"start":{"line":343,"column":12},"end":{"line":343,"column":74}},"202":{"start":{"line":345,"column":8},"end":{"line":347,"column":11}},"203":{"start":{"line":349,"column":8},"end":{"line":349,"column":60}},"204":{"start":{"line":350,"column":8},"end":{"line":350,"column":66}},"205":{"start":{"line":353,"column":0},"end":{"line":374,"column":2}},"206":{"start":{"line":354,"column":4},"end":{"line":373,"column":5}},"207":{"start":{"line":355,"column":45},"end":{"line":355,"column":53}},"208":{"start":{"line":356,"column":8},"end":{"line":356,"column":47}},"209":{"start":{"line":357,"column":22},"end":{"line":357,"column":65}},"210":{"start":{"line":358,"column":8},"end":{"line":358,"column":60}},"211":{"start":{"line":358,"column":19},"end":{"line":358,"column":60}},"212":{"start":{"line":359,"column":24},"end":{"line":359,"column":53}},"213":{"start":{"line":360,"column":8},"end":{"line":362,"column":9}},"214":{"start":{"line":361,"column":12},"end":{"line":361,"column":74}},"215":{"start":{"line":363,"column":29},"end":{"line":363,"column":81}},"216":{"start":{"line":364,"column":8},"end":{"line":367,"column":11}},"217":{"start":{"line":370,"column":8},"end":{"line":370,"column":73}},"218":{"start":{"line":371,"column":8},"end":{"line":371,"column":66}},"219":{"start":{"line":375,"column":0},"end":{"line":396,"column":2}},"220":{"start":{"line":376,"column":4},"end":{"line":395,"column":5}},"221":{"start":{"line":377,"column":23},"end":{"line":377,"column":36}},"222":{"start":{"line":378,"column":22},"end":{"line":378,"column":65}},"223":{"start":{"line":379,"column":8},"end":{"line":379,"column":60}},"224":{"start":{"line":379,"column":19},"end":{"line":379,"column":60}},"225":{"start":{"line":380,"column":24},"end":{"line":380,"column":53}},"226":{"start":{"line":381,"column":8},"end":{"line":383,"column":9}},"227":{"start":{"line":382,"column":11},"end":{"line":382,"column":73}},"228":{"start":{"line":384,"column":28},"end":{"line":384,"column":62}},"229":{"start":{"line":385,"column":8},"end":{"line":391,"column":13}},"230":{"start":{"line":385,"column":55},"end":{"line":391,"column":9}},"231":{"start":{"line":393,"column":8},"end":{"line":393,"column":73}},"232":{"start":{"line":394,"column":8},"end":{"line":394,"column":66}},"233":{"start":{"line":397,"column":0},"end":{"line":422,"column":2}},"234":{"start":{"line":398,"column":4},"end":{"line":421,"column":5}},"235":{"start":{"line":399,"column":52},"end":{"line":399,"column":60}},"236":{"start":{"line":400,"column":22},"end":{"line":400,"column":65}},"237":{"start":{"line":401,"column":8},"end":{"line":401,"column":60}},"238":{"start":{"line":401,"column":19},"end":{"line":401,"column":60}},"239":{"start":{"line":402,"column":24},"end":{"line":402,"column":53}},"240":{"start":{"line":403,"column":8},"end":{"line":405,"column":9}},"241":{"start":{"line":404,"column":12},"end":{"line":404,"column":74}},"242":{"start":{"line":406,"column":8},"end":{"line":406,"column":43}},"243":{"start":{"line":407,"column":8},"end":{"line":410,"column":9}},"244":{"start":{"line":408,"column":12},"end":{"line":408,"column":59}},"245":{"start":{"line":409,"column":12},"end":{"line":409,"column":19}},"246":{"start":{"line":411,"column":25},"end":{"line":411,"column":105}},"247":{"start":{"line":412,"column":8},"end":{"line":412,"column":35}},"248":{"start":{"line":413,"column":25},"end":{"line":413,"column":81}},"249":{"start":{"line":414,"column":8},"end":{"line":414,"column":37}},"250":{"start":{"line":416,"column":8},"end":{"line":416,"column":62}},"251":{"start":{"line":418,"column":8},"end":{"line":418,"column":67}},"252":{"start":{"line":419,"column":8},"end":{"line":419,"column":66}},"253":{"start":{"line":423,"column":0},"end":{"line":440,"column":2}},"254":{"start":{"line":424,"column":4},"end":{"line":439,"column":5}},"255":{"start":{"line":425,"column":28},"end":{"line":425,"column":41}},"256":{"start":{"line":426,"column":18},"end":{"line":426,"column":61}},"257":{"start":{"line":427,"column":4},"end":{"line":427,"column":56}},"258":{"start":{"line":427,"column":15},"end":{"line":427,"column":56}},"259":{"start":{"line":428,"column":20},"end":{"line":428,"column":49}},"260":{"start":{"line":429,"column":4},"end":{"line":431,"column":5}},"261":{"start":{"line":430,"column":8},"end":{"line":430,"column":70}},"262":{"start":{"line":432,"column":21},"end":{"line":432,"column":101}},"263":{"start":{"line":433,"column":4},"end":{"line":433,"column":65}},"264":{"start":{"line":434,"column":21},"end":{"line":434,"column":64}},"265":{"start":{"line":435,"column":4},"end":{"line":435,"column":35}},"266":{"start":{"line":437,"column":8},"end":{"line":437,"column":67}},"267":{"start":{"line":438,"column":8},"end":{"line":438,"column":66}},"268":{"start":{"line":441,"column":0},"end":{"line":458,"column":2}},"269":{"start":{"line":442,"column":4},"end":{"line":457,"column":9}},"270":{"start":{"line":443,"column":43},"end":{"line":443,"column":51}},"271":{"start":{"line":444,"column":22},"end":{"line":444,"column":65}},"272":{"start":{"line":445,"column":8},"end":{"line":445,"column":60}},"273":{"start":{"line":445,"column":19},"end":{"line":445,"column":60}},"274":{"start":{"line":446,"column":24},"end":{"line":446,"column":53}},"275":{"start":{"line":447,"column":8},"end":{"line":449,"column":9}},"276":{"start":{"line":448,"column":12},"end":{"line":448,"column":74}},"277":{"start":{"line":450,"column":25},"end":{"line":450,"column":67}},"278":{"start":{"line":451,"column":8},"end":{"line":453,"column":11}},"279":{"start":{"line":455,"column":12},"end":{"line":455,"column":71}},"280":{"start":{"line":456,"column":12},"end":{"line":456,"column":70}},"281":{"start":{"line":460,"column":0},"end":{"line":475,"column":3}},"282":{"start":{"line":461,"column":4},"end":{"line":474,"column":5}},"283":{"start":{"line":462,"column":39},"end":{"line":462,"column":47}},"284":{"start":{"line":463,"column":8},"end":{"line":465,"column":9}},"285":{"start":{"line":464,"column":12},"end":{"line":464,"column":90}},"286":{"start":{"line":466,"column":23},"end":{"line":466,"column":58}},"287":{"start":{"line":467,"column":8},"end":{"line":469,"column":9}},"288":{"start":{"line":468,"column":12},"end":{"line":468,"column":77}},"289":{"start":{"line":470,"column":8},"end":{"line":470,"column":91}},"290":{"start":{"line":472,"column":8},"end":{"line":472,"column":55}},"291":{"start":{"line":473,"column":8},"end":{"line":473,"column":66}},"292":{"start":{"line":476,"column":0},"end":{"line":497,"column":3}},"293":{"start":{"line":477,"column":4},"end":{"line":496,"column":5}},"294":{"start":{"line":478,"column":22},"end":{"line":478,"column":65}},"295":{"start":{"line":479,"column":8},"end":{"line":479,"column":61}},"296":{"start":{"line":479,"column":20},"end":{"line":479,"column":61}},"297":{"start":{"line":480,"column":24},"end":{"line":480,"column":53}},"298":{"start":{"line":481,"column":8},"end":{"line":483,"column":9}},"299":{"start":{"line":482,"column":12},"end":{"line":482,"column":82}},"300":{"start":{"line":484,"column":27},"end":{"line":484,"column":60}},"301":{"start":{"line":485,"column":8},"end":{"line":487,"column":9}},"302":{"start":{"line":486,"column":12},"end":{"line":486,"column":95}},"303":{"start":{"line":488,"column":24},"end":{"line":488,"column":59}},"304":{"start":{"line":489,"column":8},"end":{"line":491,"column":9}},"305":{"start":{"line":490,"column":12},"end":{"line":490,"column":102}},"306":{"start":{"line":492,"column":8},"end":{"line":492,"column":42}},"307":{"start":{"line":494,"column":8},"end":{"line":494,"column":57}},"308":{"start":{"line":495,"column":8},"end":{"line":495,"column":66}},"309":{"start":{"line":499,"column":0},"end":{"line":527,"column":3}},"310":{"start":{"line":500,"column":4},"end":{"line":526,"column":5}},"311":{"start":{"line":501,"column":22},"end":{"line":501,"column":73}},"312":{"start":{"line":502,"column":8},"end":{"line":502,"column":61}},"313":{"start":{"line":502,"column":20},"end":{"line":502,"column":61}},"314":{"start":{"line":503,"column":24},"end":{"line":503,"column":53}},"315":{"start":{"line":504,"column":8},"end":{"line":506,"column":9}},"316":{"start":{"line":505,"column":12},"end":{"line":505,"column":74}},"317":{"start":{"line":507,"column":30},"end":{"line":507,"column":38}},"318":{"start":{"line":508,"column":8},"end":{"line":510,"column":9}},"319":{"start":{"line":509,"column":12},"end":{"line":509,"column":77}},"320":{"start":{"line":512,"column":27},"end":{"line":512,"column":60}},"321":{"start":{"line":513,"column":8},"end":{"line":515,"column":9}},"322":{"start":{"line":514,"column":12},"end":{"line":514,"column":95}},"323":{"start":{"line":517,"column":23},"end":{"line":517,"column":71}},"324":{"start":{"line":518,"column":8},"end":{"line":520,"column":9}},"325":{"start":{"line":519,"column":12},"end":{"line":519,"column":79}},"326":{"start":{"line":522,"column":8},"end":{"line":522,"column":74}},"327":{"start":{"line":524,"column":8},"end":{"line":524,"column":56}},"328":{"start":{"line":525,"column":8},"end":{"line":525,"column":66}},"329":{"start":{"line":528,"column":0},"end":{"line":545,"column":3}},"330":{"start":{"line":529,"column":4},"end":{"line":544,"column":5}},"331":{"start":{"line":530,"column":22},"end":{"line":530,"column":65}},"332":{"start":{"line":531,"column":8},"end":{"line":531,"column":61}},"333":{"start":{"line":531,"column":20},"end":{"line":531,"column":61}},"334":{"start":{"line":532,"column":24},"end":{"line":532,"column":53}},"335":{"start":{"line":533,"column":8},"end":{"line":535,"column":9}},"336":{"start":{"line":534,"column":12},"end":{"line":534,"column":82}},"337":{"start":{"line":536,"column":25},"end":{"line":536,"column":66}},"338":{"start":{"line":537,"column":8},"end":{"line":539,"column":9}},"339":{"start":{"line":538,"column":12},"end":{"line":538,"column":103}},"340":{"start":{"line":540,"column":8},"end":{"line":540,"column":43}},"341":{"start":{"line":542,"column":8},"end":{"line":542,"column":58}},"342":{"start":{"line":543,"column":8},"end":{"line":543,"column":66}},"343":{"start":{"line":546,"column":0},"end":{"line":562,"column":3}},"344":{"start":{"line":547,"column":4},"end":{"line":561,"column":5}},"345":{"start":{"line":548,"column":59},"end":{"line":548,"column":67}},"346":{"start":{"line":549,"column":8},"end":{"line":551,"column":9}},"347":{"start":{"line":550,"column":12},"end":{"line":550,"column":122}},"348":{"start":{"line":552,"column":23},"end":{"line":552,"column":30}},"349":{"start":{"line":553,"column":23},"end":{"line":553,"column":69}},"350":{"start":{"line":554,"column":8},"end":{"line":556,"column":9}},"351":{"start":{"line":555,"column":12},"end":{"line":555,"column":79}},"352":{"start":{"line":557,"column":8},"end":{"line":557,"column":74}},"353":{"start":{"line":559,"column":8},"end":{"line":559,"column":56}},"354":{"start":{"line":560,"column":8},"end":{"line":560,"column":66}},"355":{"start":{"line":563,"column":0},"end":{"line":588,"column":3}},"356":{"start":{"line":564,"column":4},"end":{"line":587,"column":5}},"357":{"start":{"line":565,"column":38},"end":{"line":565,"column":46}},"358":{"start":{"line":566,"column":8},"end":{"line":568,"column":9}},"359":{"start":{"line":567,"column":12},"end":{"line":567,"column":90}},"360":{"start":{"line":569,"column":21},"end":{"line":569,"column":52}},"361":{"start":{"line":570,"column":8},"end":{"line":572,"column":9}},"362":{"start":{"line":571,"column":12},"end":{"line":571,"column":88}},"363":{"start":{"line":573,"column":22},"end":{"line":573,"column":34}},"364":{"start":{"line":574,"column":8},"end":{"line":576,"column":9}},"365":{"start":{"line":575,"column":12},"end":{"line":575,"column":95}},"366":{"start":{"line":577,"column":22},"end":{"line":577,"column":52}},"367":{"start":{"line":578,"column":8},"end":{"line":578,"column":52}},"368":{"start":{"line":579,"column":8},"end":{"line":582,"column":9}},"369":{"start":{"line":579,"column":21},"end":{"line":579,"column":22}},"370":{"start":{"line":581,"column":12},"end":{"line":581,"column":66}},"371":{"start":{"line":583,"column":8},"end":{"line":583,"column":77}},"372":{"start":{"line":585,"column":8},"end":{"line":585,"column":58}},"373":{"start":{"line":586,"column":8},"end":{"line":586,"column":66}},"374":{"start":{"line":590,"column":0},"end":{"line":593,"column":2}},"375":{"start":{"line":591,"column":4},"end":{"line":591,"column":28}},"376":{"start":{"line":592,"column":4},"end":{"line":592,"column":45}},"377":{"start":{"line":596,"column":0},"end":{"line":598,"column":2}},"378":{"start":{"line":597,"column":4},"end":{"line":597,"column":49}}},"fnMap":{"0":{"name":"(anonymous_0)","decl":{"start":{"line":16,"column":21},"end":{"line":16,"column":22}},"loc":{"start":{"line":16,"column":34},"end":{"line":36,"column":3}},"line":16},"1":{"name":"(anonymous_1)","decl":{"start":{"line":32,"column":19},"end":{"line":32,"column":20}},"loc":{"start":{"line":32,"column":25},"end":{"line":35,"column":5}},"line":32},"2":{"name":"(anonymous_2)","decl":{"start":{"line":38,"column":19},"end":{"line":38,"column":20}},"loc":{"start":{"line":38,"column":46},"end":{"line":44,"column":1}},"line":38},"3":{"name":"(anonymous_3)","decl":{"start":{"line":39,"column":24},"end":{"line":39,"column":25}},"loc":{"start":{"line":39,"column":36},"end":{"line":43,"column":5}},"line":39},"4":{"name":"(anonymous_4)","decl":{"start":{"line":52,"column":26},"end":{"line":52,"column":27}},"loc":{"start":{"line":52,"column":46},"end":{"line":79,"column":1}},"line":52},"5":{"name":"(anonymous_5)","decl":{"start":{"line":81,"column":21},"end":{"line":81,"column":22}},"loc":{"start":{"line":81,"column":41},"end":{"line":100,"column":3}},"line":81},"6":{"name":"(anonymous_6)","decl":{"start":{"line":102,"column":19},"end":{"line":102,"column":20}},"loc":{"start":{"line":102,"column":39},"end":{"line":127,"column":1}},"line":102},"7":{"name":"(anonymous_7)","decl":{"start":{"line":129,"column":24},"end":{"line":129,"column":25}},"loc":{"start":{"line":129,"column":44},"end":{"line":166,"column":1}},"line":129},"8":{"name":"(anonymous_8)","decl":{"start":{"line":168,"column":22},"end":{"line":168,"column":23}},"loc":{"start":{"line":168,"column":42},"end":{"line":213,"column":1}},"line":168},"9":{"name":"(anonymous_9)","decl":{"start":{"line":215,"column":21},"end":{"line":215,"column":22}},"loc":{"start":{"line":215,"column":41},"end":{"line":234,"column":1}},"line":215},"10":{"name":"(anonymous_10)","decl":{"start":{"line":235,"column":28},"end":{"line":235,"column":29}},"loc":{"start":{"line":235,"column":48},"end":{"line":258,"column":1}},"line":235},"11":{"name":"(anonymous_11)","decl":{"start":{"line":261,"column":22},"end":{"line":261,"column":23}},"loc":{"start":{"line":261,"column":42},"end":{"line":300,"column":1}},"line":261},"12":{"name":"(anonymous_12)","decl":{"start":{"line":302,"column":25},"end":{"line":302,"column":26}},"loc":{"start":{"line":302,"column":45},"end":{"line":335,"column":1}},"line":302},"13":{"name":"(anonymous_13)","decl":{"start":{"line":337,"column":32},"end":{"line":337,"column":33}},"loc":{"start":{"line":337,"column":52},"end":{"line":352,"column":1}},"line":337},"14":{"name":"(anonymous_14)","decl":{"start":{"line":353,"column":30},"end":{"line":353,"column":31}},"loc":{"start":{"line":353,"column":50},"end":{"line":374,"column":1}},"line":353},"15":{"name":"(anonymous_15)","decl":{"start":{"line":375,"column":29},"end":{"line":375,"column":30}},"loc":{"start":{"line":375,"column":48},"end":{"line":396,"column":1}},"line":375},"16":{"name":"(anonymous_16)","decl":{"start":{"line":385,"column":46},"end":{"line":385,"column":47}},"loc":{"start":{"line":385,"column":55},"end":{"line":391,"column":9}},"line":385},"17":{"name":"(anonymous_17)","decl":{"start":{"line":397,"column":26},"end":{"line":397,"column":27}},"loc":{"start":{"line":397,"column":45},"end":{"line":422,"column":1}},"line":397},"18":{"name":"(anonymous_18)","decl":{"start":{"line":423,"column":25},"end":{"line":423,"column":26}},"loc":{"start":{"line":423,"column":45},"end":{"line":440,"column":1}},"line":423},"19":{"name":"(anonymous_19)","decl":{"start":{"line":441,"column":26},"end":{"line":441,"column":27}},"loc":{"start":{"line":441,"column":40},"end":{"line":458,"column":1}},"line":441},"20":{"name":"(anonymous_20)","decl":{"start":{"line":460,"column":24},"end":{"line":460,"column":25}},"loc":{"start":{"line":460,"column":44},"end":{"line":475,"column":1}},"line":460},"21":{"name":"(anonymous_21)","decl":{"start":{"line":476,"column":19},"end":{"line":476,"column":20}},"loc":{"start":{"line":476,"column":39},"end":{"line":497,"column":1}},"line":476},"22":{"name":"(anonymous_22)","decl":{"start":{"line":499,"column":22},"end":{"line":499,"column":23}},"loc":{"start":{"line":499,"column":42},"end":{"line":527,"column":1}},"line":499},"23":{"name":"(anonymous_23)","decl":{"start":{"line":528,"column":21},"end":{"line":528,"column":22}},"loc":{"start":{"line":528,"column":41},"end":{"line":545,"column":1}},"line":528},"24":{"name":"(anonymous_24)","decl":{"start":{"line":546,"column":22},"end":{"line":546,"column":23}},"loc":{"start":{"line":546,"column":42},"end":{"line":562,"column":1}},"line":546},"25":{"name":"(anonymous_25)","decl":{"start":{"line":563,"column":19},"end":{"line":563,"column":20}},"loc":{"start":{"line":563,"column":39},"end":{"line":588,"column":1}},"line":563},"26":{"name":"(anonymous_26)","decl":{"start":{"line":590,"column":8},"end":{"line":590,"column":9}},"loc":{"start":{"line":590,"column":33},"end":{"line":593,"column":1}},"line":590},"27":{"name":"(anonymous_27)","decl":{"start":{"line":596,"column":17},"end":{"line":596,"column":18}},"loc":{"start":{"line":596,"column":23},"end":{"line":598,"column":1}},"line":596}},"branchMap":{"0":{"loc":{"start":{"line":18,"column":4},"end":{"line":21,"column":5}},"type":"if","locations":[{"start":{"line":18,"column":4},"end":{"line":21,"column":5}},{"start":{},"end":{}}],"line":18},"1":{"loc":{"start":{"line":40,"column":8},"end":{"line":42,"column":9}},"type":"if","locations":[{"start":{"line":40,"column":8},"end":{"line":42,"column":9}},{"start":{},"end":{}}],"line":40},"2":{"loc":{"start":{"line":40,"column":12},"end":{"line":40,"column":76}},"type":"binary-expr","locations":[{"start":{"line":40,"column":12},"end":{"line":40,"column":36}},{"start":{"line":40,"column":40},"end":{"line":40,"column":76}}],"line":40},"3":{"loc":{"start":{"line":56,"column":4},"end":{"line":58,"column":5}},"type":"if","locations":[{"start":{"line":56,"column":4},"end":{"line":58,"column":5}},{"start":{},"end":{}}],"line":56},"4":{"loc":{"start":{"line":56,"column":8},"end":{"line":56,"column":37}},"type":"binary-expr","locations":[{"start":{"line":56,"column":8},"end":{"line":56,"column":24}},{"start":{"line":56,"column":28},"end":{"line":56,"column":37}}],"line":56},"5":{"loc":{"start":{"line":62,"column":8},"end":{"line":64,"column":9}},"type":"if","locations":[{"start":{"line":62,"column":8},"end":{"line":64,"column":9}},{"start":{},"end":{}}],"line":62},"6":{"loc":{"start":{"line":83,"column":4},"end":{"line":83,"column":57}},"type":"if","locations":[{"start":{"line":83,"column":4},"end":{"line":83,"column":57}},{"start":{},"end":{}}],"line":83},"7":{"loc":{"start":{"line":85,"column":4},"end":{"line":87,"column":5}},"type":"if","locations":[{"start":{"line":85,"column":4},"end":{"line":87,"column":5}},{"start":{},"end":{}}],"line":85},"8":{"loc":{"start":{"line":90,"column":8},"end":{"line":92,"column":9}},"type":"if","locations":[{"start":{"line":90,"column":8},"end":{"line":92,"column":9}},{"start":{},"end":{}}],"line":90},"9":{"loc":{"start":{"line":104,"column":4},"end":{"line":106,"column":5}},"type":"if","locations":[{"start":{"line":104,"column":4},"end":{"line":106,"column":5}},{"start":{},"end":{}}],"line":104},"10":{"loc":{"start":{"line":104,"column":8},"end":{"line":104,"column":40}},"type":"binary-expr","locations":[{"start":{"line":104,"column":8},"end":{"line":104,"column":17}},{"start":{"line":104,"column":21},"end":{"line":104,"column":30}},{"start":{"line":104,"column":34},"end":{"line":104,"column":40}}],"line":104},"11":{"loc":{"start":{"line":110,"column":8},"end":{"line":112,"column":9}},"type":"if","locations":[{"start":{"line":110,"column":8},"end":{"line":112,"column":9}},{"start":{},"end":{}}],"line":110},"12":{"loc":{"start":{"line":133,"column":8},"end":{"line":133,"column":61}},"type":"if","locations":[{"start":{"line":133,"column":8},"end":{"line":133,"column":61}},{"start":{},"end":{}}],"line":133},"13":{"loc":{"start":{"line":138,"column":8},"end":{"line":140,"column":9}},"type":"if","locations":[{"start":{"line":138,"column":8},"end":{"line":140,"column":9}},{"start":{},"end":{}}],"line":138},"14":{"loc":{"start":{"line":142,"column":8},"end":{"line":144,"column":9}},"type":"if","locations":[{"start":{"line":142,"column":8},"end":{"line":144,"column":9}},{"start":{},"end":{}}],"line":142},"15":{"loc":{"start":{"line":146,"column":8},"end":{"line":148,"column":9}},"type":"if","locations":[{"start":{"line":146,"column":8},"end":{"line":148,"column":9}},{"start":{},"end":{}}],"line":146},"16":{"loc":{"start":{"line":149,"column":8},"end":{"line":151,"column":9}},"type":"if","locations":[{"start":{"line":149,"column":8},"end":{"line":151,"column":9}},{"start":{},"end":{}}],"line":149},"17":{"loc":{"start":{"line":153,"column":8},"end":{"line":160,"column":5}},"type":"if","locations":[{"start":{"line":153,"column":8},"end":{"line":160,"column":5}},{"start":{"line":155,"column":13},"end":{"line":160,"column":5}}],"line":153},"18":{"loc":{"start":{"line":171,"column":8},"end":{"line":171,"column":61}},"type":"if","locations":[{"start":{"line":171,"column":8},"end":{"line":171,"column":61}},{"start":{},"end":{}}],"line":171},"19":{"loc":{"start":{"line":173,"column":8},"end":{"line":175,"column":9}},"type":"if","locations":[{"start":{"line":173,"column":8},"end":{"line":175,"column":9}},{"start":{},"end":{}}],"line":173},"20":{"loc":{"start":{"line":177,"column":8},"end":{"line":179,"column":9}},"type":"if","locations":[{"start":{"line":177,"column":8},"end":{"line":179,"column":9}},{"start":{},"end":{}}],"line":177},"21":{"loc":{"start":{"line":187,"column":8},"end":{"line":189,"column":9}},"type":"if","locations":[{"start":{"line":187,"column":8},"end":{"line":189,"column":9}},{"start":{},"end":{}}],"line":187},"22":{"loc":{"start":{"line":192,"column":8},"end":{"line":194,"column":9}},"type":"if","locations":[{"start":{"line":192,"column":8},"end":{"line":194,"column":9}},{"start":{},"end":{}}],"line":192},"23":{"loc":{"start":{"line":192,"column":12},"end":{"line":192,"column":51}},"type":"binary-expr","locations":[{"start":{"line":192,"column":12},"end":{"line":192,"column":23}},{"start":{"line":192,"column":27},"end":{"line":192,"column":51}}],"line":192},"24":{"loc":{"start":{"line":199,"column":22},"end":{"line":199,"column":41}},"type":"binary-expr","locations":[{"start":{"line":199,"column":22},"end":{"line":199,"column":35}},{"start":{"line":199,"column":39},"end":{"line":199,"column":41}}],"line":199},"25":{"loc":{"start":{"line":200,"column":19},"end":{"line":200,"column":35}},"type":"binary-expr","locations":[{"start":{"line":200,"column":19},"end":{"line":200,"column":29}},{"start":{"line":200,"column":33},"end":{"line":200,"column":35}}],"line":200},"26":{"loc":{"start":{"line":201,"column":21},"end":{"line":201,"column":39}},"type":"binary-expr","locations":[{"start":{"line":201,"column":21},"end":{"line":201,"column":33}},{"start":{"line":201,"column":37},"end":{"line":201,"column":39}}],"line":201},"27":{"loc":{"start":{"line":202,"column":22},"end":{"line":202,"column":41}},"type":"binary-expr","locations":[{"start":{"line":202,"column":22},"end":{"line":202,"column":35}},{"start":{"line":202,"column":39},"end":{"line":202,"column":41}}],"line":202},"28":{"loc":{"start":{"line":203,"column":20},"end":{"line":203,"column":37}},"type":"binary-expr","locations":[{"start":{"line":203,"column":20},"end":{"line":203,"column":31}},{"start":{"line":203,"column":35},"end":{"line":203,"column":37}}],"line":203},"29":{"loc":{"start":{"line":204,"column":18},"end":{"line":204,"column":33}},"type":"binary-expr","locations":[{"start":{"line":204,"column":18},"end":{"line":204,"column":27}},{"start":{"line":204,"column":31},"end":{"line":204,"column":33}}],"line":204},"30":{"loc":{"start":{"line":207,"column":8},"end":{"line":209,"column":9}},"type":"if","locations":[{"start":{"line":207,"column":8},"end":{"line":209,"column":9}},{"start":{},"end":{}}],"line":207},"31":{"loc":{"start":{"line":217,"column":4},"end":{"line":217,"column":57}},"type":"if","locations":[{"start":{"line":217,"column":4},"end":{"line":217,"column":57}},{"start":{},"end":{}}],"line":217},"32":{"loc":{"start":{"line":219,"column":4},"end":{"line":221,"column":5}},"type":"if","locations":[{"start":{"line":219,"column":4},"end":{"line":221,"column":5}},{"start":{},"end":{}}],"line":219},"33":{"loc":{"start":{"line":224,"column":8},"end":{"line":226,"column":9}},"type":"if","locations":[{"start":{"line":224,"column":8},"end":{"line":226,"column":9}},{"start":{},"end":{}}],"line":224},"34":{"loc":{"start":{"line":238,"column":8},"end":{"line":240,"column":9}},"type":"if","locations":[{"start":{"line":238,"column":8},"end":{"line":240,"column":9}},{"start":{},"end":{}}],"line":238},"35":{"loc":{"start":{"line":242,"column":8},"end":{"line":242,"column":61}},"type":"if","locations":[{"start":{"line":242,"column":8},"end":{"line":242,"column":61}},{"start":{},"end":{}}],"line":242},"36":{"loc":{"start":{"line":244,"column":8},"end":{"line":246,"column":9}},"type":"if","locations":[{"start":{"line":244,"column":8},"end":{"line":246,"column":9}},{"start":{},"end":{}}],"line":244},"37":{"loc":{"start":{"line":248,"column":8},"end":{"line":250,"column":9}},"type":"if","locations":[{"start":{"line":248,"column":8},"end":{"line":250,"column":9}},{"start":{},"end":{}}],"line":248},"38":{"loc":{"start":{"line":263,"column":4},"end":{"line":263,"column":57}},"type":"if","locations":[{"start":{"line":263,"column":4},"end":{"line":263,"column":57}},{"start":{},"end":{}}],"line":263},"39":{"loc":{"start":{"line":267,"column":4},"end":{"line":270,"column":5}},"type":"if","locations":[{"start":{"line":267,"column":4},"end":{"line":270,"column":5}},{"start":{},"end":{}}],"line":267},"40":{"loc":{"start":{"line":267,"column":7},"end":{"line":267,"column":42}},"type":"binary-expr","locations":[{"start":{"line":267,"column":7},"end":{"line":267,"column":16}},{"start":{"line":267,"column":20},"end":{"line":267,"column":42}}],"line":267},"41":{"loc":{"start":{"line":273,"column":4},"end":{"line":275,"column":5}},"type":"if","locations":[{"start":{"line":273,"column":4},"end":{"line":275,"column":5}},{"start":{},"end":{}}],"line":273},"42":{"loc":{"start":{"line":277,"column":4},"end":{"line":279,"column":5}},"type":"if","locations":[{"start":{"line":277,"column":4},"end":{"line":279,"column":5}},{"start":{},"end":{}}],"line":277},"43":{"loc":{"start":{"line":282,"column":8},"end":{"line":284,"column":9}},"type":"if","locations":[{"start":{"line":282,"column":8},"end":{"line":284,"column":9}},{"start":{},"end":{}}],"line":282},"44":{"loc":{"start":{"line":282,"column":12},"end":{"line":282,"column":93}},"type":"binary-expr","locations":[{"start":{"line":282,"column":12},"end":{"line":282,"column":25}},{"start":{"line":282,"column":29},"end":{"line":282,"column":48}},{"start":{"line":282,"column":52},"end":{"line":282,"column":68}},{"start":{"line":282,"column":72},"end":{"line":282,"column":93}}],"line":282},"45":{"loc":{"start":{"line":288,"column":8},"end":{"line":290,"column":9}},"type":"if","locations":[{"start":{"line":288,"column":8},"end":{"line":290,"column":9}},{"start":{},"end":{}}],"line":288},"46":{"loc":{"start":{"line":305,"column":8},"end":{"line":305,"column":61}},"type":"if","locations":[{"start":{"line":305,"column":8},"end":{"line":305,"column":61}},{"start":{},"end":{}}],"line":305},"47":{"loc":{"start":{"line":311,"column":8},"end":{"line":313,"column":9}},"type":"if","locations":[{"start":{"line":311,"column":8},"end":{"line":313,"column":9}},{"start":{},"end":{}}],"line":311},"48":{"loc":{"start":{"line":315,"column":8},"end":{"line":317,"column":9}},"type":"if","locations":[{"start":{"line":315,"column":8},"end":{"line":317,"column":9}},{"start":{},"end":{}}],"line":315},"49":{"loc":{"start":{"line":320,"column":8},"end":{"line":322,"column":9}},"type":"if","locations":[{"start":{"line":320,"column":8},"end":{"line":322,"column":9}},{"start":{},"end":{}}],"line":320},"50":{"loc":{"start":{"line":329,"column":8},"end":{"line":331,"column":9}},"type":"if","locations":[{"start":{"line":329,"column":8},"end":{"line":331,"column":9}},{"start":{},"end":{}}],"line":329},"51":{"loc":{"start":{"line":340,"column":8},"end":{"line":340,"column":61}},"type":"if","locations":[{"start":{"line":340,"column":8},"end":{"line":340,"column":61}},{"start":{},"end":{}}],"line":340},"52":{"loc":{"start":{"line":342,"column":8},"end":{"line":344,"column":9}},"type":"if","locations":[{"start":{"line":342,"column":8},"end":{"line":344,"column":9}},{"start":{},"end":{}}],"line":342},"53":{"loc":{"start":{"line":358,"column":8},"end":{"line":358,"column":60}},"type":"if","locations":[{"start":{"line":358,"column":8},"end":{"line":358,"column":60}},{"start":{},"end":{}}],"line":358},"54":{"loc":{"start":{"line":360,"column":8},"end":{"line":362,"column":9}},"type":"if","locations":[{"start":{"line":360,"column":8},"end":{"line":362,"column":9}},{"start":{},"end":{}}],"line":360},"55":{"loc":{"start":{"line":379,"column":8},"end":{"line":379,"column":60}},"type":"if","locations":[{"start":{"line":379,"column":8},"end":{"line":379,"column":60}},{"start":{},"end":{}}],"line":379},"56":{"loc":{"start":{"line":381,"column":8},"end":{"line":383,"column":9}},"type":"if","locations":[{"start":{"line":381,"column":8},"end":{"line":383,"column":9}},{"start":{},"end":{}}],"line":381},"57":{"loc":{"start":{"line":401,"column":8},"end":{"line":401,"column":60}},"type":"if","locations":[{"start":{"line":401,"column":8},"end":{"line":401,"column":60}},{"start":{},"end":{}}],"line":401},"58":{"loc":{"start":{"line":403,"column":8},"end":{"line":405,"column":9}},"type":"if","locations":[{"start":{"line":403,"column":8},"end":{"line":405,"column":9}},{"start":{},"end":{}}],"line":403},"59":{"loc":{"start":{"line":407,"column":8},"end":{"line":410,"column":9}},"type":"if","locations":[{"start":{"line":407,"column":8},"end":{"line":410,"column":9}},{"start":{},"end":{}}],"line":407},"60":{"loc":{"start":{"line":411,"column":25},"end":{"line":411,"column":105}},"type":"cond-expr","locations":[{"start":{"line":411,"column":60},"end":{"line":411,"column":88}},{"start":{"line":411,"column":91},"end":{"line":411,"column":105}}],"line":411},"61":{"loc":{"start":{"line":427,"column":4},"end":{"line":427,"column":56}},"type":"if","locations":[{"start":{"line":427,"column":4},"end":{"line":427,"column":56}},{"start":{},"end":{}}],"line":427},"62":{"loc":{"start":{"line":429,"column":4},"end":{"line":431,"column":5}},"type":"if","locations":[{"start":{"line":429,"column":4},"end":{"line":431,"column":5}},{"start":{},"end":{}}],"line":429},"63":{"loc":{"start":{"line":432,"column":21},"end":{"line":432,"column":101}},"type":"cond-expr","locations":[{"start":{"line":432,"column":56},"end":{"line":432,"column":84}},{"start":{"line":432,"column":87},"end":{"line":432,"column":101}}],"line":432},"64":{"loc":{"start":{"line":445,"column":8},"end":{"line":445,"column":60}},"type":"if","locations":[{"start":{"line":445,"column":8},"end":{"line":445,"column":60}},{"start":{},"end":{}}],"line":445},"65":{"loc":{"start":{"line":447,"column":8},"end":{"line":449,"column":9}},"type":"if","locations":[{"start":{"line":447,"column":8},"end":{"line":449,"column":9}},{"start":{},"end":{}}],"line":447},"66":{"loc":{"start":{"line":463,"column":8},"end":{"line":465,"column":9}},"type":"if","locations":[{"start":{"line":463,"column":8},"end":{"line":465,"column":9}},{"start":{},"end":{}}],"line":463},"67":{"loc":{"start":{"line":463,"column":12},"end":{"line":463,"column":34}},"type":"binary-expr","locations":[{"start":{"line":463,"column":12},"end":{"line":463,"column":20}},{"start":{"line":463,"column":24},"end":{"line":463,"column":34}}],"line":463},"68":{"loc":{"start":{"line":467,"column":8},"end":{"line":469,"column":9}},"type":"if","locations":[{"start":{"line":467,"column":8},"end":{"line":469,"column":9}},{"start":{},"end":{}}],"line":467},"69":{"loc":{"start":{"line":479,"column":8},"end":{"line":479,"column":61}},"type":"if","locations":[{"start":{"line":479,"column":8},"end":{"line":479,"column":61}},{"start":{},"end":{}}],"line":479},"70":{"loc":{"start":{"line":481,"column":8},"end":{"line":483,"column":9}},"type":"if","locations":[{"start":{"line":481,"column":8},"end":{"line":483,"column":9}},{"start":{},"end":{}}],"line":481},"71":{"loc":{"start":{"line":485,"column":8},"end":{"line":487,"column":9}},"type":"if","locations":[{"start":{"line":485,"column":8},"end":{"line":487,"column":9}},{"start":{},"end":{}}],"line":485},"72":{"loc":{"start":{"line":489,"column":8},"end":{"line":491,"column":9}},"type":"if","locations":[{"start":{"line":489,"column":8},"end":{"line":491,"column":9}},{"start":{},"end":{}}],"line":489},"73":{"loc":{"start":{"line":502,"column":8},"end":{"line":502,"column":61}},"type":"if","locations":[{"start":{"line":502,"column":8},"end":{"line":502,"column":61}},{"start":{},"end":{}}],"line":502},"74":{"loc":{"start":{"line":504,"column":8},"end":{"line":506,"column":9}},"type":"if","locations":[{"start":{"line":504,"column":8},"end":{"line":506,"column":9}},{"start":{},"end":{}}],"line":504},"75":{"loc":{"start":{"line":508,"column":8},"end":{"line":510,"column":9}},"type":"if","locations":[{"start":{"line":508,"column":8},"end":{"line":510,"column":9}},{"start":{},"end":{}}],"line":508},"76":{"loc":{"start":{"line":513,"column":8},"end":{"line":515,"column":9}},"type":"if","locations":[{"start":{"line":513,"column":8},"end":{"line":515,"column":9}},{"start":{},"end":{}}],"line":513},"77":{"loc":{"start":{"line":518,"column":8},"end":{"line":520,"column":9}},"type":"if","locations":[{"start":{"line":518,"column":8},"end":{"line":520,"column":9}},{"start":{},"end":{}}],"line":518},"78":{"loc":{"start":{"line":531,"column":8},"end":{"line":531,"column":61}},"type":"if","locations":[{"start":{"line":531,"column":8},"end":{"line":531,"column":61}},{"start":{},"end":{}}],"line":531},"79":{"loc":{"start":{"line":533,"column":8},"end":{"line":535,"column":9}},"type":"if","locations":[{"start":{"line":533,"column":8},"end":{"line":535,"column":9}},{"start":{},"end":{}}],"line":533},"80":{"loc":{"start":{"line":537,"column":8},"end":{"line":539,"column":9}},"type":"if","locations":[{"start":{"line":537,"column":8},"end":{"line":539,"column":9}},{"start":{},"end":{}}],"line":537},"81":{"loc":{"start":{"line":549,"column":8},"end":{"line":551,"column":9}},"type":"if","locations":[{"start":{"line":549,"column":8},"end":{"line":551,"column":9}},{"start":{},"end":{}}],"line":549},"82":{"loc":{"start":{"line":549,"column":12},"end":{"line":549,"column":63}},"type":"binary-expr","locations":[{"start":{"line":549,"column":12},"end":{"line":549,"column":20}},{"start":{"line":549,"column":24},"end":{"line":549,"column":28}},{"start":{"line":549,"column":32},"end":{"line":549,"column":36}},{"start":{"line":549,"column":40},"end":{"line":549,"column":49}},{"start":{"line":549,"column":53},"end":{"line":549,"column":63}}],"line":549},"83":{"loc":{"start":{"line":554,"column":8},"end":{"line":556,"column":9}},"type":"if","locations":[{"start":{"line":554,"column":8},"end":{"line":556,"column":9}},{"start":{},"end":{}}],"line":554},"84":{"loc":{"start":{"line":566,"column":8},"end":{"line":568,"column":9}},"type":"if","locations":[{"start":{"line":566,"column":8},"end":{"line":568,"column":9}},{"start":{},"end":{}}],"line":566},"85":{"loc":{"start":{"line":566,"column":12},"end":{"line":566,"column":34}},"type":"binary-expr","locations":[{"start":{"line":566,"column":12},"end":{"line":566,"column":20}},{"start":{"line":566,"column":24},"end":{"line":566,"column":34}}],"line":566},"86":{"loc":{"start":{"line":570,"column":8},"end":{"line":572,"column":9}},"type":"if","locations":[{"start":{"line":570,"column":8},"end":{"line":572,"column":9}},{"start":{},"end":{}}],"line":570},"87":{"loc":{"start":{"line":574,"column":8},"end":{"line":576,"column":9}},"type":"if","locations":[{"start":{"line":574,"column":8},"end":{"line":576,"column":9}},{"start":{},"end":{}}],"line":574}},"s":{"0":1,"1":1,"2":1,"3":1,"4":1,"5":1,"6":2,"7":2,"8":0,"9":0,"10":2,"11":2,"12":1,"13":1,"14":1,"15":1,"16":1,"17":1,"18":1,"19":1,"20":1,"21":3,"22":0,"23":0,"24":1,"25":1,"26":1,"27":1,"28":15,"29":15,"30":15,"31":15,"32":1,"33":14,"34":14,"35":14,"36":14,"37":1,"38":13,"39":13,"40":13,"41":13,"42":0,"43":0,"44":1,"45":5,"46":5,"47":1,"48":4,"49":4,"50":1,"51":3,"52":3,"53":2,"54":0,"55":2,"56":1,"57":1,"58":1,"59":9,"60":9,"61":1,"62":8,"63":8,"64":8,"65":1,"66":7,"67":7,"68":7,"69":7,"70":0,"71":0,"72":1,"73":2,"74":2,"75":2,"76":1,"77":1,"78":1,"79":1,"80":1,"81":0,"82":1,"83":1,"84":0,"85":1,"86":1,"87":0,"88":1,"89":0,"90":1,"91":1,"92":0,"93":1,"94":0,"95":0,"96":1,"97":7,"98":7,"99":7,"100":2,"101":5,"102":5,"103":0,"104":5,"105":5,"106":0,"107":5,"108":5,"109":5,"110":0,"111":5,"112":5,"113":5,"114":0,"115":5,"116":5,"117":0,"118":0,"119":0,"120":0,"121":1,"122":0,"123":0,"124":0,"125":0,"126":0,"127":0,"128":0,"129":0,"130":0,"131":0,"132":0,"133":0,"134":0,"135":1,"136":4,"137":4,"138":4,"139":0,"140":4,"141":4,"142":1,"143":3,"144":3,"145":1,"146":2,"147":2,"148":1,"149":1,"150":0,"151":0,"152":1,"153":6,"154":6,"155":1,"156":5,"157":5,"158":5,"159":5,"160":0,"161":5,"162":5,"163":1,"164":4,"165":2,"166":2,"167":2,"168":1,"169":1,"170":1,"171":0,"172":1,"173":0,"174":0,"175":1,"176":10,"177":10,"178":10,"179":1,"180":9,"181":9,"182":9,"183":1,"184":8,"185":1,"186":7,"187":7,"188":0,"189":7,"190":0,"191":0,"192":0,"193":0,"194":1,"195":3,"196":3,"197":3,"198":1,"199":2,"200":2,"201":1,"202":1,"203":0,"204":0,"205":1,"206":3,"207":3,"208":3,"209":3,"210":3,"211":1,"212":2,"213":2,"214":1,"215":1,"216":1,"217":0,"218":0,"219":1,"220":2,"221":2,"222":2,"223":2,"224":1,"225":1,"226":1,"227":0,"228":1,"229":1,"230":1,"231":0,"232":0,"233":1,"234":3,"235":3,"236":3,"237":3,"238":1,"239":2,"240":2,"241":1,"242":1,"243":1,"244":0,"245":0,"246":1,"247":1,"248":1,"249":1,"250":1,"251":0,"252":0,"253":1,"254":3,"255":3,"256":3,"257":3,"258":1,"259":2,"260":2,"261":1,"262":1,"263":1,"264":1,"265":1,"266":0,"267":0,"268":1,"269":3,"270":3,"271":3,"272":3,"273":1,"274":2,"275":2,"276":1,"277":1,"278":1,"279":0,"280":0,"281":1,"282":3,"283":3,"284":3,"285":0,"286":3,"287":3,"288":0,"289":3,"290":0,"291":0,"292":1,"293":2,"294":2,"295":2,"296":1,"297":1,"298":1,"299":0,"300":1,"301":1,"302":0,"303":1,"304":1,"305":0,"306":1,"307":0,"308":0,"309":1,"310":5,"311":5,"312":5,"313":1,"314":4,"315":4,"316":0,"317":4,"318":4,"319":1,"320":3,"321":3,"322":0,"323":3,"324":3,"325":0,"326":3,"327":0,"328":0,"329":1,"330":4,"331":4,"332":4,"333":1,"334":3,"335":3,"336":1,"337":2,"338":1,"339":0,"340":1,"341":1,"342":1,"343":1,"344":3,"345":3,"346":3,"347":1,"348":2,"349":2,"350":2,"351":0,"352":2,"353":0,"354":0,"355":1,"356":2,"357":2,"358":2,"359":1,"360":1,"361":1,"362":0,"363":1,"364":1,"365":0,"366":1,"367":1,"368":1,"369":1,"370":2,"371":1,"372":0,"373":0,"374":1,"375":0,"376":0,"377":1,"378":1},"f":{"0":2,"1":1,"2":3,"3":0,"4":15,"5":5,"6":9,"7":2,"8":7,"9":0,"10":4,"11":6,"12":10,"13":3,"14":3,"15":2,"16":1,"17":3,"18":3,"19":3,"20":3,"21":2,"22":5,"23":4,"24":3,"25":2,"26":0,"27":1},"b":{"0":[0,2],"1":[0,0],"2":[0,0],"3":[1,14],"4":[15,15],"5":[1,13],"6":[1,4],"7":[1,3],"8":[0,2],"9":[1,8],"10":[9,9,8],"11":[1,7],"12":[1,1],"13":[0,1],"14":[0,1],"15":[0,1],"16":[0,1],"17":[0,1],"18":[2,5],"19":[0,5],"20":[0,5],"21":[0,5],"22":[0,5],"23":[5,0],"24":[5,0],"25":[5,0],"26":[5,4],"27":[5,5],"28":[5,0],"29":[5,4],"30":[0,0],"31":[0,0],"32":[0,0],"33":[0,0],"34":[0,4],"35":[1,3],"36":[1,2],"37":[1,1],"38":[1,5],"39":[0,5],"40":[5,5],"41":[1,4],"42":[2,2],"43":[1,1],"44":[2,2,1,1],"45":[0,1],"46":[1,9],"47":[1,8],"48":[1,7],"49":[0,7],"50":[0,0],"51":[1,2],"52":[1,1],"53":[1,2],"54":[1,1],"55":[1,1],"56":[0,1],"57":[1,2],"58":[1,1],"59":[0,1],"60":[1,0],"61":[1,2],"62":[1,1],"63":[1,0],"64":[1,2],"65":[1,1],"66":[0,3],"67":[3,3],"68":[0,3],"69":[1,1],"70":[0,1],"71":[0,1],"72":[0,1],"73":[1,4],"74":[0,4],"75":[1,3],"76":[0,3],"77":[0,3],"78":[1,3],"79":[1,2],"80":[0,1],"81":[1,2],"82":[3,3,3,3,3],"83":[0,2],"84":[1,1],"85":[2,2],"86":[0,1],"87":[0,1]},"_coverageSchema":"1a1c01bbd47fc00a2c39e90264f33305004495a9","hash":"237e9ab0841bcff038406fb0e6e218234a503d19"}
,"C:\\Users\\teppi\\OneDrive\\Bureau\\New folder (4)\\ConnectKid\\BACKEND\\database.js": {"path":"C:\\Users\\teppi\\OneDrive\\Bureau\\New folder (4)\\ConnectKid\\BACKEND\\database.js","statementMap":{"0":{"start":{"line":28,"column":0},"end":{"line":28,"column":39}},"1":{"start":{"line":29,"column":12},"end":{"line":29,"column":27}},"2":{"start":{"line":30,"column":11},"end":{"line":30,"column":31}},"3":{"start":{"line":31,"column":13},"end":{"line":31,"column":35}},"4":{"start":{"line":32,"column":15},"end":{"line":38,"column":4}},"5":{"start":{"line":44,"column":4},"end":{"line":58,"column":5}},"6":{"start":{"line":45,"column":6},"end":{"line":45,"column":29}},"7":{"start":{"line":46,"column":6},"end":{"line":46,"column":47}},"8":{"start":{"line":47,"column":6},"end":{"line":47,"column":42}},"9":{"start":{"line":48,"column":6},"end":{"line":48,"column":64}},"10":{"start":{"line":49,"column":6},"end":{"line":49,"column":53}},"11":{"start":{"line":50,"column":6},"end":{"line":50,"column":53}},"12":{"start":{"line":51,"column":6},"end":{"line":51,"column":59}},"13":{"start":{"line":52,"column":6},"end":{"line":52,"column":56}},"14":{"start":{"line":53,"column":6},"end":{"line":53,"column":48}},"15":{"start":{"line":54,"column":6},"end":{"line":54,"column":52}},"16":{"start":{"line":55,"column":6},"end":{"line":55,"column":84}},"17":{"start":{"line":57,"column":8},"end":{"line":57,"column":30}},"18":{"start":{"line":90,"column":2},"end":{"line":90,"column":105}},"19":{"start":{"line":91,"column":15},"end":{"line":91,"column":99}},"20":{"start":{"line":92,"column":2},"end":{"line":92,"column":23}},"21":{"start":{"line":93,"column":2},"end":{"line":103,"column":3}},"22":{"start":{"line":94,"column":17},"end":{"line":94,"column":24}},"23":{"start":{"line":95,"column":4},"end":{"line":95,"column":17}},"24":{"start":{"line":96,"column":28},"end":{"line":96,"column":58}},"25":{"start":{"line":97,"column":4},"end":{"line":97,"column":33}},"26":{"start":{"line":98,"column":4},"end":{"line":98,"column":26}},"27":{"start":{"line":99,"column":4},"end":{"line":102,"column":5}},"28":{"start":{"line":100,"column":6},"end":{"line":100,"column":24}},"29":{"start":{"line":101,"column":6},"end":{"line":101,"column":18}},"30":{"start":{"line":104,"column":2},"end":{"line":104,"column":52}},"31":{"start":{"line":105,"column":2},"end":{"line":105,"column":14}},"32":{"start":{"line":109,"column":4},"end":{"line":109,"column":87}},"33":{"start":{"line":110,"column":17},"end":{"line":110,"column":86}},"34":{"start":{"line":111,"column":4},"end":{"line":111,"column":25}},"35":{"start":{"line":112,"column":4},"end":{"line":112,"column":19}},"36":{"start":{"line":115,"column":21},"end":{"line":115,"column":85}},"37":{"start":{"line":116,"column":15},"end":{"line":116,"column":17}},"38":{"start":{"line":117,"column":2},"end":{"line":119,"column":3}},"39":{"start":{"line":117,"column":15},"end":{"line":117,"column":16}},"40":{"start":{"line":118,"column":6},"end":{"line":118,"column":81}},"41":{"start":{"line":120,"column":2},"end":{"line":120,"column":16}},"42":{"start":{"line":123,"column":2},"end":{"line":123,"column":60}},"43":{"start":{"line":124,"column":15},"end":{"line":124,"column":58}},"44":{"start":{"line":125,"column":2},"end":{"line":125,"column":17}},"45":{"start":{"line":129,"column":4},"end":{"line":129,"column":75}},"46":{"start":{"line":130,"column":18},"end":{"line":130,"column":40}},"47":{"start":{"line":131,"column":18},"end":{"line":131,"column":40}},"48":{"start":{"line":132,"column":4},"end":{"line":134,"column":5}},"49":{"start":{"line":133,"column":6},"end":{"line":133,"column":78}},"50":{"start":{"line":135,"column":4},"end":{"line":137,"column":5}},"51":{"start":{"line":136,"column":6},"end":{"line":136,"column":78}},"52":{"start":{"line":138,"column":4},"end":{"line":138,"column":44}},"53":{"start":{"line":139,"column":4},"end":{"line":139,"column":15}},"54":{"start":{"line":142,"column":2},"end":{"line":142,"column":113}},"55":{"start":{"line":143,"column":18},"end":{"line":143,"column":72}},"56":{"start":{"line":144,"column":15},"end":{"line":144,"column":62}},"57":{"start":{"line":146,"column":2},"end":{"line":151,"column":3}},"58":{"start":{"line":147,"column":4},"end":{"line":147,"column":29}},"59":{"start":{"line":148,"column":4},"end":{"line":150,"column":5}},"60":{"start":{"line":149,"column":6},"end":{"line":149,"column":12}},"61":{"start":{"line":152,"column":13},"end":{"line":163,"column":3}},"62":{"start":{"line":164,"column":2},"end":{"line":164,"column":27}},"63":{"start":{"line":165,"column":12},"end":{"line":165,"column":37}},"64":{"start":{"line":166,"column":2},"end":{"line":166,"column":21}},"65":{"start":{"line":167,"column":2},"end":{"line":167,"column":12}},"66":{"start":{"line":171,"column":2},"end":{"line":171,"column":52}},"67":{"start":{"line":172,"column":2},"end":{"line":172,"column":20}},"68":{"start":{"line":173,"column":15},"end":{"line":173,"column":49}},"69":{"start":{"line":175,"column":2},"end":{"line":178,"column":3}},"70":{"start":{"line":176,"column":6},"end":{"line":176,"column":49}},"71":{"start":{"line":177,"column":6},"end":{"line":177,"column":18}},"72":{"start":{"line":180,"column":2},"end":{"line":180,"column":17}},"73":{"start":{"line":183,"column":2},"end":{"line":183,"column":52}},"74":{"start":{"line":184,"column":2},"end":{"line":184,"column":20}},"75":{"start":{"line":186,"column":15},"end":{"line":186,"column":74}},"76":{"start":{"line":187,"column":2},"end":{"line":190,"column":3}},"77":{"start":{"line":188,"column":6},"end":{"line":188,"column":49}},"78":{"start":{"line":189,"column":6},"end":{"line":189,"column":18}},"79":{"start":{"line":193,"column":2},"end":{"line":193,"column":56}},"80":{"start":{"line":194,"column":2},"end":{"line":194,"column":17}},"81":{"start":{"line":200,"column":4},"end":{"line":200,"column":76}},"82":{"start":{"line":202,"column":18},"end":{"line":202,"column":48}},"83":{"start":{"line":203,"column":19},"end":{"line":209,"column":5}},"84":{"start":{"line":210,"column":4},"end":{"line":210,"column":38}},"85":{"start":{"line":211,"column":4},"end":{"line":211,"column":15}},"86":{"start":{"line":216,"column":4},"end":{"line":216,"column":63}},"87":{"start":{"line":217,"column":17},"end":{"line":217,"column":38}},"88":{"start":{"line":218,"column":19},"end":{"line":218,"column":21}},"89":{"start":{"line":219,"column":4},"end":{"line":223,"column":5}},"90":{"start":{"line":219,"column":17},"end":{"line":219,"column":18}},"91":{"start":{"line":220,"column":20},"end":{"line":220,"column":74}},"92":{"start":{"line":222,"column":6},"end":{"line":222,"column":29}},"93":{"start":{"line":224,"column":4},"end":{"line":224,"column":26}},"94":{"start":{"line":225,"column":4},"end":{"line":225,"column":20}},"95":{"start":{"line":229,"column":19},"end":{"line":229,"column":60}},"96":{"start":{"line":232,"column":4},"end":{"line":232,"column":31}},"97":{"start":{"line":248,"column":2},"end":{"line":248,"column":44}},"98":{"start":{"line":251,"column":23},"end":{"line":255,"column":4}},"99":{"start":{"line":256,"column":2},"end":{"line":258,"column":3}},"100":{"start":{"line":257,"column":4},"end":{"line":257,"column":24}},"101":{"start":{"line":259,"column":26},"end":{"line":264,"column":3}},"102":{"start":{"line":265,"column":17},"end":{"line":265,"column":63}},"103":{"start":{"line":266,"column":2},"end":{"line":266,"column":16}},"104":{"start":{"line":272,"column":18},"end":{"line":278,"column":3}},"105":{"start":{"line":280,"column":2},"end":{"line":280,"column":36}},"106":{"start":{"line":283,"column":2},"end":{"line":295,"column":4}},"107":{"start":{"line":297,"column":2},"end":{"line":297,"column":17}},"108":{"start":{"line":304,"column":2},"end":{"line":307,"column":15}},"109":{"start":{"line":312,"column":2},"end":{"line":314,"column":39}},"110":{"start":{"line":320,"column":2},"end":{"line":327,"column":4}},"111":{"start":{"line":342,"column":2},"end":{"line":358,"column":3}},"112":{"start":{"line":343,"column":4},"end":{"line":343,"column":16}},"113":{"start":{"line":344,"column":27},"end":{"line":344,"column":53}},"114":{"start":{"line":345,"column":26},"end":{"line":345,"column":54}},"115":{"start":{"line":346,"column":21},"end":{"line":346,"column":69}},"116":{"start":{"line":348,"column":4},"end":{"line":348,"column":60}},"117":{"start":{"line":350,"column":4},"end":{"line":353,"column":7}},"118":{"start":{"line":351,"column":6},"end":{"line":351,"column":82}},"119":{"start":{"line":352,"column":6},"end":{"line":352,"column":49}},"120":{"start":{"line":356,"column":4},"end":{"line":356,"column":41}},"121":{"start":{"line":357,"column":4},"end":{"line":357,"column":14}},"122":{"start":{"line":361,"column":2},"end":{"line":361,"column":84}},"123":{"start":{"line":362,"column":2},"end":{"line":368,"column":5}},"124":{"start":{"line":369,"column":2},"end":{"line":369,"column":14}},"125":{"start":{"line":373,"column":2},"end":{"line":373,"column":56}},"126":{"start":{"line":374,"column":15},"end":{"line":374,"column":58}},"127":{"start":{"line":375,"column":2},"end":{"line":375,"column":20}},"128":{"start":{"line":376,"column":2},"end":{"line":376,"column":14}},"129":{"start":{"line":380,"column":2},"end":{"line":380,"column":87}},"130":{"start":{"line":381,"column":2},"end":{"line":381,"column":73}},"131":{"start":{"line":382,"column":2},"end":{"line":382,"column":14}},"132":{"start":{"line":386,"column":2},"end":{"line":386,"column":122}},"133":{"start":{"line":387,"column":2},"end":{"line":387,"column":14}},"134":{"start":{"line":390,"column":2},"end":{"line":390,"column":66}},"135":{"start":{"line":391,"column":15},"end":{"line":391,"column":36}},"136":{"start":{"line":392,"column":17},"end":{"line":392,"column":19}},"137":{"start":{"line":393,"column":2},"end":{"line":406,"column":3}},"138":{"start":{"line":393,"column":15},"end":{"line":393,"column":16}},"139":{"start":{"line":394,"column":18},"end":{"line":394,"column":52}},"140":{"start":{"line":395,"column":19},"end":{"line":395,"column":61}},"141":{"start":{"line":396,"column":4},"end":{"line":405,"column":5}},"142":{"start":{"line":397,"column":6},"end":{"line":404,"column":9}},"143":{"start":{"line":407,"column":2},"end":{"line":407,"column":18}},"144":{"start":{"line":410,"column":2},"end":{"line":410,"column":57}},"145":{"start":{"line":411,"column":15},"end":{"line":411,"column":58}},"146":{"start":{"line":412,"column":2},"end":{"line":412,"column":23}},"147":{"start":{"line":413,"column":2},"end":{"line":413,"column":17}},"148":{"start":{"line":416,"column":17},"end":{"line":416,"column":48}},"149":{"start":{"line":417,"column":2},"end":{"line":420,"column":4}},"150":{"start":{"line":422,"column":0},"end":{"line":424,"column":52}},"151":{"start":{"line":423,"column":14},"end":{"line":423,"column":43}},"152":{"start":{"line":424,"column":16},"end":{"line":424,"column":50}}},"fnMap":{"0":{"name":"run","decl":{"start":{"line":43,"column":22},"end":{"line":43,"column":25}},"loc":{"start":{"line":43,"column":28},"end":{"line":59,"column":3}},"line":43},"1":{"name":"getUserByUsernameOrEmailAndPassword","decl":{"start":{"line":89,"column":22},"end":{"line":89,"column":57}},"loc":{"start":{"line":89,"column":85},"end":{"line":106,"column":1}},"line":89},"2":{"name":"getUserByUsernameOrEmail","decl":{"start":{"line":108,"column":22},"end":{"line":108,"column":46}},"loc":{"start":{"line":108,"column":64},"end":{"line":113,"column":1}},"line":108},"3":{"name":"generatePairid","decl":{"start":{"line":114,"column":9},"end":{"line":114,"column":23}},"loc":{"start":{"line":114,"column":26},"end":{"line":121,"column":1}},"line":114},"4":{"name":"findUserByPairId","decl":{"start":{"line":122,"column":22},"end":{"line":122,"column":38}},"loc":{"start":{"line":122,"column":47},"end":{"line":126,"column":1}},"line":122},"5":{"name":"pairUser","decl":{"start":{"line":127,"column":22},"end":{"line":127,"column":30}},"loc":{"start":{"line":127,"column":39},"end":{"line":140,"column":1}},"line":127},"6":{"name":"createUser","decl":{"start":{"line":141,"column":22},"end":{"line":141,"column":32}},"loc":{"start":{"line":141,"column":76},"end":{"line":168,"column":1}},"line":141},"7":{"name":"getUserById","decl":{"start":{"line":170,"column":22},"end":{"line":170,"column":33}},"loc":{"start":{"line":170,"column":38},"end":{"line":181,"column":1}},"line":170},"8":{"name":"getUserByIdNoPasswordAndNoimage","decl":{"start":{"line":182,"column":22},"end":{"line":182,"column":53}},"loc":{"start":{"line":182,"column":58},"end":{"line":195,"column":1}},"line":182},"9":{"name":"updateUserProfile","decl":{"start":{"line":197,"column":22},"end":{"line":197,"column":39}},"loc":{"start":{"line":197,"column":49},"end":{"line":212,"column":1}},"line":197},"10":{"name":"getUserContacts","decl":{"start":{"line":214,"column":22},"end":{"line":214,"column":37}},"loc":{"start":{"line":214,"column":41},"end":{"line":226,"column":1}},"line":214},"11":{"name":"deleteUserById","decl":{"start":{"line":227,"column":22},"end":{"line":227,"column":36}},"loc":{"start":{"line":227,"column":40},"end":{"line":233,"column":1}},"line":227},"12":{"name":"createConversation","decl":{"start":{"line":247,"column":22},"end":{"line":247,"column":40}},"loc":{"start":{"line":247,"column":73},"end":{"line":267,"column":1}},"line":247},"13":{"name":"sendMessage","decl":{"start":{"line":270,"column":22},"end":{"line":270,"column":33}},"loc":{"start":{"line":270,"column":69},"end":{"line":298,"column":1}},"line":270},"14":{"name":"getConversationMessages","decl":{"start":{"line":301,"column":22},"end":{"line":301,"column":45}},"loc":{"start":{"line":301,"column":74},"end":{"line":308,"column":1}},"line":301},"15":{"name":"getUserConversations","decl":{"start":{"line":311,"column":22},"end":{"line":311,"column":42}},"loc":{"start":{"line":311,"column":51},"end":{"line":315,"column":1}},"line":311},"16":{"name":"markMessagesAsRead","decl":{"start":{"line":318,"column":22},"end":{"line":318,"column":40}},"loc":{"start":{"line":318,"column":65},"end":{"line":328,"column":1}},"line":318},"17":{"name":"testGetMessages","decl":{"start":{"line":341,"column":15},"end":{"line":341,"column":30}},"loc":{"start":{"line":341,"column":33},"end":{"line":359,"column":1}},"line":341},"18":{"name":"(anonymous_18)","decl":{"start":{"line":350,"column":21},"end":{"line":350,"column":22}},"loc":{"start":{"line":350,"column":37},"end":{"line":353,"column":5}},"line":350},"19":{"name":"addDevice","decl":{"start":{"line":360,"column":22},"end":{"line":360,"column":31}},"loc":{"start":{"line":360,"column":46},"end":{"line":371,"column":1}},"line":360},"20":{"name":"getDevices","decl":{"start":{"line":372,"column":22},"end":{"line":372,"column":32}},"loc":{"start":{"line":372,"column":36},"end":{"line":377,"column":1}},"line":372},"21":{"name":"deleteDevice","decl":{"start":{"line":379,"column":22},"end":{"line":379,"column":34}},"loc":{"start":{"line":379,"column":49},"end":{"line":383,"column":1}},"line":379},"22":{"name":"saveLocation","decl":{"start":{"line":385,"column":22},"end":{"line":385,"column":34}},"loc":{"start":{"line":385,"column":69},"end":{"line":388,"column":1}},"line":385},"23":{"name":"getContactslocation","decl":{"start":{"line":389,"column":22},"end":{"line":389,"column":41}},"loc":{"start":{"line":389,"column":46},"end":{"line":408,"column":1}},"line":389},"24":{"name":"getLocationByPairId","decl":{"start":{"line":409,"column":22},"end":{"line":409,"column":41}},"loc":{"start":{"line":409,"column":45},"end":{"line":414,"column":1}},"line":409},"25":{"name":"updateUserStatus","decl":{"start":{"line":415,"column":22},"end":{"line":415,"column":38}},"loc":{"start":{"line":415,"column":57},"end":{"line":421,"column":1}},"line":415},"26":{"name":"(anonymous_26)","decl":{"start":{"line":423,"column":8},"end":{"line":423,"column":9}},"loc":{"start":{"line":423,"column":14},"end":{"line":423,"column":43}},"line":423},"27":{"name":"(anonymous_27)","decl":{"start":{"line":424,"column":9},"end":{"line":424,"column":10}},"loc":{"start":{"line":424,"column":16},"end":{"line":424,"column":50}},"line":424}},"branchMap":{"0":{"loc":{"start":{"line":93,"column":2},"end":{"line":103,"column":3}},"type":"if","locations":[{"start":{"line":93,"column":2},"end":{"line":103,"column":3}},{"start":{},"end":{}}],"line":93},"1":{"loc":{"start":{"line":99,"column":4},"end":{"line":102,"column":5}},"type":"if","locations":[{"start":{"line":99,"column":4},"end":{"line":102,"column":5}},{"start":{},"end":{}}],"line":99},"2":{"loc":{"start":{"line":132,"column":4},"end":{"line":134,"column":5}},"type":"if","locations":[{"start":{"line":132,"column":4},"end":{"line":134,"column":5}},{"start":{},"end":{}}],"line":132},"3":{"loc":{"start":{"line":135,"column":4},"end":{"line":137,"column":5}},"type":"if","locations":[{"start":{"line":135,"column":4},"end":{"line":137,"column":5}},{"start":{},"end":{}}],"line":135},"4":{"loc":{"start":{"line":144,"column":15},"end":{"line":144,"column":62}},"type":"cond-expr","locations":[{"start":{"line":144,"column":38},"end":{"line":144,"column":58}},{"start":{"line":144,"column":61},"end":{"line":144,"column":62}}],"line":144},"5":{"loc":{"start":{"line":148,"column":4},"end":{"line":150,"column":5}},"type":"if","locations":[{"start":{"line":148,"column":4},"end":{"line":150,"column":5}},{"start":{},"end":{}}],"line":148},"6":{"loc":{"start":{"line":175,"column":2},"end":{"line":178,"column":3}},"type":"if","locations":[{"start":{"line":175,"column":2},"end":{"line":178,"column":3}},{"start":{},"end":{}}],"line":175},"7":{"loc":{"start":{"line":187,"column":2},"end":{"line":190,"column":3}},"type":"if","locations":[{"start":{"line":187,"column":2},"end":{"line":190,"column":3}},{"start":{},"end":{}}],"line":187},"8":{"loc":{"start":{"line":256,"column":2},"end":{"line":258,"column":3}},"type":"if","locations":[{"start":{"line":256,"column":2},"end":{"line":258,"column":3}},{"start":{},"end":{}}],"line":256},"9":{"loc":{"start":{"line":301,"column":62},"end":{"line":301,"column":72}},"type":"default-arg","locations":[{"start":{"line":301,"column":70},"end":{"line":301,"column":72}}],"line":301},"10":{"loc":{"start":{"line":396,"column":4},"end":{"line":405,"column":5}},"type":"if","locations":[{"start":{"line":396,"column":4},"end":{"line":405,"column":5}},{"start":{},"end":{}}],"line":396},"11":{"loc":{"start":{"line":416,"column":17},"end":{"line":416,"column":48}},"type":"cond-expr","locations":[{"start":{"line":416,"column":28},"end":{"line":416,"column":36}},{"start":{"line":416,"column":39},"end":{"line":416,"column":48}}],"line":416}},"s":{"0":1,"1":1,"2":1,"3":1,"4":1,"5":3,"6":3,"7":3,"8":3,"9":3,"10":3,"11":3,"12":3,"13":3,"14":3,"15":3,"16":3,"17":0,"18":14,"19":14,"20":14,"21":14,"22":13,"23":13,"24":13,"25":13,"26":13,"27":13,"28":13,"29":13,"30":1,"31":1,"32":8,"33":8,"34":8,"35":8,"36":7,"37":7,"38":7,"39":7,"40":42,"41":7,"42":2,"43":2,"44":2,"45":1,"46":1,"47":1,"48":1,"49":1,"50":1,"51":1,"52":1,"53":1,"54":7,"55":7,"56":7,"57":7,"58":7,"59":7,"60":7,"61":7,"62":7,"63":7,"64":7,"65":7,"66":27,"67":27,"68":27,"69":27,"70":2,"71":2,"72":25,"73":4,"74":4,"75":4,"76":4,"77":0,"78":0,"79":4,"80":4,"81":1,"82":1,"83":1,"84":1,"85":1,"86":2,"87":2,"88":2,"89":2,"90":2,"91":4,"92":4,"93":2,"94":2,"95":7,"96":7,"97":1,"98":1,"99":1,"100":1,"101":0,"102":0,"103":0,"104":1,"105":1,"106":1,"107":1,"108":2,"109":1,"110":1,"111":1,"112":1,"113":1,"114":1,"115":1,"116":1,"117":1,"118":2,"119":2,"120":0,"121":0,"122":3,"123":3,"124":3,"125":1,"126":1,"127":1,"128":1,"129":3,"130":3,"131":3,"132":2,"133":2,"134":2,"135":2,"136":2,"137":2,"138":2,"139":0,"140":0,"141":0,"142":0,"143":1,"144":1,"145":1,"146":1,"147":1,"148":2,"149":2,"150":1,"151":1,"152":0},"f":{"0":3,"1":14,"2":8,"3":7,"4":2,"5":1,"6":7,"7":27,"8":4,"9":1,"10":2,"11":7,"12":1,"13":1,"14":2,"15":1,"16":1,"17":1,"18":2,"19":3,"20":1,"21":3,"22":2,"23":2,"24":1,"25":2,"26":1,"27":0},"b":{"0":[13,1],"1":[13,0],"2":[1,0],"3":[1,0],"4":[7,0],"5":[7,0],"6":[2,25],"7":[0,4],"8":[1,0],"9":[0],"10":[0,0],"11":[1,1]},"_coverageSchema":"1a1c01bbd47fc00a2c39e90264f33305004495a9","hash":"8bdd0c9435350a6f14dece08eb37b054e7a47837"}
,"C:\\Users\\teppi\\OneDrive\\Bureau\\New folder (4)\\ConnectKid\\BACKEND\\password.js": {"path":"C:\\Users\\teppi\\OneDrive\\Bureau\\New folder (4)\\ConnectKid\\BACKEND\\password.js","statementMap":{"0":{"start":{"line":35,"column":18},"end":{"line":35,"column":31}},"1":{"start":{"line":36,"column":0},"end":{"line":36,"column":39}},"2":{"start":{"line":37,"column":18},"end":{"line":37,"column":39}},"3":{"start":{"line":40,"column":0},"end":{"line":42,"column":1}},"4":{"start":{"line":41,"column":4},"end":{"line":41,"column":69}},"5":{"start":{"line":45,"column":4},"end":{"line":56,"column":5}},"6":{"start":{"line":46,"column":19},"end":{"line":46,"column":41}},"7":{"start":{"line":47,"column":23},"end":{"line":47,"column":70}},"8":{"start":{"line":48,"column":24},"end":{"line":48,"column":62}},"9":{"start":{"line":49,"column":8},"end":{"line":49,"column":41}},"10":{"start":{"line":50,"column":8},"end":{"line":53,"column":10}},"11":{"start":{"line":55,"column":8},"end":{"line":55,"column":63}},"12":{"start":{"line":60,"column":4},"end":{"line":67,"column":5}},"13":{"start":{"line":61,"column":25},"end":{"line":61,"column":99}},"14":{"start":{"line":62,"column":24},"end":{"line":62,"column":68}},"15":{"start":{"line":63,"column":8},"end":{"line":63,"column":44}},"16":{"start":{"line":64,"column":8},"end":{"line":64,"column":25}},"17":{"start":{"line":66,"column":8},"end":{"line":66,"column":63}}},"fnMap":{"0":{"name":"encryptPassword","decl":{"start":{"line":44,"column":9},"end":{"line":44,"column":24}},"loc":{"start":{"line":44,"column":35},"end":{"line":57,"column":1}},"line":44},"1":{"name":"decryptPassword","decl":{"start":{"line":59,"column":9},"end":{"line":59,"column":24}},"loc":{"start":{"line":59,"column":31},"end":{"line":68,"column":1}},"line":59}},"branchMap":{"0":{"loc":{"start":{"line":40,"column":0},"end":{"line":42,"column":1}},"type":"if","locations":[{"start":{"line":40,"column":0},"end":{"line":42,"column":1}},{"start":{},"end":{}}],"line":40},"1":{"loc":{"start":{"line":40,"column":4},"end":{"line":40,"column":41}},"type":"binary-expr","locations":[{"start":{"line":40,"column":4},"end":{"line":40,"column":14}},{"start":{"line":40,"column":18},"end":{"line":40,"column":41}}],"line":40}},"s":{"0":2,"1":2,"2":2,"3":2,"4":0,"5":8,"6":8,"7":8,"8":8,"9":8,"10":8,"11":0,"12":15,"13":15,"14":14,"15":14,"16":14,"17":1},"f":{"0":8,"1":15},"b":{"0":[0,2],"1":[2,2]},"_coverageSchema":"1a1c01bbd47fc00a2c39e90264f33305004495a9","hash":"8c6b11591e673139320d4afa7c45260344866646"}
}
