TN:
SF:app.js
FN:16,(anonymous_0)
FN:32,(anonymous_1)
FN:38,(anonymous_2)
FN:39,(anonymous_3)
FN:52,(anonymous_4)
FN:81,(anonymous_5)
FN:102,(anonymous_6)
FN:129,(anonymous_7)
FN:168,(anonymous_8)
FN:215,(anonymous_9)
FN:235,(anonymous_10)
FN:261,(anonymous_11)
FN:302,(anonymous_12)
FN:337,(anonymous_13)
FN:353,(anonymous_14)
FN:375,(anonymous_15)
FN:385,(anonymous_16)
FN:397,(anonymous_17)
FN:423,(anonymous_18)
FN:441,(anonymous_19)
FN:460,(anonymous_20)
FN:476,(anonymous_21)
FN:499,(anonymous_22)
FN:528,(anonymous_23)
FN:546,(anonymous_24)
FN:563,(anonymous_25)
FN:590,(anonymous_26)
FN:596,(anonymous_27)
FNF:28
FNH:25
FNDA:2,(anonymous_0)
FNDA:1,(anonymous_1)
FNDA:3,(anonymous_2)
FNDA:0,(anonymous_3)
FNDA:15,(anonymous_4)
FNDA:5,(anonymous_5)
FNDA:9,(anonymous_6)
FNDA:2,(anonymous_7)
FNDA:7,(anonymous_8)
FNDA:0,(anonymous_9)
FNDA:4,(anonymous_10)
FNDA:6,(anonymous_11)
FNDA:10,(anonymous_12)
FNDA:3,(anonymous_13)
FNDA:3,(anonymous_14)
FNDA:2,(anonymous_15)
FNDA:1,(anonymous_16)
FNDA:3,(anonymous_17)
FNDA:3,(anonymous_18)
FNDA:3,(anonymous_19)
FNDA:3,(anonymous_20)
FNDA:2,(anonymous_21)
FNDA:5,(anonymous_22)
FNDA:4,(anonymous_23)
FNDA:3,(anonymous_24)
FNDA:2,(anonymous_25)
FNDA:0,(anonymous_26)
FNDA:1,(anonymous_27)
DA:9,1
DA:11,1
DA:12,1
DA:14,1
DA:15,1
DA:16,1
DA:17,2
DA:18,2
DA:19,0
DA:20,0
DA:23,2
DA:24,2
DA:26,1
DA:27,1
DA:29,1
DA:30,1
DA:31,1
DA:32,1
DA:33,1
DA:34,1
DA:38,1
DA:39,3
DA:40,0
DA:41,0
DA:47,1
DA:49,1
DA:50,1
DA:52,1
DA:53,15
DA:54,15
DA:55,15
DA:56,15
DA:57,1
DA:59,14
DA:60,14
DA:61,14
DA:62,14
DA:63,1
DA:65,13
DA:67,13
DA:68,13
DA:69,13
DA:76,0
DA:77,0
DA:81,1
DA:82,5
DA:83,5
DA:84,4
DA:85,4
DA:86,1
DA:88,3
DA:89,3
DA:90,2
DA:91,0
DA:93,2
DA:97,1
DA:98,1
DA:102,1
DA:103,9
DA:104,9
DA:105,1
DA:108,8
DA:109,8
DA:110,8
DA:111,1
DA:113,7
DA:114,7
DA:115,7
DA:116,7
DA:124,0
DA:125,0
DA:129,1
DA:130,2
DA:132,2
DA:133,2
DA:134,1
DA:136,1
DA:137,1
DA:138,1
DA:139,0
DA:141,1
DA:142,1
DA:143,0
DA:145,1
DA:146,1
DA:147,0
DA:149,1
DA:150,0
DA:152,1
DA:153,1
DA:154,0
DA:156,1
DA:163,0
DA:164,0
DA:168,1
DA:169,7
DA:170,7
DA:171,7
DA:172,5
DA:173,5
DA:174,0
DA:176,5
DA:177,5
DA:178,0
DA:185,5
DA:186,5
DA:187,5
DA:188,0
DA:190,5
DA:191,5
DA:192,5
DA:193,0
DA:195,5
DA:197,5
DA:207,0
DA:208,0
DA:210,0
DA:211,0
DA:215,1
DA:216,0
DA:217,0
DA:218,0
DA:219,0
DA:220,0
DA:222,0
DA:223,0
DA:224,0
DA:225,0
DA:227,0
DA:231,0
DA:232,0
DA:235,1
DA:236,4
DA:237,4
DA:238,4
DA:239,0
DA:241,4
DA:242,4
DA:243,3
DA:244,3
DA:245,1
DA:247,2
DA:248,2
DA:249,1
DA:251,1
DA:255,0
DA:256,0
DA:261,1
DA:262,6
DA:263,6
DA:264,5
DA:265,5
DA:266,5
DA:267,5
DA:268,0
DA:272,5
DA:273,5
DA:274,1
DA:277,4
DA:278,2
DA:280,2
DA:282,2
DA:283,1
DA:287,1
DA:288,1
DA:289,0
DA:293,1
DA:297,0
DA:298,0
DA:302,1
DA:303,10
DA:304,10
DA:305,10
DA:307,9
DA:310,9
DA:311,9
DA:312,1
DA:315,8
DA:316,1
DA:319,7
DA:320,7
DA:321,0
DA:325,7
DA:329,0
DA:330,0
DA:332,0
DA:333,0
DA:337,1
DA:338,3
DA:339,3
DA:340,3
DA:341,2
DA:342,2
DA:343,1
DA:345,1
DA:349,0
DA:350,0
DA:353,1
DA:354,3
DA:355,3
DA:356,3
DA:357,3
DA:358,3
DA:359,2
DA:360,2
DA:361,1
DA:363,1
DA:364,1
DA:370,0
DA:371,0
DA:375,1
DA:376,2
DA:377,2
DA:378,2
DA:379,2
DA:380,1
DA:381,1
DA:382,0
DA:384,1
DA:385,1
DA:393,0
DA:394,0
DA:397,1
DA:398,3
DA:399,3
DA:400,3
DA:401,3
DA:402,2
DA:403,2
DA:404,1
DA:406,1
DA:407,1
DA:408,0
DA:409,0
DA:411,1
DA:412,1
DA:413,1
DA:414,1
DA:416,1
DA:418,0
DA:419,0
DA:423,1
DA:424,3
DA:425,3
DA:426,3
DA:427,3
DA:428,2
DA:429,2
DA:430,1
DA:432,1
DA:433,1
DA:434,1
DA:435,1
DA:437,0
DA:438,0
DA:441,1
DA:442,3
DA:443,3
DA:444,3
DA:445,3
DA:446,2
DA:447,2
DA:448,1
DA:450,1
DA:451,1
DA:455,0
DA:456,0
DA:460,1
DA:461,3
DA:462,3
DA:463,3
DA:464,0
DA:466,3
DA:467,3
DA:468,0
DA:470,3
DA:472,0
DA:473,0
DA:476,1
DA:477,2
DA:478,2
DA:479,2
DA:480,1
DA:481,1
DA:482,0
DA:484,1
DA:485,1
DA:486,0
DA:488,1
DA:489,1
DA:490,0
DA:492,1
DA:494,0
DA:495,0
DA:499,1
DA:500,5
DA:501,5
DA:502,5
DA:503,4
DA:504,4
DA:505,0
DA:507,4
DA:508,4
DA:509,1
DA:512,3
DA:513,3
DA:514,0
DA:517,3
DA:518,3
DA:519,0
DA:522,3
DA:524,0
DA:525,0
DA:528,1
DA:529,4
DA:530,4
DA:531,4
DA:532,3
DA:533,3
DA:534,1
DA:536,2
DA:537,1
DA:538,0
DA:540,1
DA:542,1
DA:543,1
DA:546,1
DA:547,3
DA:548,3
DA:549,3
DA:550,1
DA:552,2
DA:553,2
DA:554,2
DA:555,0
DA:557,2
DA:559,0
DA:560,0
DA:563,1
DA:564,2
DA:565,2
DA:566,2
DA:567,1
DA:569,1
DA:570,1
DA:571,0
DA:573,1
DA:574,1
DA:575,0
DA:577,1
DA:578,1
DA:579,1
DA:581,2
DA:583,1
DA:585,0
DA:586,0
DA:590,1
DA:591,0
DA:592,0
DA:596,1
DA:597,1
LF:361
LH:274
BRDA:18,0,0,0
BRDA:18,0,1,2
BRDA:40,1,0,0
BRDA:40,1,1,0
BRDA:40,2,0,0
BRDA:40,2,1,0
BRDA:56,3,0,1
BRDA:56,3,1,14
BRDA:56,4,0,15
BRDA:56,4,1,15
BRDA:62,5,0,1
BRDA:62,5,1,13
BRDA:83,6,0,1
BRDA:83,6,1,4
BRDA:85,7,0,1
BRDA:85,7,1,3
BRDA:90,8,0,0
BRDA:90,8,1,2
BRDA:104,9,0,1
BRDA:104,9,1,8
BRDA:104,10,0,9
BRDA:104,10,1,9
BRDA:104,10,2,8
BRDA:110,11,0,1
BRDA:110,11,1,7
BRDA:133,12,0,1
BRDA:133,12,1,1
BRDA:138,13,0,0
BRDA:138,13,1,1
BRDA:142,14,0,0
BRDA:142,14,1,1
BRDA:146,15,0,0
BRDA:146,15,1,1
BRDA:149,16,0,0
BRDA:149,16,1,1
BRDA:153,17,0,0
BRDA:153,17,1,1
BRDA:171,18,0,2
BRDA:171,18,1,5
BRDA:173,19,0,0
BRDA:173,19,1,5
BRDA:177,20,0,0
BRDA:177,20,1,5
BRDA:187,21,0,0
BRDA:187,21,1,5
BRDA:192,22,0,0
BRDA:192,22,1,5
BRDA:192,23,0,5
BRDA:192,23,1,0
BRDA:199,24,0,5
BRDA:199,24,1,0
BRDA:200,25,0,5
BRDA:200,25,1,0
BRDA:201,26,0,5
BRDA:201,26,1,4
BRDA:202,27,0,5
BRDA:202,27,1,5
BRDA:203,28,0,5
BRDA:203,28,1,0
BRDA:204,29,0,5
BRDA:204,29,1,4
BRDA:207,30,0,0
BRDA:207,30,1,0
BRDA:217,31,0,0
BRDA:217,31,1,0
BRDA:219,32,0,0
BRDA:219,32,1,0
BRDA:224,33,0,0
BRDA:224,33,1,0
BRDA:238,34,0,0
BRDA:238,34,1,4
BRDA:242,35,0,1
BRDA:242,35,1,3
BRDA:244,36,0,1
BRDA:244,36,1,2
BRDA:248,37,0,1
BRDA:248,37,1,1
BRDA:263,38,0,1
BRDA:263,38,1,5
BRDA:267,39,0,0
BRDA:267,39,1,5
BRDA:267,40,0,5
BRDA:267,40,1,5
BRDA:273,41,0,1
BRDA:273,41,1,4
BRDA:277,42,0,2
BRDA:277,42,1,2
BRDA:282,43,0,1
BRDA:282,43,1,1
BRDA:282,44,0,2
BRDA:282,44,1,2
BRDA:282,44,2,1
BRDA:282,44,3,1
BRDA:288,45,0,0
BRDA:288,45,1,1
BRDA:305,46,0,1
BRDA:305,46,1,9
BRDA:311,47,0,1
BRDA:311,47,1,8
BRDA:315,48,0,1
BRDA:315,48,1,7
BRDA:320,49,0,0
BRDA:320,49,1,7
BRDA:329,50,0,0
BRDA:329,50,1,0
BRDA:340,51,0,1
BRDA:340,51,1,2
BRDA:342,52,0,1
BRDA:342,52,1,1
BRDA:358,53,0,1
BRDA:358,53,1,2
BRDA:360,54,0,1
BRDA:360,54,1,1
BRDA:379,55,0,1
BRDA:379,55,1,1
BRDA:381,56,0,0
BRDA:381,56,1,1
BRDA:401,57,0,1
BRDA:401,57,1,2
BRDA:403,58,0,1
BRDA:403,58,1,1
BRDA:407,59,0,0
BRDA:407,59,1,1
BRDA:411,60,0,1
BRDA:411,60,1,0
BRDA:427,61,0,1
BRDA:427,61,1,2
BRDA:429,62,0,1
BRDA:429,62,1,1
BRDA:432,63,0,1
BRDA:432,63,1,0
BRDA:445,64,0,1
BRDA:445,64,1,2
BRDA:447,65,0,1
BRDA:447,65,1,1
BRDA:463,66,0,0
BRDA:463,66,1,3
BRDA:463,67,0,3
BRDA:463,67,1,3
BRDA:467,68,0,0
BRDA:467,68,1,3
BRDA:479,69,0,1
BRDA:479,69,1,1
BRDA:481,70,0,0
BRDA:481,70,1,1
BRDA:485,71,0,0
BRDA:485,71,1,1
BRDA:489,72,0,0
BRDA:489,72,1,1
BRDA:502,73,0,1
BRDA:502,73,1,4
BRDA:504,74,0,0
BRDA:504,74,1,4
BRDA:508,75,0,1
BRDA:508,75,1,3
BRDA:513,76,0,0
BRDA:513,76,1,3
BRDA:518,77,0,0
BRDA:518,77,1,3
BRDA:531,78,0,1
BRDA:531,78,1,3
BRDA:533,79,0,1
BRDA:533,79,1,2
BRDA:537,80,0,0
BRDA:537,80,1,1
BRDA:549,81,0,1
BRDA:549,81,1,2
BRDA:549,82,0,3
BRDA:549,82,1,3
BRDA:549,82,2,3
BRDA:549,82,3,3
BRDA:549,82,4,3
BRDA:554,83,0,0
BRDA:554,83,1,2
BRDA:566,84,0,1
BRDA:566,84,1,1
BRDA:566,85,0,2
BRDA:566,85,1,2
BRDA:570,86,0,0
BRDA:570,86,1,1
BRDA:574,87,0,0
BRDA:574,87,1,1
BRF:182
BRH:133
end_of_record
TN:
SF:database.js
FN:43,run
FN:89,getUserByUsernameOrEmailAndPassword
FN:108,getUserByUsernameOrEmail
FN:114,generatePairid
FN:122,findUserByPairId
FN:127,pairUser
FN:141,createUser
FN:170,getUserById
FN:182,getUserByIdNoPasswordAndNoimage
FN:197,updateUserProfile
FN:214,getUserContacts
FN:227,deleteUserById
FN:247,createConversation
FN:270,sendMessage
FN:301,getConversationMessages
FN:311,getUserConversations
FN:318,markMessagesAsRead
FN:341,testGetMessages
FN:350,(anonymous_18)
FN:360,addDevice
FN:372,getDevices
FN:379,deleteDevice
FN:385,saveLocation
FN:389,getContactslocation
FN:409,getLocationByPairId
FN:415,updateUserStatus
FN:423,(anonymous_26)
FN:424,(anonymous_27)
FNF:28
FNH:27
FNDA:3,run
FNDA:14,getUserByUsernameOrEmailAndPassword
FNDA:8,getUserByUsernameOrEmail
FNDA:7,generatePairid
FNDA:2,findUserByPairId
FNDA:1,pairUser
FNDA:7,createUser
FNDA:27,getUserById
FNDA:4,getUserByIdNoPasswordAndNoimage
FNDA:1,updateUserProfile
FNDA:2,getUserContacts
FNDA:7,deleteUserById
FNDA:1,createConversation
FNDA:1,sendMessage
FNDA:2,getConversationMessages
FNDA:1,getUserConversations
FNDA:1,markMessagesAsRead
FNDA:1,testGetMessages
FNDA:2,(anonymous_18)
FNDA:3,addDevice
FNDA:1,getDevices
FNDA:3,deleteDevice
FNDA:2,saveLocation
FNDA:2,getContactslocation
FNDA:1,getLocationByPairId
FNDA:2,updateUserStatus
FNDA:1,(anonymous_26)
FNDA:0,(anonymous_27)
DA:28,1
DA:29,1
DA:30,1
DA:31,1
DA:32,1
DA:44,3
DA:45,3
DA:46,3
DA:47,3
DA:48,3
DA:49,3
DA:50,3
DA:51,3
DA:52,3
DA:53,3
DA:54,3
DA:55,3
DA:57,0
DA:90,14
DA:91,14
DA:92,14
DA:93,14
DA:94,13
DA:95,13
DA:96,13
DA:97,13
DA:98,13
DA:99,13
DA:100,13
DA:101,13
DA:104,1
DA:105,1
DA:109,8
DA:110,8
DA:111,8
DA:112,8
DA:115,7
DA:116,7
DA:117,7
DA:118,42
DA:120,7
DA:123,2
DA:124,2
DA:125,2
DA:129,1
DA:130,1
DA:131,1
DA:132,1
DA:133,1
DA:135,1
DA:136,1
DA:138,1
DA:139,1
DA:142,7
DA:143,7
DA:144,7
DA:146,7
DA:147,7
DA:148,7
DA:149,7
DA:152,7
DA:164,7
DA:165,7
DA:166,7
DA:167,7
DA:171,27
DA:172,27
DA:173,27
DA:175,27
DA:176,2
DA:177,2
DA:180,25
DA:183,4
DA:184,4
DA:186,4
DA:187,4
DA:188,0
DA:189,0
DA:193,4
DA:194,4
DA:200,1
DA:202,1
DA:203,1
DA:210,1
DA:211,1
DA:216,2
DA:217,2
DA:218,2
DA:219,2
DA:220,4
DA:222,4
DA:224,2
DA:225,2
DA:229,7
DA:232,7
DA:248,1
DA:251,1
DA:256,1
DA:257,1
DA:259,0
DA:265,0
DA:266,0
DA:272,1
DA:280,1
DA:283,1
DA:297,1
DA:304,2
DA:312,1
DA:320,1
DA:342,1
DA:343,1
DA:344,1
DA:345,1
DA:346,1
DA:348,1
DA:350,1
DA:351,2
DA:352,2
DA:356,0
DA:357,0
DA:361,3
DA:362,3
DA:369,3
DA:373,1
DA:374,1
DA:375,1
DA:376,1
DA:380,3
DA:381,3
DA:382,3
DA:386,2
DA:387,2
DA:390,2
DA:391,2
DA:392,2
DA:393,2
DA:394,0
DA:395,0
DA:396,0
DA:397,0
DA:407,1
DA:410,1
DA:411,1
DA:412,1
DA:413,1
DA:416,2
DA:417,2
DA:422,1
DA:423,1
DA:424,0
LF:150
LH:137
BRDA:93,0,0,13
BRDA:93,0,1,1
BRDA:99,1,0,13
BRDA:99,1,1,0
BRDA:132,2,0,1
BRDA:132,2,1,0
BRDA:135,3,0,1
BRDA:135,3,1,0
BRDA:144,4,0,7
BRDA:144,4,1,0
BRDA:148,5,0,7
BRDA:148,5,1,0
BRDA:175,6,0,2
BRDA:175,6,1,25
BRDA:187,7,0,0
BRDA:187,7,1,4
BRDA:256,8,0,1
BRDA:256,8,1,0
BRDA:301,9,0,0
BRDA:396,10,0,0
BRDA:396,10,1,0
BRDA:416,11,0,1
BRDA:416,11,1,1
BRF:23
BRH:13
end_of_record
TN:
SF:password.js
FN:44,encryptPassword
FN:59,decryptPassword
FNF:2
FNH:2
FNDA:8,encryptPassword
FNDA:15,decryptPassword
DA:35,2
DA:36,2
DA:37,2
DA:40,2
DA:41,0
DA:45,8
DA:46,8
DA:47,8
DA:48,8
DA:49,8
DA:50,8
DA:55,0
DA:60,15
DA:61,15
DA:62,14
DA:63,14
DA:64,14
DA:66,1
LF:18
LH:16
BRDA:40,0,0,0
BRDA:40,0,1,2
BRDA:40,1,0,2
BRDA:40,1,1,2
BRF:4
BRH:3
end_of_record
