TN:
SF:app.js
FN:18,(anonymous_0)
FN:47,(anonymous_1)
FN:69,(anonymous_2)
FN:96,(anonymous_3)
FN:132,(anonymous_4)
FN:178,(anonymous_5)
FN:200,(anonymous_6)
FN:241,(anonymous_7)
FN:276,(anonymous_8)
FN:292,(anonymous_9)
FN:315,(anonymous_10)
FN:325,(anonymous_11)
FN:337,(anonymous_12)
FN:361,(anonymous_13)
FN:379,(anonymous_14)
FN:397,(anonymous_15)
FN:413,(anonymous_16)
FN:444,(anonymous_17)
FN:462,(anonymous_18)
FN:468,(anonymous_19)
FNF:20
FNH:18
FNDA:10,(anonymous_0)
FNDA:4,(anonymous_1)
FNDA:7,(anonymous_2)
FNDA:2,(anonymous_3)
FNDA:4,(anonymous_4)
FNDA:0,(anonymous_5)
FNDA:6,(anonymous_6)
FNDA:8,(anonymous_7)
FNDA:3,(anonymous_8)
FNDA:3,(anonymous_9)
FNDA:2,(anonymous_10)
FNDA:1,(anonymous_11)
FNDA:3,(anonymous_12)
FNDA:3,(anonymous_13)
FNDA:3,(anonymous_14)
FNDA:1,(anonymous_15)
FNDA:3,(anonymous_16)
FNDA:2,(anonymous_17)
FNDA:0,(anonymous_18)
FNDA:1,(anonymous_19)
DA:8,1
DA:10,1
DA:11,1
DA:13,1
DA:15,1
DA:16,1
DA:18,1
DA:19,10
DA:20,10
DA:21,10
DA:22,10
DA:23,1
DA:25,9
DA:26,9
DA:27,9
DA:28,9
DA:29,1
DA:31,8
DA:33,8
DA:34,8
DA:35,8
DA:42,0
DA:43,0
DA:47,1
DA:48,4
DA:49,4
DA:50,3
DA:51,3
DA:52,1
DA:54,2
DA:55,2
DA:56,1
DA:57,0
DA:59,1
DA:63,1
DA:64,1
DA:69,1
DA:70,7
DA:71,7
DA:72,1
DA:75,6
DA:76,6
DA:77,6
DA:78,1
DA:80,5
DA:81,5
DA:82,5
DA:83,5
DA:91,0
DA:92,0
DA:96,1
DA:97,2
DA:99,2
DA:100,2
DA:101,1
DA:103,1
DA:104,1
DA:105,1
DA:106,0
DA:108,1
DA:109,1
DA:110,0
DA:112,1
DA:113,1
DA:114,0
DA:116,1
DA:117,1
DA:118,0
DA:120,1
DA:127,0
DA:128,0
DA:132,1
DA:133,4
DA:134,4
DA:135,4
DA:136,3
DA:137,3
DA:138,0
DA:140,3
DA:141,3
DA:142,0
DA:149,3
DA:150,3
DA:151,3
DA:152,0
DA:154,3
DA:155,3
DA:156,3
DA:157,0
DA:159,3
DA:161,3
DA:170,0
DA:171,0
DA:173,0
DA:174,0
DA:178,1
DA:179,0
DA:180,0
DA:181,0
DA:182,0
DA:183,0
DA:185,0
DA:186,0
DA:187,0
DA:188,0
DA:190,0
DA:194,0
DA:195,0
DA:200,1
DA:201,6
DA:202,6
DA:203,5
DA:204,5
DA:205,5
DA:206,5
DA:207,0
DA:211,5
DA:212,5
DA:213,1
DA:216,4
DA:217,2
DA:219,2
DA:221,2
DA:222,1
DA:226,1
DA:227,1
DA:228,0
DA:232,1
DA:236,0
DA:237,0
DA:241,1
DA:242,8
DA:243,8
DA:244,8
DA:246,7
DA:249,7
DA:250,7
DA:251,1
DA:254,6
DA:255,1
DA:258,5
DA:259,5
DA:260,0
DA:264,5
DA:268,0
DA:269,0
DA:271,0
DA:272,0
DA:276,1
DA:277,3
DA:278,3
DA:279,3
DA:280,2
DA:281,2
DA:282,1
DA:284,1
DA:288,0
DA:289,0
DA:292,1
DA:293,3
DA:294,3
DA:296,3
DA:297,3
DA:298,2
DA:299,2
DA:300,1
DA:303,1
DA:304,1
DA:310,0
DA:311,0
DA:315,1
DA:316,2
DA:317,2
DA:318,2
DA:319,2
DA:320,1
DA:321,1
DA:322,0
DA:324,1
DA:325,1
DA:333,0
DA:334,0
DA:337,1
DA:338,3
DA:339,3
DA:340,3
DA:341,3
DA:342,2
DA:343,2
DA:344,1
DA:346,1
DA:347,1
DA:348,0
DA:349,0
DA:351,1
DA:352,1
DA:353,1
DA:354,1
DA:356,0
DA:357,0
DA:361,1
DA:362,3
DA:363,3
DA:364,3
DA:365,3
DA:366,2
DA:367,2
DA:368,1
DA:370,1
DA:371,1
DA:372,1
DA:373,1
DA:375,0
DA:376,0
DA:379,1
DA:380,3
DA:381,3
DA:382,3
DA:383,3
DA:384,2
DA:385,2
DA:386,1
DA:388,1
DA:389,1
DA:393,0
DA:394,0
DA:397,1
DA:398,1
DA:399,1
DA:400,1
DA:401,0
DA:403,1
DA:404,1
DA:405,0
DA:407,1
DA:409,0
DA:410,0
DA:413,1
DA:414,3
DA:415,3
DA:416,3
DA:417,2
DA:418,2
DA:419,0
DA:421,2
DA:422,2
DA:423,1
DA:426,1
DA:427,1
DA:428,0
DA:431,1
DA:432,1
DA:433,0
DA:436,1
DA:438,0
DA:439,0
DA:444,1
DA:445,2
DA:446,2
DA:447,2
DA:448,1
DA:450,1
DA:451,1
DA:452,1
DA:453,0
DA:455,1
DA:457,0
DA:458,0
DA:462,1
DA:463,0
DA:464,0
DA:468,1
DA:469,1
LF:273
LH:204
BRDA:22,0,0,1
BRDA:22,0,1,9
BRDA:22,1,0,10
BRDA:22,1,1,10
BRDA:28,2,0,1
BRDA:28,2,1,8
BRDA:49,3,0,1
BRDA:49,3,1,3
BRDA:51,4,0,1
BRDA:51,4,1,2
BRDA:56,5,0,0
BRDA:56,5,1,1
BRDA:71,6,0,1
BRDA:71,6,1,6
BRDA:71,7,0,7
BRDA:71,7,1,7
BRDA:71,7,2,6
BRDA:77,8,0,1
BRDA:77,8,1,5
BRDA:100,9,0,1
BRDA:100,9,1,1
BRDA:105,10,0,0
BRDA:105,10,1,1
BRDA:109,11,0,0
BRDA:109,11,1,1
BRDA:113,12,0,0
BRDA:113,12,1,1
BRDA:117,13,0,0
BRDA:117,13,1,1
BRDA:135,14,0,1
BRDA:135,14,1,3
BRDA:137,15,0,0
BRDA:137,15,1,3
BRDA:141,16,0,0
BRDA:141,16,1,3
BRDA:151,17,0,0
BRDA:151,17,1,3
BRDA:156,18,0,0
BRDA:156,18,1,3
BRDA:156,19,0,3
BRDA:156,19,1,0
BRDA:163,20,0,3
BRDA:163,20,1,0
BRDA:164,21,0,3
BRDA:164,21,1,0
BRDA:165,22,0,3
BRDA:165,22,1,2
BRDA:166,23,0,3
BRDA:166,23,1,3
BRDA:167,24,0,3
BRDA:167,24,1,0
BRDA:170,25,0,0
BRDA:170,25,1,0
BRDA:180,26,0,0
BRDA:180,26,1,0
BRDA:182,27,0,0
BRDA:182,27,1,0
BRDA:187,28,0,0
BRDA:187,28,1,0
BRDA:202,29,0,1
BRDA:202,29,1,5
BRDA:206,30,0,0
BRDA:206,30,1,5
BRDA:206,31,0,5
BRDA:206,31,1,5
BRDA:212,32,0,1
BRDA:212,32,1,4
BRDA:216,33,0,2
BRDA:216,33,1,2
BRDA:221,34,0,1
BRDA:221,34,1,1
BRDA:221,35,0,2
BRDA:221,35,1,2
BRDA:221,35,2,1
BRDA:221,35,3,1
BRDA:227,36,0,0
BRDA:227,36,1,1
BRDA:244,37,0,1
BRDA:244,37,1,7
BRDA:250,38,0,1
BRDA:250,38,1,6
BRDA:254,39,0,1
BRDA:254,39,1,5
BRDA:259,40,0,0
BRDA:259,40,1,5
BRDA:268,41,0,0
BRDA:268,41,1,0
BRDA:279,42,0,1
BRDA:279,42,1,2
BRDA:281,43,0,1
BRDA:281,43,1,1
BRDA:297,44,0,1
BRDA:297,44,1,2
BRDA:299,45,0,1
BRDA:299,45,1,1
BRDA:319,46,0,1
BRDA:319,46,1,1
BRDA:321,47,0,0
BRDA:321,47,1,1
BRDA:341,48,0,1
BRDA:341,48,1,2
BRDA:343,49,0,1
BRDA:343,49,1,1
BRDA:347,50,0,0
BRDA:347,50,1,1
BRDA:351,51,0,1
BRDA:351,51,1,0
BRDA:365,52,0,1
BRDA:365,52,1,2
BRDA:367,53,0,1
BRDA:367,53,1,1
BRDA:370,54,0,1
BRDA:370,54,1,0
BRDA:383,55,0,1
BRDA:383,55,1,2
BRDA:385,56,0,1
BRDA:385,56,1,1
BRDA:400,57,0,0
BRDA:400,57,1,1
BRDA:400,58,0,1
BRDA:400,58,1,1
BRDA:404,59,0,0
BRDA:404,59,1,1
BRDA:416,60,0,1
BRDA:416,60,1,2
BRDA:418,61,0,0
BRDA:418,61,1,2
BRDA:422,62,0,1
BRDA:422,62,1,1
BRDA:427,63,0,0
BRDA:427,63,1,1
BRDA:432,64,0,0
BRDA:432,64,1,1
BRDA:447,65,0,1
BRDA:447,65,1,1
BRDA:447,66,0,2
BRDA:447,66,1,2
BRDA:447,66,2,2
BRDA:447,66,3,2
BRDA:447,66,4,2
BRDA:452,67,0,0
BRDA:452,67,1,1
BRF:142
BRH:106
end_of_record
TN:
SF:database.js
FN:43,run
FN:89,getUserByUsernameOrEmailAndPassword
FN:108,getUserByUsernameOrEmail
FN:114,generatePairid
FN:122,findUserByPairId
FN:128,pairUser
FN:142,createUser
FN:171,getUserById
FN:185,updateUserProfile
FN:202,getUserContacts
FN:214,deleteUserById
FN:234,createConversation
FN:257,sendMessage
FN:288,getConversationMessages
FN:298,getUserConversations
FN:305,markMessagesAsRead
FN:328,testGetMessages
FN:337,(anonymous_17)
FN:347,addDevice
FN:359,deleteDevice
FN:364,verifyDevice
FN:370,saveLocation
FN:376,(anonymous_22)
FN:377,(anonymous_23)
FNF:24
FNH:22
FNDA:3,run
FNDA:9,getUserByUsernameOrEmailAndPassword
FNDA:6,getUserByUsernameOrEmail
FNDA:5,generatePairid
FNDA:1,findUserByPairId
FNDA:1,pairUser
FNDA:5,createUser
FNDA:14,getUserById
FNDA:1,updateUserProfile
FNDA:1,getUserContacts
FNDA:5,deleteUserById
FNDA:1,createConversation
FNDA:1,sendMessage
FNDA:2,getConversationMessages
FNDA:1,getUserConversations
FNDA:1,markMessagesAsRead
FNDA:1,testGetMessages
FNDA:1,(anonymous_17)
FNDA:1,addDevice
FNDA:1,deleteDevice
FNDA:0,verifyDevice
FNDA:1,saveLocation
FNDA:1,(anonymous_22)
FNDA:0,(anonymous_23)
DA:28,1
DA:29,1
DA:30,1
DA:31,1
DA:32,1
DA:44,3
DA:45,3
DA:46,3
DA:47,3
DA:48,3
DA:49,3
DA:50,3
DA:51,3
DA:52,3
DA:53,3
DA:54,3
DA:55,3
DA:57,0
DA:90,9
DA:91,9
DA:92,9
DA:93,9
DA:94,8
DA:95,8
DA:96,8
DA:97,8
DA:98,8
DA:99,8
DA:100,8
DA:101,8
DA:104,1
DA:105,1
DA:109,6
DA:110,6
DA:111,6
DA:112,6
DA:115,5
DA:116,5
DA:117,5
DA:118,30
DA:120,5
DA:123,1
DA:124,1
DA:125,1
DA:126,1
DA:130,1
DA:131,1
DA:132,1
DA:133,1
DA:134,1
DA:136,1
DA:137,1
DA:139,1
DA:140,1
DA:143,5
DA:144,5
DA:145,5
DA:147,5
DA:148,5
DA:149,5
DA:150,5
DA:153,5
DA:165,5
DA:166,5
DA:167,5
DA:168,5
DA:172,14
DA:173,14
DA:174,14
DA:176,14
DA:177,0
DA:178,0
DA:181,14
DA:182,14
DA:188,1
DA:190,1
DA:191,1
DA:198,1
DA:199,1
DA:204,1
DA:205,1
DA:206,1
DA:207,1
DA:208,1
DA:209,1
DA:211,1
DA:212,1
DA:216,5
DA:219,5
DA:235,1
DA:238,1
DA:243,1
DA:244,1
DA:246,0
DA:252,0
DA:253,0
DA:259,1
DA:267,1
DA:270,1
DA:284,1
DA:291,2
DA:299,1
DA:307,1
DA:329,1
DA:330,1
DA:331,1
DA:332,1
DA:333,1
DA:335,1
DA:337,1
DA:338,1
DA:339,1
DA:343,0
DA:344,0
DA:348,1
DA:349,1
DA:356,1
DA:360,1
DA:361,1
DA:362,1
DA:365,0
DA:366,0
DA:367,0
DA:368,0
DA:371,1
DA:372,1
DA:373,1
DA:375,1
DA:376,1
DA:377,0
LF:130
LH:117
BRDA:93,0,0,8
BRDA:93,0,1,1
BRDA:99,1,0,8
BRDA:99,1,1,0
BRDA:133,2,0,1
BRDA:133,2,1,0
BRDA:136,3,0,1
BRDA:136,3,1,0
BRDA:145,4,0,5
BRDA:145,4,1,0
BRDA:149,5,0,5
BRDA:149,5,1,0
BRDA:176,6,0,0
BRDA:176,6,1,14
BRDA:243,7,0,1
BRDA:243,7,1,0
BRDA:288,8,0,0
BRF:17
BRH:9
end_of_record
TN:
SF:password.js
FN:44,encryptPassword
FN:59,decryptPassword
FNF:2
FNH:2
FNDA:6,encryptPassword
FNDA:10,decryptPassword
DA:35,2
DA:36,2
DA:37,2
DA:40,2
DA:41,0
DA:45,6
DA:46,6
DA:47,6
DA:48,6
DA:49,6
DA:50,6
DA:55,0
DA:60,10
DA:61,10
DA:62,9
DA:63,9
DA:64,9
DA:66,1
LF:18
LH:16
BRDA:40,0,0,0
BRDA:40,0,1,2
BRDA:40,1,0,2
BRDA:40,1,1,2
BRF:4
BRH:3
end_of_record
